Log file open, 12/27/20 09:59:34
LogInit: Display: Running engine for game: Inv_Farm
LogPlatformFile: Not using cached read wrapper
LogTaskGraph: Started task graph with 5 named threads and 23 total threads with 3 sets of task threads.
LogStats: Stats thread started at 0.880918
LogD3D11RHI: Loaded GFSDK_Aftermath_Lib.x64.dll
LogICUInternationalization: ICU TimeZone Detection - Raw Offset: +6:00, Platform Override: ''
LogPluginManager: Mounting plugin Paper2D
LogPluginManager: Mounting plugin AISupport
LogPluginManager: Mounting plugin LightPropagationVolume
LogPluginManager: Mounting plugin CameraShakePreviewer
LogPluginManager: Mounting plugin ActorLayerUtilities
LogPluginManager: Mounting plugin AnimationSharing
LogPluginManager: Mounting plugin CLionSourceCodeAccess
LogPluginManager: Mounting plugin CodeLiteSourceCodeAccess
LogPluginManager: Mounting plugin GitSourceControl
LogPluginManager: Mounting plugin KDevelopSourceCodeAccess
LogPluginManager: Mounting plugin NullSourceCodeAccess
LogPluginManager: Mounting plugin PerforceSourceControl
LogPluginManager: Mounting plugin PlasticSourceControl
LogPluginManager: Mounting plugin RiderSourceCodeAccess
LogPluginManager: Mounting plugin SubversionSourceControl
LogPluginManager: Mounting plugin UObjectPlugin
LogPluginManager: Mounting plugin VisualStudioCodeSourceCodeAccess
LogPluginManager: Mounting plugin VisualStudioSourceCodeAccess
LogPluginManager: Mounting plugin XCodeSourceCodeAccess
LogPluginManager: Mounting plugin AssetManagerEditor
LogPluginManager: Mounting plugin CryptoKeys
LogPluginManager: Mounting plugin CurveEditorTools
LogPluginManager: Mounting plugin DataValidation
LogPluginManager: Mounting plugin EditorScriptingUtilities
LogPluginManager: Mounting plugin FacialAnimation
LogPluginManager: Mounting plugin GameplayTagsEditor
LogPluginManager: Mounting plugin GeometryMode
LogPluginManager: Mounting plugin MacGraphicsSwitching
LogPluginManager: Mounting plugin MaterialAnalyzer
LogPluginManager: Mounting plugin MobileLauncherProfileWizard
LogPluginManager: Mounting plugin PluginBrowser
LogPluginManager: Mounting plugin SpeedTreeImporter
LogPluginManager: Mounting plugin DatasmithContent
LogPluginManager: Mounting plugin VariantManagerContent
LogPluginManager: Mounting plugin AlembicImporter
LogPluginManager: Mounting plugin AutomationUtils
LogPluginManager: Mounting plugin BackChannel
LogPluginManager: Mounting plugin ChaosCloth
LogPluginManager: Mounting plugin ChaosClothEditor
LogPluginManager: Mounting plugin ChaosEditor
LogPluginManager: Mounting plugin ChaosNiagara
LogPluginManager: Mounting plugin ChaosSolverPlugin
LogPluginManager: Mounting plugin CharacterAI
LogPluginManager: Mounting plugin GeometryCache
LogPluginManager: Mounting plugin GeometryCollectionPlugin
LogPluginManager: Mounting plugin GeometryProcessing
LogPluginManager: Mounting plugin PlanarCut
LogPluginManager: Mounting plugin PlatformCrypto
LogPluginManager: Mounting plugin ProxyLODPlugin
LogPluginManager: Mounting plugin SkeletalReduction
LogPluginManager: Mounting plugin Niagara
LogPluginManager: Mounting plugin MagicLeap
LogPluginManager: Mounting plugin MagicLeapLightEstimation
LogPluginManager: Mounting plugin MagicLeapMedia
LogPluginManager: Mounting plugin MagicLeapPassableWorld
LogPluginManager: Mounting plugin MLSDK
LogPluginManager: Mounting plugin AndroidMedia
LogPluginManager: Mounting plugin AvfMedia
LogPluginManager: Mounting plugin ImgMedia
LogPluginManager: Mounting plugin MediaCompositing
LogPluginManager: Mounting plugin MediaPlayerEditor
LogPluginManager: Mounting plugin WebMMedia
LogPluginManager: Mounting plugin WmfMedia
LogPluginManager: Mounting plugin MeshPainting
LogPluginManager: Mounting plugin TcpMessaging
LogPluginManager: Mounting plugin UdpMessaging
LogPluginManager: Mounting plugin ActorSequence
LogPluginManager: Mounting plugin LevelSequenceEditor
LogPluginManager: Mounting plugin MatineeToLevelSequence
LogPluginManager: Mounting plugin MovieRenderPipeline
LogPluginManager: Mounting plugin TemplateSequence
LogPluginManager: Mounting plugin NetcodeUnitTest
LogPluginManager: Mounting plugin NUTUnrealEngine4
LogPluginManager: Mounting plugin OnlineSubsystemGooglePlay
LogPluginManager: Mounting plugin OnlineSubsystemIOS
LogPluginManager: Mounting plugin OnlineSubsystem
LogPluginManager: Mounting plugin OnlineSubsystemNull
LogPluginManager: Mounting plugin OnlineSubsystemUtils
LogPluginManager: Mounting plugin LauncherChunkInstaller
LogPluginManager: Mounting plugin AndroidDeviceProfileSelector
LogPluginManager: Mounting plugin AndroidMoviePlayer
LogPluginManager: Mounting plugin AndroidPermission
LogPluginManager: Mounting plugin AppleImageUtils
LogPluginManager: Mounting plugin AppleMoviePlayer
LogPluginManager: Mounting plugin ArchVisCharacter
LogPluginManager: Mounting plugin AssetTags
LogPluginManager: Mounting plugin AudioCapture
LogPluginManager: Mounting plugin CableComponent
LogPluginManager: Mounting plugin CustomMeshComponent
LogPluginManager: Mounting plugin EditableMesh
LogPluginManager: Mounting plugin ExampleDeviceProfileSelector
LogPluginManager: Mounting plugin GoogleCloudMessaging
LogPluginManager: Mounting plugin GooglePAD
LogPluginManager: Mounting plugin IOSDeviceProfileSelector
LogPluginManager: Mounting plugin LinuxDeviceProfileSelector
LogPluginManager: Mounting plugin LocationServicesBPLibrary
LogPluginManager: Mounting plugin MobilePatchingUtils
LogPluginManager: Mounting plugin OculusVR
LogPluginManager: Mounting plugin PhysXVehicles
LogPluginManager: Mounting plugin PostSplashScreen
LogPluginManager: Mounting plugin ProceduralMeshComponent
LogPluginManager: Mounting plugin RuntimePhysXCooking
LogPluginManager: Mounting plugin SignificanceManager
LogPluginManager: Mounting plugin SoundFields
LogPluginManager: Mounting plugin SteamVR
LogPluginManager: Mounting plugin Synthesis
LogPluginManager: Mounting plugin WebMMoviePlayer
LogPluginManager: Mounting plugin WindowsMoviePlayer
LogPluginManager: Mounting plugin ScreenshotTools
LogInit: Using libcurl 7.55.1-DEV
LogInit:  - built for x86_64-pc-win32
LogInit:  - supports SSL with OpenSSL/1.1.1
LogInit:  - supports HTTP deflate (compression) using libz 1.2.8
LogInit:  - other features:
LogInit:      CURL_VERSION_SSL
LogInit:      CURL_VERSION_LIBZ
LogInit:      CURL_VERSION_IPV6
LogInit:      CURL_VERSION_ASYNCHDNS
LogInit:      CURL_VERSION_LARGEFILE
LogInit:      CURL_VERSION_IDN
LogInit:  CurlRequestOptions (configurable via config and command line):
LogInit:  - bVerifyPeer = true  - Libcurl will verify peer certificate
LogInit:  - bUseHttpProxy = false  - Libcurl will NOT use HTTP proxy
LogInit:  - bDontReuseConnections = false  - Libcurl will reuse connections
LogInit:  - MaxHostConnections = 16  - Libcurl will limit the number of connections to a host
LogInit:  - LocalHostAddr = Default
LogInit:  - BufferSize = 65536
LogOnline: OSS: Creating online subsystem instance for: NULL
LogInit: WinSock: version 1.1 (2.2), MaxSocks=32767, MaxUdp=65467
LogOnline: OSS: TryLoadSubsystemAndSetDefault: Loaded subsystem for module [NULL]
LogInit: Build: ++UE4+Release-4.25-CL-14469661
LogInit: Engine Version: 4.25.4-14469661+++UE4+Release-4.25
LogInit: Compatible Engine Version: 4.25.0-13144385+++UE4+Release-4.25
LogInit: Net CL: 13144385
LogInit: OS: Windows 10 (Release 2009) (), CPU: AMD Ryzen 5 3400G with Radeon Vega Graphics    , GPU: AMD Radeon(TM) RX Vega 11 Graphics
LogInit: Compiled (64-bit): Oct 11 2020 08:10:49
LogInit: Compiled with Visual C++: 19.24.28315.00
LogInit: Build Configuration: Development
LogInit: Branch Name: ++UE4+Release-4.25
LogInit: Command Line: 
LogInit: Base Directory: C:/Program Files/Epic Games/UE_4.25/Engine/Binaries/Win64/
LogInit: Allocator: TBB
LogInit: Installed Engine Build: 1
LogDevObjectVersion: Number of dev versions registered: 26
LogDevObjectVersion:   Dev-Blueprints (B0D832E4-1F89-4F0D-ACCF-7EB736FD4AA2): 10
LogDevObjectVersion:   Dev-Build (E1C64328-A22C-4D53-A36C-8E866417BD8C): 0
LogDevObjectVersion:   Dev-Core (375EC13C-06E4-48FB-B500-84F0262A717E): 4
LogDevObjectVersion:   Dev-Editor (E4B068ED-F494-42E9-A231-DA0B2E46BB41): 38
LogDevObjectVersion:   Dev-Framework (CFFC743F-43B0-4480-9391-14DF171D2073): 37
LogDevObjectVersion:   Dev-Mobile (B02B49B5-BB20-44E9-A304-32B752E40360): 2
LogDevObjectVersion:   Dev-Networking (A4E4105C-59A1-49B5-A7C5-40C4547EDFEE): 0
LogDevObjectVersion:   Dev-Online (39C831C9-5AE6-47DC-9A44-9C173E1C8E7C): 0
LogDevObjectVersion:   Dev-Physics (78F01B33-EBEA-4F98-B9B4-84EACCB95AA2): 4
LogDevObjectVersion:   Dev-Platform (6631380F-2D4D-43E0-8009-CF276956A95A): 0
LogDevObjectVersion:   Dev-Rendering (12F88B9F-8875-4AFC-A67C-D90C383ABD29): 43
LogDevObjectVersion:   Dev-Sequencer (7B5AE74C-D270-4C10-A958-57980B212A5A): 12
LogDevObjectVersion:   Dev-VR (D7296918-1DD6-4BDD-9DE2-64A83CC13884): 3
LogDevObjectVersion:   Dev-LoadTimes (C2A15278-BFE7-4AFE-6C17-90FF531DF755): 1
LogDevObjectVersion:   Private-Geometry (6EACA3D4-40EC-4CC1-B786-8BED09428FC5): 3
LogDevObjectVersion:   Dev-AnimPhys (29E575DD-E0A3-4627-9D10-D276232CDCEA): 17
LogDevObjectVersion:   Dev-Anim (AF43A65D-7FD3-4947-9873-3E8ED9C1BB05): 7
LogDevObjectVersion:   Dev-ReflectionCapture (6B266CEC-1EC7-4B8F-A30B-E4D90942FC07): 1
LogDevObjectVersion:   Dev-Automation (0DF73D61-A23F-47EA-B727-89E90C41499A): 1
LogDevObjectVersion:   FortniteMain (601D1886-AC64-4F84-AA16-D3DE0DEAC7D6): 31
LogDevObjectVersion:   Dev-Enterprise (9DFFBCD6-494F-0158-E221-12823C92A888): 10
LogDevObjectVersion:   Dev-Niagara (F2AED0AC-9AFE-416F-8664-AA7FFA26D6FC): 1
LogDevObjectVersion:   Dev-Destruction (174F1F0B-B4C6-45A5-B13F-2EE8D0FB917D): 10
LogDevObjectVersion:   Dev-Physics-Ext (35F94A83-E258-406C-A318-09F59610247C): 37
LogDevObjectVersion:   Dev-PhysicsMaterial-Chaos (B68FC16E-8B1B-42E2-B453-215C058844FE): 1
LogDevObjectVersion:   Dev-CineCamera (B2E18506-4273-CFC2-A54E-F4BB758BBA07): 1
LogInit: Presizing for max 25165824 objects, including 0 objects not considered by GC, pre-allocating 0 bytes for permanent pool.
LogConfig: Applying CVar settings from Section [/Script/Engine.StreamingSettings] File [D:/GameDev/UnrealProjects/GITHUB/IML/Client/Inv-Farming/Inv_Farm/Saved/Config/Windows/Engine.ini]
LogConfig: Setting CVar [[s.MinBulkDataSizeForAsyncLoading:131072]]
LogConfig: Setting CVar [[s.AsyncLoadingThreadEnabled:0]]
LogConfig: Setting CVar [[s.EventDrivenLoaderEnabled:1]]
LogConfig: Setting CVar [[s.WarnIfTimeLimitExceeded:0]]
LogConfig: Setting CVar [[s.TimeLimitExceededMultiplier:1.5]]
LogConfig: Setting CVar [[s.TimeLimitExceededMinTime:0.005]]
LogConfig: Setting CVar [[s.UseBackgroundLevelStreaming:1]]
LogConfig: Setting CVar [[s.PriorityAsyncLoadingExtraTime:15.0]]
LogConfig: Setting CVar [[s.LevelStreamingActorsUpdateTimeLimit:5.0]]
LogConfig: Setting CVar [[s.PriorityLevelStreamingActorsUpdateExtraTime:5.0]]
LogConfig: Setting CVar [[s.LevelStreamingComponentsRegistrationGranularity:10]]
LogConfig: Setting CVar [[s.UnregisterComponentsTimeLimit:1.0]]
LogConfig: Setting CVar [[s.LevelStreamingComponentsUnregistrationGranularity:5]]
LogConfig: Setting CVar [[s.FlushStreamingOnExit:1]]
LogInit: Object subsystem initialized
LogConfig: Setting CVar [[con.DebugEarlyDefault:1]]
LogConfig: Setting CVar [[r.setres:1280x720]]
[2020.12.27-03.59.35:350][  0]LogConfig: Setting CVar [[r.VSync:0]]
[2020.12.27-03.59.35:350][  0]LogConfig: Setting CVar [[r.RHICmdBypass:0]]
[2020.12.27-03.59.35:350][  0]LogConfig: Applying CVar settings from Section [/Script/Engine.RendererSettings] File [D:/GameDev/UnrealProjects/GITHUB/IML/Client/Inv-Farming/Inv_Farm/Saved/Config/Windows/Engine.ini]
[2020.12.27-03.59.35:350][  0]LogConfig: Setting CVar [[r.GPUCrashDebugging:0]]
[2020.12.27-03.59.35:351][  0]LogConfig: Applying CVar settings from Section [/Script/Engine.RendererOverrideSettings] File [D:/GameDev/UnrealProjects/GITHUB/IML/Client/Inv-Farming/Inv_Farm/Saved/Config/Windows/Engine.ini]
[2020.12.27-03.59.35:351][  0]LogConfig: Applying CVar settings from Section [/Script/Engine.StreamingSettings] File [D:/GameDev/UnrealProjects/GITHUB/IML/Client/Inv-Farming/Inv_Farm/Saved/Config/Windows/Engine.ini]
[2020.12.27-03.59.35:351][  0]LogConfig: Setting CVar [[s.MinBulkDataSizeForAsyncLoading:131072]]
[2020.12.27-03.59.35:351][  0]LogConfig: Setting CVar [[s.AsyncLoadingThreadEnabled:0]]
[2020.12.27-03.59.35:351][  0]LogConfig: Setting CVar [[s.EventDrivenLoaderEnabled:1]]
[2020.12.27-03.59.35:351][  0]LogConfig: Setting CVar [[s.WarnIfTimeLimitExceeded:0]]
[2020.12.27-03.59.35:351][  0]LogConfig: Setting CVar [[s.TimeLimitExceededMultiplier:1.5]]
[2020.12.27-03.59.35:351][  0]LogConfig: Setting CVar [[s.TimeLimitExceededMinTime:0.005]]
[2020.12.27-03.59.35:351][  0]LogConfig: Setting CVar [[s.UseBackgroundLevelStreaming:1]]
[2020.12.27-03.59.35:351][  0]LogConfig: Setting CVar [[s.PriorityAsyncLoadingExtraTime:15.0]]
[2020.12.27-03.59.35:351][  0]LogConfig: Setting CVar [[s.LevelStreamingActorsUpdateTimeLimit:5.0]]
[2020.12.27-03.59.35:351][  0]LogConfig: Setting CVar [[s.PriorityLevelStreamingActorsUpdateExtraTime:5.0]]
[2020.12.27-03.59.35:351][  0]LogConfig: Setting CVar [[s.LevelStreamingComponentsRegistrationGranularity:10]]
[2020.12.27-03.59.35:351][  0]LogConfig: Setting CVar [[s.UnregisterComponentsTimeLimit:1.0]]
[2020.12.27-03.59.35:351][  0]LogConfig: Setting CVar [[s.LevelStreamingComponentsUnregistrationGranularity:5]]
[2020.12.27-03.59.35:351][  0]LogConfig: Setting CVar [[s.FlushStreamingOnExit:1]]
[2020.12.27-03.59.35:351][  0]LogConfig: Applying CVar settings from Section [/Script/Engine.GarbageCollectionSettings] File [D:/GameDev/UnrealProjects/GITHUB/IML/Client/Inv-Farming/Inv_Farm/Saved/Config/Windows/Engine.ini]
[2020.12.27-03.59.35:351][  0]LogConfig: Setting CVar [[gc.MaxObjectsNotConsideredByGC:1]]
[2020.12.27-03.59.35:351][  0]LogConfig: Setting CVar [[gc.SizeOfPermanentObjectPool:0]]
[2020.12.27-03.59.35:351][  0]LogConfig: Setting CVar [[gc.FlushStreamingOnGC:0]]
[2020.12.27-03.59.35:351][  0]LogConfig: Setting CVar [[gc.NumRetriesBeforeForcingGC:10]]
[2020.12.27-03.59.35:351][  0]LogConfig: Setting CVar [[gc.AllowParallelGC:1]]
[2020.12.27-03.59.35:351][  0]LogConfig: Setting CVar [[gc.TimeBetweenPurgingPendingKillObjects:61.1]]
[2020.12.27-03.59.35:351][  0]LogConfig: Setting CVar [[gc.MaxObjectsInEditor:25165824]]
[2020.12.27-03.59.35:351][  0]LogConfig: Setting CVar [[gc.IncrementalBeginDestroyEnabled:1]]
[2020.12.27-03.59.35:351][  0]LogConfig: Setting CVar [[gc.CreateGCClusters:1]]
[2020.12.27-03.59.35:351][  0]LogConfig: Setting CVar [[gc.MinGCClusterSize:5]]
[2020.12.27-03.59.35:351][  0]LogConfig: Setting CVar [[gc.ActorClusteringEnabled:0]]
[2020.12.27-03.59.35:351][  0]LogConfig: Setting CVar [[gc.BlueprintClusteringEnabled:0]]
[2020.12.27-03.59.35:351][  0]LogConfig: Setting CVar [[gc.UseDisregardForGCOnDedicatedServers:0]]
[2020.12.27-03.59.35:351][  0]LogConfig: Applying CVar settings from Section [/Script/Engine.NetworkSettings] File [D:/GameDev/UnrealProjects/GITHUB/IML/Client/Inv-Farming/Inv_Farm/Saved/Config/Windows/Engine.ini]
[2020.12.27-03.59.35:351][  0]LogConfig: Applying CVar settings from Section [/Script/UnrealEd.CookerSettings] File [D:/GameDev/UnrealProjects/GITHUB/IML/Client/Inv-Farming/Inv_Farm/Saved/Config/Windows/Engine.ini]
[2020.12.27-03.59.35:356][  0]LogConfig: Applying CVar settings from Section [ViewDistanceQuality@3] File [D:/GameDev/UnrealProjects/GITHUB/IML/Client/Inv-Farming/Inv_Farm/Saved/Config/Windows/Scalability.ini]
[2020.12.27-03.59.35:356][  0]LogConfig: Setting CVar [[r.SkeletalMeshLODBias:0]]
[2020.12.27-03.59.35:356][  0]LogConfig: Setting CVar [[r.ViewDistanceScale:1.0]]
[2020.12.27-03.59.35:356][  0]LogConfig: Applying CVar settings from Section [AntiAliasingQuality@3] File [D:/GameDev/UnrealProjects/GITHUB/IML/Client/Inv-Farming/Inv_Farm/Saved/Config/Windows/Scalability.ini]
[2020.12.27-03.59.35:356][  0]LogConfig: Setting CVar [[r.PostProcessAAQuality:4]]
[2020.12.27-03.59.35:356][  0]LogConfig: Applying CVar settings from Section [ShadowQuality@3] File [D:/GameDev/UnrealProjects/GITHUB/IML/Client/Inv-Farming/Inv_Farm/Saved/Config/Windows/Scalability.ini]
[2020.12.27-03.59.35:356][  0]LogConfig: Setting CVar [[r.LightFunctionQuality:1]]
[2020.12.27-03.59.35:356][  0]LogConfig: Setting CVar [[r.ShadowQuality:5]]
[2020.12.27-03.59.35:356][  0]LogConfig: Setting CVar [[r.Shadow.CSM.MaxCascades:10]]
[2020.12.27-03.59.35:356][  0]LogConfig: Setting CVar [[r.Shadow.MaxResolution:2048]]
[2020.12.27-03.59.35:356][  0]LogConfig: Setting CVar [[r.Shadow.MaxCSMResolution:2048]]
[2020.12.27-03.59.35:356][  0]LogConfig: Setting CVar [[r.Shadow.RadiusThreshold:0.01]]
[2020.12.27-03.59.35:356][  0]LogConfig: Setting CVar [[r.Shadow.DistanceScale:1.0]]
[2020.12.27-03.59.35:356][  0]LogConfig: Setting CVar [[r.Shadow.CSM.TransitionScale:1.0]]
[2020.12.27-03.59.35:356][  0]LogConfig: Setting CVar [[r.Shadow.PreShadowResolutionFactor:1.0]]
[2020.12.27-03.59.35:356][  0]LogConfig: Setting CVar [[r.DistanceFieldShadowing:1]]
[2020.12.27-03.59.35:356][  0]LogConfig: Setting CVar [[r.DistanceFieldAO:1]]
[2020.12.27-03.59.35:356][  0]LogConfig: Setting CVar [[r.AOQuality:2]]
[2020.12.27-03.59.35:356][  0]LogConfig: Setting CVar [[r.VolumetricFog:1]]
[2020.12.27-03.59.35:356][  0]LogConfig: Setting CVar [[r.VolumetricFog.GridPixelSize:8]]
[2020.12.27-03.59.35:356][  0]LogConfig: Setting CVar [[r.VolumetricFog.GridSizeZ:128]]
[2020.12.27-03.59.35:356][  0]LogConfig: Setting CVar [[r.VolumetricFog.HistoryMissSupersampleCount:4]]
[2020.12.27-03.59.35:356][  0]LogConfig: Setting CVar [[r.LightMaxDrawDistanceScale:1]]
[2020.12.27-03.59.35:356][  0]LogConfig: Setting CVar [[r.CapsuleShadows:1]]
[2020.12.27-03.59.35:356][  0]LogConfig: Applying CVar settings from Section [PostProcessQuality@3] File [D:/GameDev/UnrealProjects/GITHUB/IML/Client/Inv-Farming/Inv_Farm/Saved/Config/Windows/Scalability.ini]
[2020.12.27-03.59.35:356][  0]LogConfig: Setting CVar [[r.MotionBlurQuality:4]]
[2020.12.27-03.59.35:356][  0]LogConfig: Setting CVar [[r.AmbientOcclusionMipLevelFactor:0.4]]
[2020.12.27-03.59.35:356][  0]LogConfig: Setting CVar [[r.AmbientOcclusionMaxQuality:100]]
[2020.12.27-03.59.35:356][  0]LogConfig: Setting CVar [[r.AmbientOcclusionLevels:-1]]
[2020.12.27-03.59.35:356][  0]LogConfig: Setting CVar [[r.AmbientOcclusionRadiusScale:1.0]]
[2020.12.27-03.59.35:356][  0]LogConfig: Setting CVar [[r.DepthOfFieldQuality:2]]
[2020.12.27-03.59.35:356][  0]LogConfig: Setting CVar [[r.RenderTargetPoolMin:400]]
[2020.12.27-03.59.35:356][  0]LogConfig: Setting CVar [[r.LensFlareQuality:2]]
[2020.12.27-03.59.35:356][  0]LogConfig: Setting CVar [[r.SceneColorFringeQuality:1]]
[2020.12.27-03.59.35:356][  0]LogConfig: Setting CVar [[r.EyeAdaptationQuality:2]]
[2020.12.27-03.59.35:356][  0]LogConfig: Setting CVar [[r.BloomQuality:5]]
[2020.12.27-03.59.35:356][  0]LogConfig: Setting CVar [[r.FastBlurThreshold:100]]
[2020.12.27-03.59.35:356][  0]LogConfig: Setting CVar [[r.Upscale.Quality:3]]
[2020.12.27-03.59.35:356][  0]LogConfig: Setting CVar [[r.Tonemapper.GrainQuantization:1]]
[2020.12.27-03.59.35:356][  0]LogConfig: Setting CVar [[r.LightShaftQuality:1]]
[2020.12.27-03.59.35:356][  0]LogConfig: Setting CVar [[r.Filter.SizeScale:1]]
[2020.12.27-03.59.35:356][  0]LogConfig: Setting CVar [[r.Tonemapper.Quality:5]]
[2020.12.27-03.59.35:356][  0]LogConfig: Setting CVar [[r.DOF.Gather.AccumulatorQuality:1        ; higher gathering accumulator quality]]
[2020.12.27-03.59.35:356][  0]LogConfig: Setting CVar [[r.DOF.Gather.PostfilterMethod:1          ; Median3x3 postfilering method]]
[2020.12.27-03.59.35:356][  0]LogConfig: Setting CVar [[r.DOF.Gather.EnableBokehSettings:0       ; no bokeh simulation when gathering]]
[2020.12.27-03.59.35:356][  0]LogConfig: Setting CVar [[r.DOF.Gather.RingCount:4                 ; medium number of samples when gathering]]
[2020.12.27-03.59.35:356][  0]LogConfig: Setting CVar [[r.DOF.Scatter.ForegroundCompositing:1    ; additive foreground scattering]]
[2020.12.27-03.59.35:356][  0]LogConfig: Setting CVar [[r.DOF.Scatter.BackgroundCompositing:2    ; additive background scattering]]
[2020.12.27-03.59.35:356][  0]LogConfig: Setting CVar [[r.DOF.Scatter.EnableBokehSettings:1      ; bokeh simulation when scattering]]
[2020.12.27-03.59.35:356][  0]LogConfig: Setting CVar [[r.DOF.Scatter.MaxSpriteRatio:0.1         ; only a maximum of 10% of scattered bokeh]]
[2020.12.27-03.59.35:356][  0]LogConfig: Setting CVar [[r.DOF.Recombine.Quality:1                ; cheap slight out of focus]]
[2020.12.27-03.59.35:356][  0]LogConfig: Setting CVar [[r.DOF.Recombine.EnableBokehSettings:0    ; no bokeh simulation on slight out of focus]]
[2020.12.27-03.59.35:356][  0]LogConfig: Setting CVar [[r.DOF.TemporalAAQuality:1                ; more stable temporal accumulation]]
[2020.12.27-03.59.35:356][  0]LogConfig: Setting CVar [[r.DOF.Kernel.MaxForegroundRadius:0.025]]
[2020.12.27-03.59.35:356][  0]LogConfig: Setting CVar [[r.DOF.Kernel.MaxBackgroundRadius:0.025]]
[2020.12.27-03.59.35:356][  0]LogConfig: Applying CVar settings from Section [TextureQuality@3] File [D:/GameDev/UnrealProjects/GITHUB/IML/Client/Inv-Farming/Inv_Farm/Saved/Config/Windows/Scalability.ini]
[2020.12.27-03.59.35:356][  0]LogConfig: Setting CVar [[r.Streaming.MipBias:0]]
[2020.12.27-03.59.35:356][  0]LogConfig: Setting CVar [[r.Streaming.AmortizeCPUToGPUCopy:0]]
[2020.12.27-03.59.35:356][  0]LogConfig: Setting CVar [[r.Streaming.MaxNumTexturesToStreamPerFrame:0]]
[2020.12.27-03.59.35:356][  0]LogConfig: Setting CVar [[r.Streaming.Boost:1]]
[2020.12.27-03.59.35:356][  0]LogConfig: Setting CVar [[r.MaxAnisotropy:8]]
[2020.12.27-03.59.35:356][  0]LogConfig: Setting CVar [[r.VT.MaxAnisotropy:8]]
[2020.12.27-03.59.35:356][  0]LogConfig: Setting CVar [[r.Streaming.LimitPoolSizeToVRAM:0]]
[2020.12.27-03.59.35:356][  0]LogConfig: Setting CVar [[r.Streaming.PoolSize:1000]]
[2020.12.27-03.59.35:356][  0]LogConfig: Setting CVar [[r.Streaming.MaxEffectiveScreenSize:0]]
[2020.12.27-03.59.35:356][  0]LogConfig: Applying CVar settings from Section [EffectsQuality@3] File [D:/GameDev/UnrealProjects/GITHUB/IML/Client/Inv-Farming/Inv_Farm/Saved/Config/Windows/Scalability.ini]
[2020.12.27-03.59.35:356][  0]LogConfig: Setting CVar [[r.TranslucencyLightingVolumeDim:64]]
[2020.12.27-03.59.35:356][  0]LogConfig: Setting CVar [[r.RefractionQuality:2]]
[2020.12.27-03.59.35:356][  0]LogConfig: Setting CVar [[r.SSR.Quality:3]]
[2020.12.27-03.59.35:356][  0]LogConfig: Setting CVar [[r.SSR.HalfResSceneColor:0]]
[2020.12.27-03.59.35:357][  0]LogConfig: Setting CVar [[r.SceneColorFormat:4]]
[2020.12.27-03.59.35:357][  0]LogConfig: Setting CVar [[r.DetailMode:2]]
[2020.12.27-03.59.35:357][  0]LogConfig: Setting CVar [[r.TranslucencyVolumeBlur:1]]
[2020.12.27-03.59.35:357][  0]LogConfig: Setting CVar [[r.MaterialQualityLevel:1 ; High quality]]
[2020.12.27-03.59.35:357][  0]LogConfig: Setting CVar [[r.SSS.Scale:1]]
[2020.12.27-03.59.35:357][  0]LogConfig: Setting CVar [[r.SSS.SampleSet:2]]
[2020.12.27-03.59.35:357][  0]LogConfig: Setting CVar [[r.SSS.Quality:1]]
[2020.12.27-03.59.35:357][  0]LogConfig: Setting CVar [[r.SSS.HalfRes:0]]
[2020.12.27-03.59.35:357][  0]LogConfig: Setting CVar [[r.SSGI.Quality:3]]
[2020.12.27-03.59.35:357][  0]LogConfig: Setting CVar [[r.EmitterSpawnRateScale:1.0]]
[2020.12.27-03.59.35:357][  0]LogConfig: Setting CVar [[r.ParticleLightQuality:2]]
[2020.12.27-03.59.35:357][  0]LogConfig: Setting CVar [[r.SkyAtmosphere.AerialPerspectiveLUT.FastApplyOnOpaque:1 ; Always have FastSkyLUT 1 in this case to avoid wrong sky]]
[2020.12.27-03.59.35:357][  0]LogConfig: Setting CVar [[r.SkyAtmosphere.AerialPerspectiveLUT.SampleCountPerSlice:1]]
[2020.12.27-03.59.35:357][  0]LogConfig: Setting CVar [[r.SkyAtmosphere.AerialPerspectiveLUT.DepthResolution:16.0]]
[2020.12.27-03.59.35:357][  0]LogConfig: Setting CVar [[r.SkyAtmosphere.FastSkyLUT:1]]
[2020.12.27-03.59.35:357][  0]LogConfig: Setting CVar [[r.SkyAtmosphere.FastSkyLUT.SampleCountMin:4.0]]
[2020.12.27-03.59.35:357][  0]LogConfig: Setting CVar [[r.SkyAtmosphere.FastSkyLUT.SampleCountMax:32.0]]
[2020.12.27-03.59.35:357][  0]LogConfig: Setting CVar [[r.SkyAtmosphere.SampleCountMin:4.0]]
[2020.12.27-03.59.35:357][  0]LogConfig: Setting CVar [[r.SkyAtmosphere.SampleCountMax:32.0]]
[2020.12.27-03.59.35:357][  0]LogConfig: Setting CVar [[r.SkyAtmosphere.TransmittanceLUT.UseSmallFormat:0]]
[2020.12.27-03.59.35:357][  0]LogConfig: Setting CVar [[r.SkyAtmosphere.TransmittanceLUT.SampleCount:10.0]]
[2020.12.27-03.59.35:357][  0]LogConfig: Setting CVar [[r.SkyAtmosphere.MultiScatteringLUT.SampleCount:15.0]]
[2020.12.27-03.59.35:357][  0]LogConfig: Applying CVar settings from Section [FoliageQuality@3] File [D:/GameDev/UnrealProjects/GITHUB/IML/Client/Inv-Farming/Inv_Farm/Saved/Config/Windows/Scalability.ini]
[2020.12.27-03.59.35:357][  0]LogConfig: Setting CVar [[foliage.DensityScale:1.0]]
[2020.12.27-03.59.35:357][  0]LogConfig: Setting CVar [[grass.DensityScale:1.0]]
[2020.12.27-03.59.35:357][  0]LogConfig: Applying CVar settings from Section [ShadingQuality@3] File [D:/GameDev/UnrealProjects/GITHUB/IML/Client/Inv-Farming/Inv_Farm/Saved/Config/Windows/Scalability.ini]
[2020.12.27-03.59.35:357][  0]LogConfig: Setting CVar [[r.HairStrands.SkyLighting.SampleCount:16]]
[2020.12.27-03.59.35:357][  0]LogConfig: Setting CVar [[r.HairStrands.SkyLighting.JitterIntegration:0]]
[2020.12.27-03.59.35:357][  0]LogConfig: Setting CVar [[r.HairStrands.SkyAO.SampleCount:16]]
[2020.12.27-03.59.35:357][  0]LogConfig: Setting CVar [[r.HairStrands.DeepShadow.SuperSampling:0]]
[2020.12.27-03.59.35:357][  0]LogConfig: Setting CVar [[r.HairStrands.VisibilityPPLL:0]]
[2020.12.27-03.59.35:357][  0]LogConfig: Setting CVar [[r.HairStrands.RasterizationScale:0.5]]
[2020.12.27-03.59.35:357][  0]LogConfig: Setting CVar [[r.HairStrands.VelocityRasterizationScale:1]]
[2020.12.27-03.59.35:357][  0]LogInit: Selected Device Profile: [Windows]
[2020.12.27-03.59.35:357][  0]LogInit: Applying CVar settings loaded from the selected device profile: [Windows]
[2020.12.27-03.59.35:358][  0]LogHAL: Display: Platform has ~ 6 GB [6373261312 / 8589934592 / 6], which maps to Smaller [LargestMinGB=32, LargerMinGB=12, DefaultMinGB=8, SmallerMinGB=6, SmallestMinGB=0)
[2020.12.27-03.59.35:359][  0]LogInit: Going up to parent DeviceProfile []
[2020.12.27-03.59.35:359][  0]LogConfig: Applying CVar settings from Section [ViewDistanceQuality@1] File [D:/GameDev/UnrealProjects/GITHUB/IML/Client/Inv-Farming/Inv_Farm/Saved/Config/Windows/Scalability.ini]
[2020.12.27-03.59.35:359][  0]LogConfig: Setting CVar [[r.SkeletalMeshLODBias:1]]
[2020.12.27-03.59.35:359][  0]LogConfig: Setting CVar [[r.ViewDistanceScale:0.6]]
[2020.12.27-03.59.35:359][  0]LogConfig: Applying CVar settings from Section [AntiAliasingQuality@1] File [D:/GameDev/UnrealProjects/GITHUB/IML/Client/Inv-Farming/Inv_Farm/Saved/Config/Windows/Scalability.ini]
[2020.12.27-03.59.35:359][  0]LogConfig: Setting CVar [[r.PostProcessAAQuality:2]]
[2020.12.27-03.59.35:359][  0]LogConfig: Applying CVar settings from Section [ShadowQuality@1] File [D:/GameDev/UnrealProjects/GITHUB/IML/Client/Inv-Farming/Inv_Farm/Saved/Config/Windows/Scalability.ini]
[2020.12.27-03.59.35:359][  0]LogConfig: Setting CVar [[r.LightFunctionQuality:1]]
[2020.12.27-03.59.35:359][  0]LogConfig: Setting CVar [[r.ShadowQuality:3]]
[2020.12.27-03.59.35:359][  0]LogConfig: Setting CVar [[r.Shadow.CSM.MaxCascades:1]]
[2020.12.27-03.59.35:359][  0]LogConfig: Setting CVar [[r.Shadow.MaxResolution:1024]]
[2020.12.27-03.59.35:359][  0]LogConfig: Setting CVar [[r.Shadow.MaxCSMResolution:1024]]
[2020.12.27-03.59.35:359][  0]LogConfig: Setting CVar [[r.Shadow.RadiusThreshold:0.05]]
[2020.12.27-03.59.35:359][  0]LogConfig: Setting CVar [[r.Shadow.DistanceScale:0.7]]
[2020.12.27-03.59.35:359][  0]LogConfig: Setting CVar [[r.Shadow.CSM.TransitionScale:0.25]]
[2020.12.27-03.59.35:359][  0]LogConfig: Setting CVar [[r.Shadow.PreShadowResolutionFactor:0.5]]
[2020.12.27-03.59.35:359][  0]LogConfig: Setting CVar [[r.DistanceFieldShadowing:0]]
[2020.12.27-03.59.35:359][  0]LogConfig: Setting CVar [[r.DistanceFieldAO:0]]
[2020.12.27-03.59.35:359][  0]LogConfig: Setting CVar [[r.VolumetricFog:0]]
[2020.12.27-03.59.35:359][  0]LogConfig: Setting CVar [[r.LightMaxDrawDistanceScale:.5]]
[2020.12.27-03.59.35:359][  0]LogConfig: Setting CVar [[r.CapsuleShadows:1]]
[2020.12.27-03.59.35:359][  0]LogConfig: Applying CVar settings from Section [PostProcessQuality@1] File [D:/GameDev/UnrealProjects/GITHUB/IML/Client/Inv-Farming/Inv_Farm/Saved/Config/Windows/Scalability.ini]
[2020.12.27-03.59.35:359][  0]LogConfig: Setting CVar [[r.MotionBlurQuality:3]]
[2020.12.27-03.59.35:359][  0]LogConfig: Setting CVar [[r.AmbientOcclusionMipLevelFactor:1.0]]
[2020.12.27-03.59.35:359][  0]LogConfig: Setting CVar [[r.AmbientOcclusionMaxQuality:60]]
[2020.12.27-03.59.35:359][  0]LogConfig: Setting CVar [[r.AmbientOcclusionLevels:-1]]
[2020.12.27-03.59.35:359][  0]LogConfig: Setting CVar [[r.AmbientOcclusionRadiusScale:1.5]]
[2020.12.27-03.59.35:359][  0]LogConfig: Setting CVar [[r.DepthOfFieldQuality:1]]
[2020.12.27-03.59.35:359][  0]LogConfig: Setting CVar [[r.RenderTargetPoolMin:350]]
[2020.12.27-03.59.35:359][  0]LogConfig: Setting CVar [[r.LensFlareQuality:0]]
[2020.12.27-03.59.35:359][  0]LogConfig: Setting CVar [[r.SceneColorFringeQuality:0]]
[2020.12.27-03.59.35:359][  0]LogConfig: Setting CVar [[r.EyeAdaptationQuality:0]]
[2020.12.27-03.59.35:359][  0]LogConfig: Setting CVar [[r.BloomQuality:4]]
[2020.12.27-03.59.35:359][  0]LogConfig: Setting CVar [[r.FastBlurThreshold:2]]
[2020.12.27-03.59.35:359][  0]LogConfig: Setting CVar [[r.Upscale.Quality:2]]
[2020.12.27-03.59.35:359][  0]LogConfig: Setting CVar [[r.Tonemapper.GrainQuantization:0]]
[2020.12.27-03.59.35:359][  0]LogConfig: Setting CVar [[r.LightShaftQuality:0]]
[2020.12.27-03.59.35:359][  0]LogConfig: Setting CVar [[r.Filter.SizeScale:0.7]]
[2020.12.27-03.59.35:359][  0]LogConfig: Setting CVar [[r.Tonemapper.Quality:2]]
[2020.12.27-03.59.35:359][  0]LogConfig: Setting CVar [[r.DOF.Gather.AccumulatorQuality:0        ; lower gathering accumulator quality]]
[2020.12.27-03.59.35:359][  0]LogConfig: Setting CVar [[r.DOF.Gather.PostfilterMethod:2          ; Max3x3 postfilering method]]
[2020.12.27-03.59.35:359][  0]LogConfig: Setting CVar [[r.DOF.Gather.EnableBokehSettings:0       ; no bokeh simulation when gathering]]
[2020.12.27-03.59.35:359][  0]LogConfig: Setting CVar [[r.DOF.Gather.RingCount:3                 ; low number of samples when gathering]]
[2020.12.27-03.59.35:359][  0]LogConfig: Setting CVar [[r.DOF.Scatter.ForegroundCompositing:0    ; no foreground scattering]]
[2020.12.27-03.59.35:359][  0]LogConfig: Setting CVar [[r.DOF.Scatter.BackgroundCompositing:0    ; no foreground scattering]]
[2020.12.27-03.59.35:359][  0]LogConfig: Setting CVar [[r.DOF.Recombine.Quality:0                ; no slight out of focus]]
[2020.12.27-03.59.35:360][  0]LogConfig: Setting CVar [[r.DOF.TemporalAAQuality:0                ; faster temporal accumulation]]
[2020.12.27-03.59.35:360][  0]LogConfig: Setting CVar [[r.DOF.Kernel.MaxForegroundRadius:0.006   ; required because low gathering and no scattering and not looking great at 1080p]]
[2020.12.27-03.59.35:360][  0]LogConfig: Setting CVar [[r.DOF.Kernel.MaxBackgroundRadius:0.006   ; required because low gathering and no scattering and not looking great at 1080p]]
[2020.12.27-03.59.35:360][  0]LogConfig: Applying CVar settings from Section [TextureQuality@1] File [D:/GameDev/UnrealProjects/GITHUB/IML/Client/Inv-Farming/Inv_Farm/Saved/Config/Windows/Scalability.ini]
[2020.12.27-03.59.35:360][  0]LogConfig: Setting CVar [[r.Streaming.MipBias:1]]
[2020.12.27-03.59.35:360][  0]LogConfig: Setting CVar [[r.Streaming.AmortizeCPUToGPUCopy:0]]
[2020.12.27-03.59.35:360][  0]LogConfig: Setting CVar [[r.Streaming.MaxNumTexturesToStreamPerFrame:0]]
[2020.12.27-03.59.35:360][  0]LogConfig: Setting CVar [[r.Streaming.Boost:1]]
[2020.12.27-03.59.35:360][  0]LogConfig: Setting CVar [[r.MaxAnisotropy:2]]
[2020.12.27-03.59.35:360][  0]LogConfig: Setting CVar [[r.VT.MaxAnisotropy:4]]
[2020.12.27-03.59.35:360][  0]LogConfig: Setting CVar [[r.Streaming.LimitPoolSizeToVRAM:1]]
[2020.12.27-03.59.35:360][  0]LogConfig: Setting CVar [[r.Streaming.PoolSize:600]]
[2020.12.27-03.59.35:360][  0]LogConfig: Setting CVar [[r.Streaming.MaxEffectiveScreenSize:0]]
[2020.12.27-03.59.35:360][  0]LogConfig: Applying CVar settings from Section [EffectsQuality@1] File [D:/GameDev/UnrealProjects/GITHUB/IML/Client/Inv-Farming/Inv_Farm/Saved/Config/Windows/Scalability.ini]
[2020.12.27-03.59.35:360][  0]LogConfig: Setting CVar [[r.TranslucencyLightingVolumeDim:32]]
[2020.12.27-03.59.35:360][  0]LogConfig: Setting CVar [[r.RefractionQuality:0]]
[2020.12.27-03.59.35:360][  0]LogConfig: Setting CVar [[r.SSR.Quality:0]]
[2020.12.27-03.59.35:360][  0]LogConfig: Setting CVar [[r.SSR.HalfResSceneColor:1]]
[2020.12.27-03.59.35:360][  0]LogConfig: Setting CVar [[r.SceneColorFormat:3]]
[2020.12.27-03.59.35:360][  0]LogConfig: Setting CVar [[r.DetailMode:1]]
[2020.12.27-03.59.35:360][  0]LogConfig: Setting CVar [[r.TranslucencyVolumeBlur:0]]
[2020.12.27-03.59.35:360][  0]LogConfig: Setting CVar [[r.MaterialQualityLevel:2 ; Medium quality]]
[2020.12.27-03.59.35:360][  0]LogConfig: Setting CVar [[r.SSS.Scale:0.75]]
[2020.12.27-03.59.35:360][  0]LogConfig: Setting CVar [[r.SSS.SampleSet:0]]
[2020.12.27-03.59.35:360][  0]LogConfig: Setting CVar [[r.SSS.Quality:0]]
[2020.12.27-03.59.35:360][  0]LogConfig: Setting CVar [[r.SSS.HalfRes:1]]
[2020.12.27-03.59.35:360][  0]LogConfig: Setting CVar [[r.SSGI.Quality:1]]
[2020.12.27-03.59.35:360][  0]LogConfig: Setting CVar [[r.EmitterSpawnRateScale:0.25]]
[2020.12.27-03.59.35:360][  0]LogConfig: Setting CVar [[r.ParticleLightQuality:0]]
[2020.12.27-03.59.35:360][  0]LogConfig: Setting CVar [[r.SkyAtmosphere.AerialPerspectiveLUT.FastApplyOnOpaque:1 ; Always have FastSkyLUT 1 in this case to avoid wrong sky]]
[2020.12.27-03.59.35:360][  0]LogConfig: Setting CVar [[r.SkyAtmosphere.AerialPerspectiveLUT.SampleCountPerSlice:1]]
[2020.12.27-03.59.35:360][  0]LogConfig: Setting CVar [[r.SkyAtmosphere.AerialPerspectiveLUT.DepthResolution:16.0]]
[2020.12.27-03.59.35:360][  0]LogConfig: Setting CVar [[r.SkyAtmosphere.FastSkyLUT:1]]
[2020.12.27-03.59.35:360][  0]LogConfig: Setting CVar [[r.SkyAtmosphere.FastSkyLUT.SampleCountMin:4.0]]
[2020.12.27-03.59.35:360][  0]LogConfig: Setting CVar [[r.SkyAtmosphere.FastSkyLUT.SampleCountMax:32.0]]
[2020.12.27-03.59.35:360][  0]LogConfig: Setting CVar [[r.SkyAtmosphere.SampleCountMin:4.0]]
[2020.12.27-03.59.35:360][  0]LogConfig: Setting CVar [[r.SkyAtmosphere.SampleCountMax:32.0]]
[2020.12.27-03.59.35:360][  0]LogConfig: Setting CVar [[r.SkyAtmosphere.TransmittanceLUT.UseSmallFormat:0]]
[2020.12.27-03.59.35:360][  0]LogConfig: Setting CVar [[r.SkyAtmosphere.TransmittanceLUT.SampleCount:10.0]]
[2020.12.27-03.59.35:360][  0]LogConfig: Setting CVar [[r.SkyAtmosphere.MultiScatteringLUT.SampleCount:15.0]]
[2020.12.27-03.59.35:360][  0]LogConfig: Applying CVar settings from Section [FoliageQuality@1] File [D:/GameDev/UnrealProjects/GITHUB/IML/Client/Inv-Farming/Inv_Farm/Saved/Config/Windows/Scalability.ini]
[2020.12.27-03.59.35:360][  0]LogConfig: Setting CVar [[foliage.DensityScale:0.4]]
[2020.12.27-03.59.35:360][  0]LogConfig: Setting CVar [[grass.DensityScale:0.4]]
[2020.12.27-03.59.35:360][  0]LogConfig: Applying CVar settings from Section [ShadingQuality@1] File [D:/GameDev/UnrealProjects/GITHUB/IML/Client/Inv-Farming/Inv_Farm/Saved/Config/Windows/Scalability.ini]
[2020.12.27-03.59.35:360][  0]LogConfig: Setting CVar [[r.HairStrands.SkyLighting.SampleCount:16]]
[2020.12.27-03.59.35:360][  0]LogConfig: Setting CVar [[r.HairStrands.SkyLighting.JitterIntegration:0]]
[2020.12.27-03.59.35:360][  0]LogConfig: Setting CVar [[r.HairStrands.SkyAO.SampleCount:16]]
[2020.12.27-03.59.35:360][  0]LogConfig: Setting CVar [[r.HairStrands.DeepShadow.SuperSampling:0]]
[2020.12.27-03.59.35:360][  0]LogConfig: Setting CVar [[r.HairStrands.VisibilityPPLL:0]]
[2020.12.27-03.59.35:360][  0]LogConfig: Setting CVar [[r.HairStrands.RasterizationScale:0.5]]
[2020.12.27-03.59.35:360][  0]LogConfig: Setting CVar [[r.HairStrands.VelocityRasterizationScale:1]]
[2020.12.27-03.59.35:360][  0]LogConfig: Applying CVar settings from Section [Startup] File [../../../Engine/Config/ConsoleVariables.ini]
[2020.12.27-03.59.35:369][  0]LogConfig: Setting CVar [[net.UseAdaptiveNetUpdateFrequency:0]]
[2020.12.27-03.59.35:369][  0]LogConfig: Setting CVar [[p.chaos.AllowCreatePhysxBodies:1]]
[2020.12.27-03.59.35:369][  0]LogConfig: Setting CVar [[fx.SkipVectorVMBackendOptimizations:1]]
[2020.12.27-03.59.35:369][  0]LogConfig: Applying CVar settings from Section [ConsoleVariables] File [D:/GameDev/UnrealProjects/GITHUB/IML/Client/Inv-Farming/Inv_Farm/Saved/Config/Windows/Engine.ini]
[2020.12.27-03.59.35:372][  0]LogInit: Computer: DESKTOP-TSO8MN9
[2020.12.27-03.59.35:372][  0]LogInit: User: farha
[2020.12.27-03.59.35:372][  0]LogInit: CPU Page size=4096, Cores=4
[2020.12.27-03.59.35:372][  0]LogInit: High frequency timer resolution =10.000000 MHz
[2020.12.27-03.59.35:372][  0]LogMemory: Memory total: Physical=5.9GB (6GB approx)
[2020.12.27-03.59.35:372][  0]LogMemory: Platform Memory Stats for Windows
[2020.12.27-03.59.35:373][  0]LogMemory: Process Physical Memory: 115.19 MB used, 115.19 MB peak
[2020.12.27-03.59.35:373][  0]LogMemory: Process Virtual Memory: 97.86 MB used, 97.86 MB peak
[2020.12.27-03.59.35:373][  0]LogMemory: Physical Memory: 3457.20 MB used,  2620.81 MB free, 6078.02 MB total
[2020.12.27-03.59.35:373][  0]LogMemory: Virtual Memory: 5146.96 MB used,  134212584.00 MB free, 134217728.00 MB total
[2020.12.27-03.59.35:379][  0]LogWindows: WindowsPlatformFeatures enabled
[2020.12.27-03.59.35:510][  0]LogInit: Physics initialised using underlying interface: PhysX
[2020.12.27-03.59.35:513][  0]LogInit: Using OS detected language (en-US).
[2020.12.27-03.59.35:513][  0]LogInit: Using OS detected locale (en-US).
[2020.12.27-03.59.35:535][  0]LogTextLocalizationManager: No specific localization for 'en-US' exists, so the 'en' localization will be used.
[2020.12.27-03.59.35:861][  0]LogInit: Setting process to per monitor DPI aware
[2020.12.27-03.59.35:939][  0]LogSlate: New Slate User Created.  User Index 0, Is Virtual User: 0
[2020.12.27-03.59.35:939][  0]LogSlate: Slate User Registered.  User Index 0, Is Virtual User: 0
[2020.12.27-03.59.36:252][  0]LogHMD: Failed to initialize OpenVR with code 110
[2020.12.27-03.59.36:252][  0]LogD3D11RHI: D3D11 min allowed feature level: 11_0
[2020.12.27-03.59.36:252][  0]LogD3D11RHI: D3D11 max allowed feature level: 11_0
[2020.12.27-03.59.36:252][  0]LogD3D11RHI: D3D11 adapters:
[2020.12.27-03.59.36:292][  0]LogD3D11RHI:    0. 'AMD Radeon(TM) RX Vega 11 Graphics' (Feature Level 11_0)
[2020.12.27-03.59.36:292][  0]LogD3D11RHI:       2033/0/3039 MB DedicatedVideo/DedicatedSystem/SharedSystem, Outputs:1, VendorId:0x1002
[2020.12.27-03.59.36:294][  0]LogD3D11RHI:    1. 'Microsoft Basic Render Driver' (Feature Level 11_0)
[2020.12.27-03.59.36:294][  0]LogD3D11RHI:       0/0/3039 MB DedicatedVideo/DedicatedSystem/SharedSystem, Outputs:0, VendorId:0x1414
[2020.12.27-03.59.36:294][  0]LogD3D11RHI: Chosen D3D11 Adapter: 0
[2020.12.27-03.59.36:302][  0]LogD3D11RHI: Creating new Direct3DDevice
[2020.12.27-03.59.36:302][  0]LogD3D11RHI:     GPU DeviceId: 0x15d8 (for the marketing name, search the web for "GPU Device Id")
[2020.12.27-03.59.36:302][  0]LogWindows: EnumDisplayDevices:
[2020.12.27-03.59.36:302][  0]LogWindows:    0. 'AMD Radeon(TM) RX Vega 11 Graphics' (P:1 D:1)
[2020.12.27-03.59.36:302][  0]LogWindows:    1. 'AMD Radeon(TM) RX Vega 11 Graphics' (P:0 D:0)
[2020.12.27-03.59.36:303][  0]LogWindows:    2. 'AMD Radeon(TM) RX Vega 11 Graphics' (P:0 D:0)
[2020.12.27-03.59.36:303][  0]LogWindows:    3. 'AMD Radeon(TM) RX Vega 11 Graphics' (P:0 D:0)
[2020.12.27-03.59.36:303][  0]LogWindows:    4. 'AMD Radeon(TM) RX Vega 11 Graphics' (P:0 D:0)
[2020.12.27-03.59.36:303][  0]LogWindows:    5. 'AMD Radeon(TM) RX Vega 11 Graphics' (P:0 D:0)
[2020.12.27-03.59.36:304][  0]LogWindows: DebugString: FoundDriverCount:6 
[2020.12.27-03.59.36:304][  0]LogD3D11RHI:     Adapter Name: AMD Radeon(TM) RX Vega 11 Graphics
[2020.12.27-03.59.36:304][  0]LogD3D11RHI:   Driver Version: Adrenalin 2020 20.11.2 (internal:27.20.14501.18003, unified:27.20.14501.18003)
[2020.12.27-03.59.36:304][  0]LogD3D11RHI:      Driver Date: 11-13-2020
[2020.12.27-03.59.36:305][  0]LogRHI: Texture pool is 3195 MB (70% of 4565 MB)
[2020.12.27-03.59.36:360][  0]LogD3D11RHI: RHI has support for 64 bit atomics
[2020.12.27-03.59.36:361][  0]LogD3D11RHI: Async texture creation enabled
[2020.12.27-03.59.36:361][  0]LogD3D11RHI: Array index from any shader is supported
[2020.12.27-03.59.36:390][  0]LogD3D11RHI: GPU Timing Frequency: 25.000000 (Debug: 2 1)
[2020.12.27-03.59.36:812][  0]LogTargetPlatformManager: Display: Loaded TargetPlatform 'AllDesktop'
[2020.12.27-03.59.36:838][  0]LogTargetPlatformManager: Display: Loaded TargetPlatform 'Android'
[2020.12.27-03.59.36:838][  0]LogTargetPlatformManager: Display: Loaded TargetPlatform 'Android_ASTC'
[2020.12.27-03.59.36:838][  0]LogTargetPlatformManager: Display: Loaded TargetPlatform 'Android_DXT'
[2020.12.27-03.59.36:838][  0]LogTargetPlatformManager: Display: Loaded TargetPlatform 'Android_ETC2'
[2020.12.27-03.59.36:838][  0]LogTargetPlatformManager: Display: Loaded TargetPlatform 'AndroidClient'
[2020.12.27-03.59.36:838][  0]LogTargetPlatformManager: Display: Loaded TargetPlatform 'Android_ASTCClient'
[2020.12.27-03.59.36:838][  0]LogTargetPlatformManager: Display: Loaded TargetPlatform 'Android_DXTClient'
[2020.12.27-03.59.36:838][  0]LogTargetPlatformManager: Display: Loaded TargetPlatform 'Android_ETC2Client'
[2020.12.27-03.59.36:838][  0]LogTargetPlatformManager: Display: Loaded TargetPlatform 'Android_Multi'
[2020.12.27-03.59.36:838][  0]LogTargetPlatformManager: Display: Loaded TargetPlatform 'Android_MultiClient'
[2020.12.27-03.59.36:878][  0]LogTargetPlatformManager: Display: Loaded TargetPlatform 'IOSClient'
[2020.12.27-03.59.36:878][  0]LogTargetPlatformManager: Display: Loaded TargetPlatform 'IOS'
[2020.12.27-03.59.36:902][  0]LogTargetPlatformManager: Display: Loaded TargetPlatform 'Linux'
[2020.12.27-03.59.36:913][  0]LogTargetPlatformManager: Display: Loaded TargetPlatform 'LinuxNoEditor'
[2020.12.27-03.59.36:924][  0]LogTargetPlatformManager: Display: Loaded TargetPlatform 'LinuxClient'
[2020.12.27-03.59.36:936][  0]LogTargetPlatformManager: Display: Loaded TargetPlatform 'LinuxServer'
[2020.12.27-03.59.36:947][  0]LogTargetPlatformManager: Display: Loaded TargetPlatform 'LinuxAArch64NoEditor'
[2020.12.27-03.59.36:959][  0]LogTargetPlatformManager: Display: Loaded TargetPlatform 'LinuxAArch64Client'
[2020.12.27-03.59.36:970][  0]LogTargetPlatformManager: Display: Loaded TargetPlatform 'LinuxAArch64Server'
[2020.12.27-03.59.37:001][  0]LogTargetPlatformManager: Display: Loaded TargetPlatform 'Lumin'
[2020.12.27-03.59.37:001][  0]LogTargetPlatformManager: Display: Loaded TargetPlatform 'LuminClient'
[2020.12.27-03.59.37:020][  0]LogTargetPlatformManager: Display: Loaded TargetPlatform 'TVOSClient'
[2020.12.27-03.59.37:020][  0]LogTargetPlatformManager: Display: Loaded TargetPlatform 'TVOS'
[2020.12.27-03.59.37:034][  0]LogTargetPlatformManager: Display: Loaded TargetPlatform 'WindowsNoEditor'
[2020.12.27-03.59.37:046][  0]LogTargetPlatformManager: Display: Loaded TargetPlatform 'Windows'
[2020.12.27-03.59.37:057][  0]LogTargetPlatformManager: Display: Loaded TargetPlatform 'WindowsClient'
[2020.12.27-03.59.37:068][  0]LogTargetPlatformManager: Display: Loaded TargetPlatform 'WindowsServer'
[2020.12.27-03.59.37:069][  0]LogTargetPlatformManager: Display: Building Assets For Windows
[2020.12.27-03.59.37:086][  0]LogAudioDebug: Display: Lib vorbis DLL was dynamically loaded.
[2020.12.27-03.59.37:210][  0]LogShaderCompilers: Guid format shader working directory is -18 characters bigger than the processId version (D:/GameDev/UnrealProjects/GITHUB/IML/Client/Inv-Farming/Inv_Farm/Intermediate/Shaders/WorkingDirectory/6524/).
[2020.12.27-03.59.37:210][  0]LogShaderCompilers: Cleaned the shader compiler working directory 'C:/Users/farha/AppData/Local/Temp/UnrealShaderWorkingDir/B8F89EAE4840B830DB169F9AE3F82F1D/'.
[2020.12.27-03.59.37:211][  0]LogXGEController: Cleaning working directory: C:/Users/farha/AppData/Local/Temp/UnrealXGEWorkingDir/
[2020.12.27-03.59.37:212][  0]LogXGEController: Cannot use XGE Controller as Incredibuild is not installed on this machine.
[2020.12.27-03.59.37:212][  0]LogShaderCompilers: Cannot use XGE Shader Compiler as Incredibuild is not installed on this machine.
[2020.12.27-03.59.37:212][  0]LogShaderCompilers: Display: Using Local Shader Compiler.
[2020.12.27-03.59.38:136][  0]LogDerivedDataCache: Display: Max Cache Size: 512 MB
[2020.12.27-03.59.38:338][  0]LogDerivedDataCache: Loaded boot cache 0.20s 75MB C:/Users/farha/AppData/Local/UnrealEngine/4.25/DerivedDataCache/Boot.ddc.
[2020.12.27-03.59.38:338][  0]LogDerivedDataCache: Display: Loaded Boot cache: C:/Users/farha/AppData/Local/UnrealEngine/4.25/DerivedDataCache/Boot.ddc
[2020.12.27-03.59.38:338][  0]LogDerivedDataCache: FDerivedDataBackendGraph:  Pak pak cache file D:/GameDev/UnrealProjects/GITHUB/IML/Client/Inv-Farming/Inv_Farm/DerivedDataCache/DDC.ddp not found, will not use a pak cache.
[2020.12.27-03.59.38:338][  0]LogDerivedDataCache: Unable to find inner node Pak for hierarchical cache Hierarchy.
[2020.12.27-03.59.38:338][  0]LogDerivedDataCache: FDerivedDataBackendGraph:  CompressedPak pak cache file D:/GameDev/UnrealProjects/GITHUB/IML/Client/Inv-Farming/Inv_Farm/DerivedDataCache/Compressed.ddp not found, will not use a pak cache.
[2020.12.27-03.59.38:338][  0]LogDerivedDataCache: Unable to find inner node CompressedPak for hierarchical cache Hierarchy.
[2020.12.27-03.59.38:351][  0]LogDerivedDataCache: Display: Pak cache opened for reading ../../../Engine/DerivedDataCache/Compressed.ddp.
[2020.12.27-03.59.38:351][  0]LogDerivedDataCache: FDerivedDataBackendGraph:  EnterprisePak pak cache file ../../../Enterprise/DerivedDataCache/Compressed.ddp not found, will not use a pak cache.
[2020.12.27-03.59.38:351][  0]LogDerivedDataCache: Unable to find inner node EnterprisePak for hierarchical cache Hierarchy.
[2020.12.27-03.59.38:353][  0]LogDerivedDataCache: Using Local data cache path C:/Users/farha/AppData/Local/UnrealEngine/Common/DerivedDataCache: Writable
[2020.12.27-03.59.38:353][  0]LogDerivedDataCache: Shared data cache path not found in *engine.ini, will not use an Shared cache.
[2020.12.27-03.59.38:353][  0]LogDerivedDataCache: Unable to find inner node Shared for hierarchical cache Hierarchy.
[2020.12.27-03.59.38:408][  0]LogSlate: Using FreeType 2.10.0
[2020.12.27-03.59.38:411][  0]LogSlate: SlateFontServices - WITH_FREETYPE: 1, WITH_HARFBUZZ: 1
[2020.12.27-03.59.38:454][  0]LogAssetRegistry: FAssetRegistry took 0.0045 seconds to start up
[2020.12.27-03.59.38:979][  0]LogInit: Selected Device Profile: [Windows]
[2020.12.27-03.59.39:250][  0]LogMeshReduction: Using QuadricMeshReduction for automatic static mesh reduction
[2020.12.27-03.59.39:250][  0]LogMeshReduction: Using SimplygonMeshReduction for automatic skeletal mesh reduction
[2020.12.27-03.59.39:250][  0]LogMeshReduction: Using ProxyLODMeshReduction for automatic mesh merging
[2020.12.27-03.59.39:250][  0]LogMeshReduction: No distributed automatic mesh merging module available
[2020.12.27-03.59.39:251][  0]LogMeshMerging: No distributed automatic mesh merging module available
[2020.12.27-03.59.39:352][  0]LogNetVersion: Inv_Farm 1.0.0, NetCL: 13144385, EngineNetVer: 14, GameNetVer: 0 (Checksum: 3136826641)
[2020.12.27-03.59.40:824][  0]LogAISub: UAISubsystem::UAISubsystem AISubsystem (000001518981E8C0), frame # 0
[2020.12.27-03.59.40:824][  0]LogAISub: UAISubsystem::UAISubsystem AIPerceptionSystem (000001518A6C6AC0), frame # 0
[2020.12.27-03.59.40:829][  0]LogAISub: UAISubsystem::UAISubsystem EnvQueryManager (000001518980E600), frame # 0
[2020.12.27-03.59.40:962][  0]LogPackageLocalizationCache: Processed 19 localized package path(s) for 1 prioritized culture(s) in 0.100822 seconds
[2020.12.27-03.59.40:976][  0]LogUObjectArray: 15913 objects as part of root set at end of initial load.
[2020.12.27-03.59.40:976][  0]LogUObjectAllocator: 3964304 out of 0 bytes used by permanent object pool.
[2020.12.27-03.59.40:976][  0]LogUObjectArray: CloseDisregardForGC: 0/0 objects in disregard for GC pool
[2020.12.27-03.59.42:249][  0]LogTcpMessaging: Initializing TcpMessaging bridge
[2020.12.27-03.59.42:257][  0]LogUdpMessaging: Initializing bridge on interface 0.0.0.0:0 to multicast group 230.0.0.1:6666.
[2020.12.27-03.59.42:523][  0]SourceControl: Source control is disabled
[2020.12.27-03.59.42:524][  0]SourceControl: Source control is disabled
[2020.12.27-03.59.42:536][  0]SourceControl: Source control is disabled
[2020.12.27-03.59.42:544][  0]SourceControl: Source control is disabled
[2020.12.27-03.59.42:585][  0]SourceControl: Source control is disabled
[2020.12.27-03.59.42:628][  0]LogVSAccessor: Display: Unable to create Visual Studio setup instance: 80040154
[2020.12.27-03.59.42:629][  0]LogVSAccessor: Display: Unable to create Visual Studio setup instance: 80040154
[2020.12.27-03.59.43:482][  0]LogAndroidPermission: UAndroidPermissionCallbackProxy::GetInstance
[2020.12.27-03.59.43:574][  0]LogAudioCaptureCore: Display: No Audio Capture implementations found. Audio input will be silent.
[2020.12.27-03.59.43:574][  0]LogAudioCaptureCore: Display: No Audio Capture implementations found. Audio input will be silent.
[2020.12.27-03.59.43:726][  0]LogOcInput: OculusInput pre-init called
[2020.12.27-03.59.43:759][  0]LogWindows: Failed to load 'OVRPlugin.dll' (GetLastError=126)
[2020.12.27-03.59.43:759][  0]LogWindows: File 'OVRPlugin.dll' does not exist
[2020.12.27-03.59.44:016][  0]LogEngine: Initializing Engine...
[2020.12.27-03.59.44:018][  0]LogHMD: Failed to initialize OpenVR with code 110
[2020.12.27-03.59.44:018][  0]LogMagicLeap: Warning: VR disabled because ZI is not enabled.  To enable, in the editor, Edit -> Project Settings -> Plugins -> Magic Leap Plugin -> Enable Zero Iteration
[2020.12.27-03.59.44:033][  0]LogStats: UGameplayTagsManager::InitializeManager -  0.001 s
[2020.12.27-03.59.44:316][  0]LogInit: Initializing FReadOnlyCVARCache
[2020.12.27-03.59.44:390][  0]LogAIModule: Creating AISystem for world Untitled
[2020.12.27-03.59.44:391][  0]LogAISub: UAISubsystem::UAISubsystem EnvQueryManager (000001518F093C00), frame # 0
[2020.12.27-03.59.44:391][  0]LogAISub: UAISubsystem::UAISubsystem AIPerceptionSystem (00000151917225C0), frame # 0
[2020.12.27-03.59.44:410][  0]LogAudioMixer: Display: Audio Mixer Platform Settings:
[2020.12.27-03.59.44:410][  0]LogAudioMixer: Display: 	Sample Rate:						  48000
[2020.12.27-03.59.44:410][  0]LogAudioMixer: Display: 	Callback Buffer Frame Size Requested: 1024
[2020.12.27-03.59.44:410][  0]LogAudioMixer: Display: 	Callback Buffer Frame Size To Use:	  1024
[2020.12.27-03.59.44:410][  0]LogAudioMixer: Display: 	Number of buffers to queue:			  2
[2020.12.27-03.59.44:410][  0]LogAudioMixer: Display: 	Max Channels (voices):				  32
[2020.12.27-03.59.44:410][  0]LogAudioMixer: Display: 	Number of Async Source Workers:		  0
[2020.12.27-03.59.44:410][  0]LogAudio: Display: AudioDevice MaxSources: 32
[2020.12.27-03.59.44:412][  0]LogAudio: Display: Using built-in audio occlusion.
[2020.12.27-03.59.44:412][  0]LogAudioMixer: Display: Initializing audio mixer.
[2020.12.27-03.59.44:447][  0]LogAudioMixer: Display: 0: FrontLeft
[2020.12.27-03.59.44:447][  0]LogAudioMixer: Display: 1: FrontRight
[2020.12.27-03.59.44:502][  0]LogAudioMixer: Display: Using Audio Device Speakers (High Definition Audio Device)
[2020.12.27-03.59.44:508][  0]LogAudioMixer: Display: Initializing Sound Submixes...
[2020.12.27-03.59.44:512][  0]LogAudioMixer: Display: Creating Master Submix 'MasterSubmixDefault'
[2020.12.27-03.59.44:512][  0]LogAudioMixer: Display: Creating Master Submix 'MasterReverbSubmixDefault'
[2020.12.27-03.59.44:514][  0]LogAudioMixer: Display: Creating Master Submix 'MasterEQSubmixDefault'
[2020.12.27-03.59.44:516][  0]LogInit: FAudioDevice initialized.
[2020.12.27-03.59.44:522][  0]LogNetVersion: Set ProjectVersion to 1.0.0.0. Version Checksum will be recalculated on next use.
[2020.12.27-03.59.45:186][  0]LogDerivedDataCache: Saved boot cache 0.66s 75MB C:/Users/farha/AppData/Local/UnrealEngine/4.25/DerivedDataCache/Boot.ddc.
[2020.12.27-03.59.45:195][  0]LogInit: Texture streaming: Enabled
[2020.12.27-03.59.45:234][  0]LogEngineSessionManager: EngineSessionManager initialized
[2020.12.27-03.59.45:234][  0]LogEditorSessionSummary: Verbose: Initializing EditorSessionSummaryWriter for editor session tracking
[2020.12.27-03.59.45:249][  0]LogEditorSessionSummary: EditorSessionSummaryWriter initialized
[2020.12.27-03.59.45:571][  0]LogInit: Transaction tracking system initialized
[2020.12.27-03.59.45:668][  0]BlueprintLog: New page: Editor Load
[2020.12.27-03.59.46:995][  0]LocalizationService: Localization service is disabled
[2020.12.27-03.59.47:726][  0]LogVSAccessor: Display: Unable to create Visual Studio setup instance: 80040154
[2020.12.27-03.59.47:727][  0]LogVSAccessor: Display: Unable to create Visual Studio setup instance: 80040154
[2020.12.27-03.59.47:856][  0]LogCook: Display: Max memory allowance for cook 16384mb min free memory 0mb
[2020.12.27-03.59.47:856][  0]LogFileCache: Scanning file cache for directory 'D:/GameDev/UnrealProjects/GITHUB/IML/Client/Inv-Farming/Inv_Farm/Content/' took 0.00s
[2020.12.27-03.59.47:857][  0]LogCook: Display: Mobile HDR setting 1
[2020.12.27-03.59.48:366][  0]SourceControl: Source control is disabled
[2020.12.27-03.59.48:367][  0]LogUnrealEdMisc: Loading editor; pre map load, took 19.120
[2020.12.27-03.59.48:368][  0]Cmd: MAP LOAD FILE="D:/GameDev/UnrealProjects/GITHUB/IML/Client/Inv-Farming/Inv_Farm/Content/Maps/ThirdPersonExampleMap.umap" TEMPLATE=0 SHOWPROGRESS=1 FEATURELEVEL=3
[2020.12.27-03.59.48:369][  0]LightingResults: New page: Lighting Build
[2020.12.27-03.59.48:375][  0]LogWorld: UWorld::CleanupWorld for Untitled, bSessionEnded=true, bCleanupResources=true
[2020.12.27-03.59.48:376][  0]LogSlate: InvalidateAllWidgets triggered.  All widgets were invalidated
[2020.12.27-03.59.48:376][  0]MapCheck: New page: Map Check
[2020.12.27-03.59.48:376][  0]LightingResults: New page: Lighting Build
[2020.12.27-03.59.48:393][  0]LogAISub: UAISubsystem::~UAISubsystem EnvQueryManager (000001518F093C00), frame # 0
[2020.12.27-03.59.48:393][  0]LogAISub: UAISubsystem::~UAISubsystem AIPerceptionSystem (00000151917225C0), frame # 0
[2020.12.27-03.59.48:394][  0]LogUObjectHash: Compacting FUObjectHashTables data took   0.70ms
[2020.12.27-03.59.50:296][  0]LogAIModule: Creating AISystem for world ThirdPersonExampleMap
[2020.12.27-03.59.50:296][  0]LogAISub: UAISubsystem::UAISubsystem EnvQueryManager (000001519A3FBE00), frame # 0
[2020.12.27-03.59.50:296][  0]LogAISub: UAISubsystem::UAISubsystem AIPerceptionSystem (000001519A40F100), frame # 0
[2020.12.27-03.59.50:321][  0]LogEditorServer: Finished looking for orphan Actors (0.000 secs)
[2020.12.27-03.59.50:340][  0]LogUObjectHash: Compacting FUObjectHashTables data took   1.04ms
[2020.12.27-03.59.50:340][  0]Cmd: MAP CHECKDEP NOCLEARLOG
[2020.12.27-03.59.50:341][  0]MapCheck: Map check complete: 0 Error(s), 0 Warning(s), took 0.422ms to complete.
[2020.12.27-03.59.50:341][  0]LogFileHelpers: Loading map 'ThirdPersonExampleMap' took 1.974
[2020.12.27-03.59.50:368][  0]LogUnrealEdMisc: Total Editor Startup Time, took 21.122
[2020.12.27-03.59.50:543][  0]LogSlate: Updating window title bar state: overlay mode, drag disabled, window buttons hidden, title bar hidden
[2020.12.27-03.59.50:550][  0]LogSlate: Updating window title bar state: overlay mode, drag disabled, window buttons hidden, title bar hidden
[2020.12.27-03.59.50:559][  0]LogSlate: Updating window title bar state: overlay mode, drag disabled, window buttons hidden, title bar hidden
[2020.12.27-03.59.50:567][  0]LogSlate: Updating window title bar state: overlay mode, drag disabled, window buttons hidden, title bar hidden
[2020.12.27-03.59.50:767][  0]LogCollectionManager: Loaded 0 collections in 0.002362 seconds
[2020.12.27-03.59.50:801][  0]LogFileCache: Scanning file cache for directory 'D:/GameDev/UnrealProjects/GITHUB/IML/Client/Inv-Farming/Inv_Farm/Saved/Collections/' took 0.00s
[2020.12.27-03.59.50:801][  0]LogFileCache: Scanning file cache for directory 'D:/GameDev/UnrealProjects/GITHUB/IML/Client/Inv-Farming/Inv_Farm/Content/Developers/farha/Collections/' took 0.00s
[2020.12.27-03.59.50:801][  0]LogFileCache: Scanning file cache for directory 'D:/GameDev/UnrealProjects/GITHUB/IML/Client/Inv-Farming/Inv_Farm/Content/Collections/' took 0.00s
[2020.12.27-03.59.50:801][  0]LogContentBrowser: Native class hierarchy populated in 0.0106 seconds. Added 3427 classes and 821 folders.
[2020.12.27-03.59.50:809][  0]LogContentBrowser: Native class hierarchy updated for 'WidgetCarousel' in 0.0003 seconds. Added 0 classes and 0 folders.
[2020.12.27-03.59.50:996][  0]LogContentBrowser: Native class hierarchy updated for 'AddContentDialog' in 0.0003 seconds. Added 0 classes and 0 folders.
[2020.12.27-03.59.51:047][  0]LogSlate: Took 0.001119 seconds to synchronously load lazily loaded font '../../../Engine/Content/Slate/Fonts/Roboto-Regular.ttf' (155K)
[2020.12.27-03.59.51:051][  0]LogSlate: Took 0.001037 seconds to synchronously load lazily loaded font '../../../Engine/Content/Slate/Fonts/Roboto-Bold.ttf' (160K)
[2020.12.27-03.59.51:105][  0]LogRenderer: Reallocating scene render targets to support 1112x788 Format 9 NumSamples 1 (Frame:1).
[2020.12.27-03.59.51:313][  0]LogContentBrowser: Native class hierarchy updated for 'HierarchicalLODOutliner' in 0.0004 seconds. Added 0 classes and 0 folders.
[2020.12.27-03.59.51:313][  0]LogLoad: (Engine Initialization) Total time: 22.07 seconds
[2020.12.27-03.59.51:313][  0]LogLoad: (Engine Initialization) Total Blueprint compile time: 0.00 seconds
[2020.12.27-03.59.51:354][  0]LogAssetRegistry: Asset discovery search completed in 12.9017 seconds
[2020.12.27-03.59.51:358][  0]LogCollectionManager: Fixed up redirectors for 0 collections in 0.000002 seconds (updated 0 objects)
[2020.12.27-03.59.51:358][  0]LogContentStreaming: Texture pool size now 600 MB
[2020.12.27-03.59.52:342][ 98]LogSlate: Took 0.001111 seconds to synchronously load lazily loaded font '../../../Engine/Content/Slate/Fonts/Roboto-Light.ttf' (167K)
[2020.12.27-03.59.57:271][631]LogSlate: Took 0.001424 seconds to synchronously load lazily loaded font '../../../Engine/Content/Editor/Slate/Fonts/FontAwesome.ttf' (139K)
[2020.12.27-03.59.57:293][631]LogSlate: Took 0.000139 seconds to synchronously load lazily loaded font '../../../Engine/Content/Slate/Fonts/Roboto-Light.ttf' (167K)
[2020.12.27-04.00.09:461][959]LogPlayLevel: PlayLevel: No blueprints needed recompiling
[2020.12.27-04.00.09:464][959]PIE: New page: PIE session: ThirdPersonExampleMap (Dec 27, 2020, 4:00:09 PM)
[2020.12.27-04.00.09:466][959]LogOnline: OSS: Creating online subsystem instance for: NULL
[2020.12.27-04.00.09:468][959]LogOnline: OSS: TryLoadSubsystemAndSetDefault: Loaded subsystem for module [NULL]
[2020.12.27-04.00.09:468][959]LogPlayLevel: Creating play world package: /Game/Maps/UEDPIE_0_ThirdPersonExampleMap
[2020.12.27-04.00.09:486][959]LogPlayLevel: PIE: StaticDuplicateObject took: (0.017986s)
[2020.12.27-04.00.09:489][959]LogAIModule: Creating AISystem for world ThirdPersonExampleMap
[2020.12.27-04.00.09:489][959]LogAISub: UAISubsystem::UAISubsystem EnvQueryManager (000001519C971800), frame # 1959
[2020.12.27-04.00.09:489][959]LogAISub: UAISubsystem::UAISubsystem AIPerceptionSystem (00000151D0C08180), frame # 1959
[2020.12.27-04.00.09:490][959]LogPlayLevel: PIE: World Init took: (0.002877s)
[2020.12.27-04.00.09:490][959]LogPlayLevel: PIE: Created PIE world by copying editor world from /Game/Maps/ThirdPersonExampleMap.ThirdPersonExampleMap to /Game/Maps/UEDPIE_0_ThirdPersonExampleMap.ThirdPersonExampleMap (0.021306s)
[2020.12.27-04.00.09:503][959]LogUObjectHash: Compacting FUObjectHashTables data took   0.69ms
[2020.12.27-04.00.09:507][959]LogLoad: Game class is 'ThirdPersonGameMode_C'
[2020.12.27-04.00.09:511][959]LogWorld: Bringing World /Game/Maps/UEDPIE_0_ThirdPersonExampleMap.ThirdPersonExampleMap up for play (max tick rate 0) at 2020.12.27-10.00.09
[2020.12.27-04.00.09:512][959]LogWorld: Bringing up level for play took: 0.002344
[2020.12.27-04.00.09:514][959]LogNet: ReplicationDriverClass is null! Not using ReplicationDriver.
[2020.12.27-04.00.09:514][959]LogNetCore: DDoS detection status: detection enabled: 0 analytics enabled: 0
[2020.12.27-04.00.09:514][959]LogInit: WinSock: Socket queue. Rx: 131072 (config 131072) Tx: 131072 (config 131072)
[2020.12.27-04.00.09:514][959]LogNet: Created socket for bind address: 0.0.0.0 on port 17777
[2020.12.27-04.00.09:514][959]PacketHandlerLog: Loaded PacketHandler component: Engine.EngineHandlerComponentFactory (StatelessConnectHandlerComponent)
[2020.12.27-04.00.09:515][959]LogNet: GameNetDriver IpNetDriver_0 IpNetDriver listening on port 17777
[2020.12.27-04.00.09:520][959]PIE: Server logged in
[2020.12.27-04.00.09:520][959]PIE: Play in editor total start time 0.06 seconds.
[2020.12.27-04.00.09:521][959]LogAudioMixer: Display: Audio Mixer Platform Settings:
[2020.12.27-04.00.09:521][959]LogAudioMixer: Display: 	Sample Rate:						  48000
[2020.12.27-04.00.09:521][959]LogAudioMixer: Display: 	Callback Buffer Frame Size Requested: 1024
[2020.12.27-04.00.09:521][959]LogAudioMixer: Display: 	Callback Buffer Frame Size To Use:	  1024
[2020.12.27-04.00.09:521][959]LogAudioMixer: Display: 	Number of buffers to queue:			  2
[2020.12.27-04.00.09:521][959]LogAudioMixer: Display: 	Max Channels (voices):				  32
[2020.12.27-04.00.09:521][959]LogAudioMixer: Display: 	Number of Async Source Workers:		  0
[2020.12.27-04.00.09:521][959]LogAudio: Display: AudioDevice MaxSources: 32
[2020.12.27-04.00.09:522][959]LogAudio: Display: Using built-in audio occlusion.
[2020.12.27-04.00.09:522][959]LogAudioMixer: Display: Initializing audio mixer.
[2020.12.27-04.00.09:524][959]LogAudioMixer: Display: 0: FrontLeft
[2020.12.27-04.00.09:524][959]LogAudioMixer: Display: 1: FrontRight
[2020.12.27-04.00.09:541][959]LogAudioMixer: Display: Using Audio Device Speakers (High Definition Audio Device)
[2020.12.27-04.00.09:541][959]LogAudioMixer: Display: Initializing Sound Submixes...
[2020.12.27-04.00.09:542][959]LogAudioMixer: Display: Creating Master Submix 'MasterSubmixDefault'
[2020.12.27-04.00.09:542][959]LogAudioMixer: Display: Creating Master Submix 'MasterReverbSubmixDefault'
[2020.12.27-04.00.09:543][959]LogAudioMixer: Display: Creating Master Submix 'MasterEQSubmixDefault'
[2020.12.27-04.00.09:558][959]LogInit: FAudioDevice initialized.
[2020.12.27-04.00.09:600][959]LogSlate: Updating window title bar state: overlay mode, drag disabled, window buttons hidden, title bar hidden
[2020.12.27-04.00.09:600][959]LogNet: Browse: 127.0.0.1:17777/Engine/Maps/Entry
[2020.12.27-04.00.09:601][959]LogInit: WinSock: Socket queue. Rx: 32768 (config 32768) Tx: 32768 (config 32768)
[2020.12.27-04.00.09:601][959]LogNet: Created socket for bind address: 0.0.0.0 on port 0
[2020.12.27-04.00.09:602][959]PacketHandlerLog: Loaded PacketHandler component: Engine.EngineHandlerComponentFactory (StatelessConnectHandlerComponent)
[2020.12.27-04.00.09:602][959]LogNet: Game client on port 17777, rate 10000
[2020.12.27-04.00.09:603][959]PIE: Client logged in
[2020.12.27-04.00.09:604][959]PIE: Play in editor total start time 0.145 seconds.
[2020.12.27-04.00.09:606][959]LogAudioMixer: Display: Audio Mixer Platform Settings:
[2020.12.27-04.00.09:606][959]LogAudioMixer: Display: 	Sample Rate:						  48000
[2020.12.27-04.00.09:606][959]LogAudioMixer: Display: 	Callback Buffer Frame Size Requested: 1024
[2020.12.27-04.00.09:606][959]LogAudioMixer: Display: 	Callback Buffer Frame Size To Use:	  1024
[2020.12.27-04.00.09:606][959]LogAudioMixer: Display: 	Number of buffers to queue:			  2
[2020.12.27-04.00.09:606][959]LogAudioMixer: Display: 	Max Channels (voices):				  32
[2020.12.27-04.00.09:606][959]LogAudioMixer: Display: 	Number of Async Source Workers:		  0
[2020.12.27-04.00.09:606][959]LogAudio: Display: AudioDevice MaxSources: 32
[2020.12.27-04.00.09:607][959]LogAudio: Display: Using built-in audio occlusion.
[2020.12.27-04.00.09:607][959]LogAudioMixer: Display: Initializing audio mixer.
[2020.12.27-04.00.09:609][959]LogAudioMixer: Display: 0: FrontLeft
[2020.12.27-04.00.09:609][959]LogAudioMixer: Display: 1: FrontRight
[2020.12.27-04.00.09:621][959]LogAudioMixer: Display: Using Audio Device Speakers (High Definition Audio Device)
[2020.12.27-04.00.09:621][959]LogAudioMixer: Display: Initializing Sound Submixes...
[2020.12.27-04.00.09:621][959]LogAudioMixer: Display: Creating Master Submix 'MasterSubmixDefault'
[2020.12.27-04.00.09:621][959]LogAudioMixer: Display: Creating Master Submix 'MasterReverbSubmixDefault'
[2020.12.27-04.00.09:622][959]LogAudioMixer: Display: Creating Master Submix 'MasterEQSubmixDefault'
[2020.12.27-04.00.09:639][959]LogInit: FAudioDevice initialized.
[2020.12.27-04.00.09:683][959]LogSlate: Updating window title bar state: overlay mode, drag disabled, window buttons hidden, title bar hidden
[2020.12.27-04.00.09:683][959]LogNet: Browse: 127.0.0.1:17777/Engine/Maps/Entry
[2020.12.27-04.00.09:683][959]LogInit: WinSock: Socket queue. Rx: 32768 (config 32768) Tx: 32768 (config 32768)
[2020.12.27-04.00.09:683][959]LogNet: Created socket for bind address: 0.0.0.0 on port 0
[2020.12.27-04.00.09:684][959]PacketHandlerLog: Loaded PacketHandler component: Engine.EngineHandlerComponentFactory (StatelessConnectHandlerComponent)
[2020.12.27-04.00.09:684][959]LogNet: Game client on port 17777, rate 10000
[2020.12.27-04.00.09:686][959]PIE: Client logged in
[2020.12.27-04.00.09:687][959]PIE: Play in editor total start time 0.227 seconds.
[2020.12.27-04.00.09:692][959]LogOnline: OSS: Creating online subsystem instance for: :Context_1
[2020.12.27-04.00.11:965][ 42]LogNet: NotifyAcceptingConnection accepted from: 127.0.0.1:55506
[2020.12.27-04.00.11:965][ 42]LogHandshake: SendConnectChallenge. Timestamp: 2.535115, Cookie: 084097251128064013112058194074196242205119009031124185079152
[2020.12.27-04.00.11:965][ 42]LogNet: NotifyAcceptingConnection accepted from: 127.0.0.1:55507
[2020.12.27-04.00.11:965][ 42]LogHandshake: SendConnectChallenge. Timestamp: 2.535115, Cookie: 103238206015051014106141222006080208224219224005069110006136
[2020.12.27-04.00.11:966][ 42]LogHandshake: SendChallengeResponse. Timestamp: 2.535115, Cookie: 084097251128064013112058194074196242205119009031124185079152
[2020.12.27-04.00.11:966][ 42]LogHandshake: SendChallengeResponse. Timestamp: 2.535115, Cookie: 103238206015051014106141222006080208224219224005069110006136
[2020.12.27-04.00.11:978][ 43]LogNet: NotifyAcceptingConnection accepted from: 127.0.0.1:55506
[2020.12.27-04.00.11:978][ 43]LogHandshake: SendChallengeAck. InCookie: 084097251128064013112058194074196242205119009031124185079152
[2020.12.27-04.00.11:978][ 43]LogNet: Server accepting post-challenge connection from: 127.0.0.1:55506
[2020.12.27-04.00.11:979][ 43]PacketHandlerLog: Loaded PacketHandler component: Engine.EngineHandlerComponentFactory (StatelessConnectHandlerComponent)
[2020.12.27-04.00.11:979][ 43]LogNet: NotifyAcceptedConnection: Name: ThirdPersonExampleMap, TimeStamp: 12/27/20 10:00:11, [UNetConnection] RemoteAddr: 127.0.0.1:55506, Name: IpConnection_2, Driver: GameNetDriver IpNetDriver_0, IsServer: YES, PC: NULL, Owner: NULL, UniqueId: INVALID
[2020.12.27-04.00.11:979][ 43]LogNet: AddClientConnection: Added client connection: [UNetConnection] RemoteAddr: 127.0.0.1:55506, Name: IpConnection_2, Driver: GameNetDriver IpNetDriver_0, IsServer: YES, PC: NULL, Owner: NULL, UniqueId: INVALID
[2020.12.27-04.00.11:980][ 43]LogNet: NotifyAcceptingConnection accepted from: 127.0.0.1:55507
[2020.12.27-04.00.11:980][ 43]LogHandshake: SendChallengeAck. InCookie: 103238206015051014106141222006080208224219224005069110006136
[2020.12.27-04.00.11:980][ 43]LogNet: Server accepting post-challenge connection from: 127.0.0.1:55507
[2020.12.27-04.00.11:980][ 43]PacketHandlerLog: Loaded PacketHandler component: Engine.EngineHandlerComponentFactory (StatelessConnectHandlerComponent)
[2020.12.27-04.00.11:980][ 43]LogNet: NotifyAcceptedConnection: Name: ThirdPersonExampleMap, TimeStamp: 12/27/20 10:00:11, [UNetConnection] RemoteAddr: 127.0.0.1:55507, Name: IpConnection_3, Driver: GameNetDriver IpNetDriver_0, IsServer: YES, PC: NULL, Owner: NULL, UniqueId: INVALID
[2020.12.27-04.00.11:980][ 43]LogNet: AddClientConnection: Added client connection: [UNetConnection] RemoteAddr: 127.0.0.1:55507, Name: IpConnection_3, Driver: GameNetDriver IpNetDriver_0, IsServer: YES, PC: NULL, Owner: NULL, UniqueId: INVALID
[2020.12.27-04.00.11:981][ 43]LogNetVersion: Inv_Farm 1.0.0.0, NetCL: 13144385, EngineNetVer: 14, GameNetVer: 0 (Checksum: 2900963403)
[2020.12.27-04.00.11:981][ 43]LogNet: UPendingNetGame::SendInitialJoin: Sending hello. [UNetConnection] RemoteAddr: 127.0.0.1:17777, Name: IpConnection_0, Driver: PendingNetDriver IpNetDriver_1, IsServer: NO, PC: NULL, Owner: NULL, UniqueId: INVALID
[2020.12.27-04.00.11:982][ 43]LogNet: UPendingNetGame::SendInitialJoin: Sending hello. [UNetConnection] RemoteAddr: 127.0.0.1:17777, Name: IpConnection_1, Driver: PendingNetDriver IpNetDriver_2, IsServer: NO, PC: NULL, Owner: NULL, UniqueId: INVALID
[2020.12.27-04.00.11:987][ 44]LogNet: NotifyAcceptingChannel Control 0 server World /Game/Maps/UEDPIE_0_ThirdPersonExampleMap.ThirdPersonExampleMap: Accepted
[2020.12.27-04.00.11:987][ 44]LogNet: Remote platform little endian=1
[2020.12.27-04.00.11:987][ 44]LogNet: This platform little endian=1
[2020.12.27-04.00.11:987][ 44]LogNet: NotifyAcceptingChannel Control 0 server World /Game/Maps/UEDPIE_0_ThirdPersonExampleMap.ThirdPersonExampleMap: Accepted
[2020.12.27-04.00.11:987][ 44]LogNet: Remote platform little endian=1
[2020.12.27-04.00.11:987][ 44]LogNet: This platform little endian=1
[2020.12.27-04.00.11:987][ 44]LogOnline: OSS: Creating online subsystem instance for: :Context_2
[2020.12.27-04.00.11:989][ 44]LogOnline: OSS: Creating online subsystem instance for: :Context_3
[2020.12.27-04.00.11:995][ 45]LogNet: Login request: ?Name=DESKTOP-TSO8MN9-0CD0D36547783B5083B07C902D85D95F userId: NULL:DESKTOP-TSO8MN9-0CD0D36547783B5083B07C902D85D95F platform: NULL
[2020.12.27-04.00.11:995][ 45]LogNet: Login request: ?Name=DESKTOP-TSO8MN9-9791684649094062F8C11CA4CBC3A9DB userId: NULL:DESKTOP-TSO8MN9-9791684649094062F8C11CA4CBC3A9DB platform: NULL
[2020.12.27-04.00.11:996][ 45]LogNet: Welcomed by server (Level: /Game/Maps/UEDPIE_0_ThirdPersonExampleMap, Game: /Game/ThirdPerson/ThirdPersonBP/Blueprints/ThirdPersonGameMode.ThirdPersonGameMode_C)
[2020.12.27-04.00.11:996][ 45]LogLoad: LoadMap: 127.0.0.1:17777/Game/Maps/UEDPIE_0_ThirdPersonExampleMap?game=/Game/ThirdPerson/ThirdPersonBP/Blueprints/ThirdPersonGameMode.ThirdPersonGameMode_C
[2020.12.27-04.00.11:996][ 45]LogWorld: BeginTearingDown for /Temp/Untitled_1
[2020.12.27-04.00.11:996][ 45]LogWorld: UWorld::CleanupWorld for Untitled, bSessionEnded=true, bCleanupResources=true
[2020.12.27-04.00.11:996][ 45]LogSlate: InvalidateAllWidgets triggered.  All widgets were invalidated
[2020.12.27-04.00.12:006][ 45]LogUObjectHash: Compacting FUObjectHashTables data took   0.71ms
[2020.12.27-04.00.12:024][ 45]LogAIModule: Creating AISystem for world ThirdPersonExampleMap
[2020.12.27-04.00.12:024][ 45]LogAISub: UAISubsystem::UAISubsystem EnvQueryManager (00000151A5121600), frame # 2045
[2020.12.27-04.00.12:024][ 45]LogAISub: UAISubsystem::UAISubsystem AIPerceptionSystem (000001519ADA5580), frame # 2045
[2020.12.27-04.00.12:027][ 45]LogWorld: Bringing World /Game/Maps/UEDPIE_1_ThirdPersonExampleMap.ThirdPersonExampleMap up for play (max tick rate 0) at 2020.12.27-10.00.12
[2020.12.27-04.00.12:027][ 45]LogWorld: Bringing up level for play took: 0.001619
[2020.12.27-04.00.12:028][ 45]LogLoad: Took 0.031926 seconds to LoadMap(/Game/Maps/UEDPIE_0_ThirdPersonExampleMap)
[2020.12.27-04.00.12:029][ 45]LogNet: Welcomed by server (Level: /Game/Maps/UEDPIE_0_ThirdPersonExampleMap, Game: /Game/ThirdPerson/ThirdPersonBP/Blueprints/ThirdPersonGameMode.ThirdPersonGameMode_C)
[2020.12.27-04.00.12:029][ 45]LogLoad: LoadMap: 127.0.0.1:17777/Game/Maps/UEDPIE_0_ThirdPersonExampleMap?game=/Game/ThirdPerson/ThirdPersonBP/Blueprints/ThirdPersonGameMode.ThirdPersonGameMode_C
[2020.12.27-04.00.12:029][ 45]LogWorld: BeginTearingDown for /Temp/Untitled_2
[2020.12.27-04.00.12:029][ 45]LogWorld: UWorld::CleanupWorld for Untitled, bSessionEnded=true, bCleanupResources=true
[2020.12.27-04.00.12:029][ 45]LogSlate: InvalidateAllWidgets triggered.  All widgets were invalidated
[2020.12.27-04.00.12:065][ 45]LogUObjectHash: Compacting FUObjectHashTables data took   0.71ms
[2020.12.27-04.00.12:082][ 45]LogAIModule: Creating AISystem for world ThirdPersonExampleMap
[2020.12.27-04.00.12:083][ 45]LogAISub: UAISubsystem::UAISubsystem EnvQueryManager (00000151C9729A00), frame # 2045
[2020.12.27-04.00.12:083][ 45]LogAISub: UAISubsystem::UAISubsystem AIPerceptionSystem (0000015181A72480), frame # 2045
[2020.12.27-04.00.12:087][ 45]LogWorld: Bringing World /Game/Maps/UEDPIE_2_ThirdPersonExampleMap.ThirdPersonExampleMap up for play (max tick rate 0) at 2020.12.27-10.00.12
[2020.12.27-04.00.12:087][ 45]LogWorld: Bringing up level for play took: 0.002503
[2020.12.27-04.00.12:087][ 45]LogLoad: Took 0.058731 seconds to LoadMap(/Game/Maps/UEDPIE_0_ThirdPersonExampleMap)
[2020.12.27-04.00.12:104][ 46]LogNet: Client netspeed is 10000
[2020.12.27-04.00.12:104][ 46]LogNet: Join request: /Engine/Maps/Entry?Name=DESKTOP-TSO8MN9-0CD0D36547783B5083B07C902D85D95F?SplitscreenCount=1
[2020.12.27-04.00.12:104][ 46]LogOnlineSession: Warning: OSS: No game present to join for session (GameSession)
[2020.12.27-04.00.12:115][ 46]LogScript: Warning: Accessed None trying to read property UI
	PlayerInventory_C /Game/Maps/UEDPIE_0_ThirdPersonExampleMap.ThirdPersonExampleMap:PersistentLevel.ChildActor_GEN_VARIABLE_PlayerInventory_C_CAT_0
	Function /Game/GameBlueprints/Inventory/PlayerInventory.PlayerInventory_C:ExecuteUbergraph_PlayerInventory:05BC
[2020.12.27-04.00.12:115][ 46]PIE: Error: Blueprint Runtime Error: "Accessed None trying to read property UI". Blueprint:  PlayerInventory Function:  Execute Ubergraph Player Inventory Graph:  EventGraph Node:  Add to Viewport
[2020.12.27-04.00.12:115][ 46]LogScript: Warning: Accessed None trying to read property UI
	PlayerInventory_C /Game/Maps/UEDPIE_0_ThirdPersonExampleMap.ThirdPersonExampleMap:PersistentLevel.ChildActor_GEN_VARIABLE_PlayerInventory_C_CAT_0
	Function /Game/GameBlueprints/Inventory/PlayerInventory.PlayerInventory_C:ExecuteUbergraph_PlayerInventory:05E3
[2020.12.27-04.00.12:115][ 46]PIE: Error: Blueprint Runtime Error: "Accessed None trying to read property UI". Blueprint:  PlayerInventory Function:  Execute Ubergraph Player Inventory Graph:  EventGraph Node:  Refresh
[2020.12.27-04.00.12:117][ 46]LogNet: Join succeeded: DESKTOP-TSO8MN9-0CD0
[2020.12.27-04.00.12:118][ 46]LogNet: Client netspeed is 10000
[2020.12.27-04.00.12:118][ 46]LogNet: Join request: /Engine/Maps/Entry?Name=DESKTOP-TSO8MN9-9791684649094062F8C11CA4CBC3A9DB?SplitscreenCount=1
[2020.12.27-04.00.12:118][ 46]LogOnlineSession: Warning: OSS: No game present to join for session (GameSession)
[2020.12.27-04.00.12:120][ 46]LogScript: Warning: Accessed None trying to read property UI
	PlayerInventory_C /Game/Maps/UEDPIE_0_ThirdPersonExampleMap.ThirdPersonExampleMap:PersistentLevel.ChildActor_GEN_VARIABLE_PlayerInventory_C_CAT_1
	Function /Game/GameBlueprints/Inventory/PlayerInventory.PlayerInventory_C:ExecuteUbergraph_PlayerInventory:05BC
[2020.12.27-04.00.12:120][ 46]PIE: Error: Blueprint Runtime Error: "Accessed None trying to read property UI". Blueprint:  PlayerInventory Function:  Execute Ubergraph Player Inventory Graph:  EventGraph Node:  Add to Viewport
[2020.12.27-04.00.12:120][ 46]LogScript: Warning: Accessed None trying to read property UI
	PlayerInventory_C /Game/Maps/UEDPIE_0_ThirdPersonExampleMap.ThirdPersonExampleMap:PersistentLevel.ChildActor_GEN_VARIABLE_PlayerInventory_C_CAT_1
	Function /Game/GameBlueprints/Inventory/PlayerInventory.PlayerInventory_C:ExecuteUbergraph_PlayerInventory:05E3
[2020.12.27-04.00.12:120][ 46]PIE: Error: Blueprint Runtime Error: "Accessed None trying to read property UI". Blueprint:  PlayerInventory Function:  Execute Ubergraph Player Inventory Graph:  EventGraph Node:  Refresh
[2020.12.27-04.00.12:120][ 46]LogNet: Join succeeded: DESKTOP-TSO8MN9-9791
[2020.12.27-04.00.12:706][ 85]LogOnlineSession: Warning: OSS: No game present to join for session (GameSession)
[2020.12.27-04.00.12:738][ 87]LogOnlineSession: Warning: OSS: No game present to join for session (GameSession)
[2020.12.27-04.00.12:832][ 91]LogOnlineSession: Warning: OSS: No game present to join for session (GameSession)
[2020.12.27-04.00.12:915][ 95]LogOnlineSession: Warning: OSS: No game present to join for session (GameSession)
[2020.12.27-04.00.18:245][458]LogScript: Warning: Script Msg: Attempted to access index 0 from array 'Inventory' of length 0 in '/Game/GameBlueprints/Inventory/PlayerInventory.PlayerInventory_C'!
[2020.12.27-04.00.20:378][599]LogScript: Warning: Script Msg: Attempted to access index 0 from array 'Inventory' of length 0 in '/Game/GameBlueprints/Inventory/PlayerInventory.PlayerInventory_C'!
[2020.12.27-04.00.22:827][769]LogScript: Warning: Script Msg: Attempted to access index 0 from array 'Inventory' of length 0 in '/Game/GameBlueprints/Inventory/PlayerInventory.PlayerInventory_C'!
[2020.12.27-04.00.24:213][859]LogSlate: Updating window title bar state: overlay mode, drag disabled, window buttons hidden, title bar hidden
[2020.12.27-04.00.24:213][859]LogWorld: BeginTearingDown for /Game/Maps/UEDPIE_2_ThirdPersonExampleMap
[2020.12.27-04.00.24:213][859]LogSlate: Window 'Inv_Farm Preview [NetMode: Client 2] (64-bit/Windows) ' being destroyed
[2020.12.27-04.00.24:218][859]LogWorld: UWorld::CleanupWorld for ThirdPersonExampleMap, bSessionEnded=true, bCleanupResources=true
[2020.12.27-04.00.24:219][859]LogSlate: InvalidateAllWidgets triggered.  All widgets were invalidated
[2020.12.27-04.00.24:228][859]LogNet: World NetDriver shutdown IpNetDriver_2 [GameNetDriver]
[2020.12.27-04.00.24:228][859]LogNet: DestroyNamedNetDriver IpNetDriver_2 [GameNetDriver]
[2020.12.27-04.00.24:228][859]LogNet: UNetConnection::Close: [UNetConnection] RemoteAddr: 127.0.0.1:17777, Name: IpConnection_1, Driver: GameNetDriver IpNetDriver_2, IsServer: NO, PC: PlayerController_1, Owner: PlayerController_1, UniqueId: NULL:DESKTOP-TSO8MN9-9791684649094062F8C11CA4CBC3A9DB, Channels: 19, Time: 2020.12.27-04.00.24
[2020.12.27-04.00.24:228][859]LogNet: UChannel::Close: Sending CloseBunch. ChIndex == 0. Name: [UChannel] ChIndex: 0, Closing: 0 [UNetConnection] RemoteAddr: 127.0.0.1:17777, Name: IpConnection_1, Driver: GameNetDriver IpNetDriver_2, IsServer: NO, PC: PlayerController_1, Owner: PlayerController_1, UniqueId: NULL:DESKTOP-TSO8MN9-9791684649094062F8C11CA4CBC3A9DB
[2020.12.27-04.00.24:229][859]LogExit: GameNetDriver IpNetDriver_2 shut down
[2020.12.27-04.00.24:229][859]LogWorld: BeginTearingDown for /Game/Maps/UEDPIE_1_ThirdPersonExampleMap
[2020.12.27-04.00.24:230][859]LogSlate: Updating window title bar state: overlay mode, drag disabled, window buttons hidden, title bar hidden
[2020.12.27-04.00.24:230][859]LogSlate: Window 'Inv_Farm Preview [NetMode: Client 1] (64-bit/Windows) ' being destroyed
[2020.12.27-04.00.24:234][859]LogWorld: UWorld::CleanupWorld for ThirdPersonExampleMap, bSessionEnded=true, bCleanupResources=true
[2020.12.27-04.00.24:236][859]LogSlate: InvalidateAllWidgets triggered.  All widgets were invalidated
[2020.12.27-04.00.24:245][859]LogNet: World NetDriver shutdown IpNetDriver_1 [GameNetDriver]
[2020.12.27-04.00.24:245][859]LogNet: DestroyNamedNetDriver IpNetDriver_1 [GameNetDriver]
[2020.12.27-04.00.24:245][859]LogNet: UNetConnection::Close: [UNetConnection] RemoteAddr: 127.0.0.1:17777, Name: IpConnection_0, Driver: GameNetDriver IpNetDriver_1, IsServer: NO, PC: PlayerController_1, Owner: PlayerController_1, UniqueId: NULL:DESKTOP-TSO8MN9-0CD0D36547783B5083B07C902D85D95F, Channels: 19, Time: 2020.12.27-04.00.24
[2020.12.27-04.00.24:245][859]LogNet: UChannel::Close: Sending CloseBunch. ChIndex == 0. Name: [UChannel] ChIndex: 0, Closing: 0 [UNetConnection] RemoteAddr: 127.0.0.1:17777, Name: IpConnection_0, Driver: GameNetDriver IpNetDriver_1, IsServer: NO, PC: PlayerController_1, Owner: PlayerController_1, UniqueId: NULL:DESKTOP-TSO8MN9-0CD0D36547783B5083B07C902D85D95F
[2020.12.27-04.00.24:245][859]LogExit: GameNetDriver IpNetDriver_1 shut down
[2020.12.27-04.00.24:246][859]LogWorld: BeginTearingDown for /Game/Maps/UEDPIE_0_ThirdPersonExampleMap
[2020.12.27-04.00.24:246][859]LogWorld: UWorld::CleanupWorld for ThirdPersonExampleMap, bSessionEnded=true, bCleanupResources=true
[2020.12.27-04.00.24:247][859]LogSlate: InvalidateAllWidgets triggered.  All widgets were invalidated
[2020.12.27-04.00.24:247][859]LogNet: World NetDriver shutdown IpNetDriver_0 [GameNetDriver]
[2020.12.27-04.00.24:247][859]LogNet: DestroyNamedNetDriver IpNetDriver_0 [GameNetDriver]
[2020.12.27-04.00.24:247][859]LogNet: UNetConnection::Cleanup: Closing open connection. [UNetConnection] RemoteAddr: 127.0.0.1:55507, Name: IpConnection_3, Driver: GameNetDriver IpNetDriver_0, IsServer: YES, PC: PlayerController_1, Owner: PlayerController_1, UniqueId: NULL:DESKTOP-TSO8MN9-9791684649094062F8C11CA4CBC3A9DB
[2020.12.27-04.00.24:247][859]LogNet: UNetConnection::Close: [UNetConnection] RemoteAddr: 127.0.0.1:55507, Name: IpConnection_3, Driver: GameNetDriver IpNetDriver_0, IsServer: YES, PC: PlayerController_1, Owner: PlayerController_1, UniqueId: NULL:DESKTOP-TSO8MN9-9791684649094062F8C11CA4CBC3A9DB, Channels: 19, Time: 2020.12.27-04.00.24
[2020.12.27-04.00.24:247][859]LogNet: UChannel::Close: Sending CloseBunch. ChIndex == 0. Name: [UChannel] ChIndex: 0, Closing: 0 [UNetConnection] RemoteAddr: 127.0.0.1:55507, Name: IpConnection_3, Driver: GameNetDriver IpNetDriver_0, IsServer: YES, PC: PlayerController_1, Owner: PlayerController_1, UniqueId: NULL:DESKTOP-TSO8MN9-9791684649094062F8C11CA4CBC3A9DB
[2020.12.27-04.00.24:247][859]LogNet: UNetConnection::Cleanup: Closing open connection. [UNetConnection] RemoteAddr: 127.0.0.1:55506, Name: IpConnection_2, Driver: GameNetDriver IpNetDriver_0, IsServer: YES, PC: PlayerController_0, Owner: PlayerController_0, UniqueId: NULL:DESKTOP-TSO8MN9-0CD0D36547783B5083B07C902D85D95F
[2020.12.27-04.00.24:247][859]LogNet: UNetConnection::Close: [UNetConnection] RemoteAddr: 127.0.0.1:55506, Name: IpConnection_2, Driver: GameNetDriver IpNetDriver_0, IsServer: YES, PC: PlayerController_0, Owner: PlayerController_0, UniqueId: NULL:DESKTOP-TSO8MN9-0CD0D36547783B5083B07C902D85D95F, Channels: 19, Time: 2020.12.27-04.00.24
[2020.12.27-04.00.24:247][859]LogNet: UChannel::Close: Sending CloseBunch. ChIndex == 0. Name: [UChannel] ChIndex: 0, Closing: 0 [UNetConnection] RemoteAddr: 127.0.0.1:55506, Name: IpConnection_2, Driver: GameNetDriver IpNetDriver_0, IsServer: YES, PC: PlayerController_0, Owner: PlayerController_0, UniqueId: NULL:DESKTOP-TSO8MN9-0CD0D36547783B5083B07C902D85D95F
[2020.12.27-04.00.24:247][859]LogExit: GameNetDriver IpNetDriver_0 shut down
[2020.12.27-04.00.24:248][859]LogPlayLevel: Display: Shutting down PIE online subsystems
[2020.12.27-04.00.24:250][859]LogSlate: InvalidateAllWidgets triggered.  All widgets were invalidated
[2020.12.27-04.00.24:309][859]LogAISub: UAISubsystem::~UAISubsystem AIPerceptionSystem (0000015181A72480), frame # 2859
[2020.12.27-04.00.24:309][859]LogAISub: UAISubsystem::~UAISubsystem EnvQueryManager (00000151C9729A00), frame # 2859
[2020.12.27-04.00.24:309][859]LogAISub: UAISubsystem::~UAISubsystem AIPerceptionSystem (000001519ADA5580), frame # 2859
[2020.12.27-04.00.24:309][859]LogAISub: UAISubsystem::~UAISubsystem EnvQueryManager (00000151A5121600), frame # 2859
[2020.12.27-04.00.24:309][859]LogAISub: UAISubsystem::~UAISubsystem AIPerceptionSystem (00000151D0C08180), frame # 2859
[2020.12.27-04.00.24:309][859]LogAISub: UAISubsystem::~UAISubsystem EnvQueryManager (000001519C971800), frame # 2859
[2020.12.27-04.00.24:311][859]LogUObjectHash: Compacting FUObjectHashTables data took   0.87ms
[2020.12.27-04.00.24:430][859]LogSlate: Took 0.001395 seconds to synchronously load lazily loaded font '../../../Engine/Content/Slate/Fonts/DroidSansMono.ttf' (77K)
[2020.12.27-04.00.24:451][860]LogPlayLevel: Display: Destroying online subsystem :Context_3
[2020.12.27-04.00.24:451][860]LogPlayLevel: Display: Destroying online subsystem :Context_2
[2020.12.27-04.00.24:452][860]LogPlayLevel: Display: Destroying online subsystem :Context_1
[2020.12.27-04.00.30:274][520]LogAssetEditorSubsystem: Opening Asset editor for Blueprint /Game/GameBlueprints/Inventory/PlayerInventory.PlayerInventory
[2020.12.27-04.00.30:484][520]LogContentBrowser: Native class hierarchy updated for 'BlueprintGraph' in 0.0006 seconds. Added 125 classes and 0 folders.
[2020.12.27-04.00.31:604][520]LogSlate: Took 0.000964 seconds to synchronously load lazily loaded font '../../../Engine/Content/Slate/Fonts/Roboto-BoldCondensed.ttf' (158K)
[2020.12.27-04.00.31:759][521]LogSlate: Took 0.000953 seconds to synchronously load lazily loaded font '../../../Engine/Content/Slate/Fonts/Roboto-Italic.ttf' (157K)
[2020.12.27-04.00.32:533][610]LogSlate: Window 'Message Log' being destroyed
[2020.12.27-04.00.32:540][610]LogSlate: Window 'Message Log' being destroyed
[2020.12.27-04.00.41:228][603]LogSavePackage: Moving 'D:/GameDev/UnrealProjects/GITHUB/IML/Client/Inv-Farming/Inv_Farm/Saved/PlayerInventoryD029770C4DC2B93EA1F350AFC75EC788.tmp' to 'D:/GameDev/UnrealProjects/GITHUB/IML/Client/Inv-Farming/Inv_Farm/Content/GameBlueprints/Inventory/PlayerInventory.uasset'
[2020.12.27-04.00.41:255][603]AssetCheck: New page: Asset Save: PlayerInventory
[2020.12.27-04.00.41:255][603]LogContentValidation: Display: Validating Blueprint /Game/GameBlueprints/Inventory/PlayerInventory.PlayerInventory
