Log file open, 11/30/20 10:23:28
LogWindows: Failed to load 'aqProf.dll' (GetLastError=126)
LogWindows: File 'aqProf.dll' does not exist
LogWindows: Failed to load 'VSPerf140.dll' (GetLastError=126)
LogWindows: File 'VSPerf140.dll' does not exist
LogWindows: Failed to load 'VtuneApi.dll' (GetLastError=126)
LogWindows: File 'VtuneApi.dll' does not exist
LogWindows: Failed to load 'VtuneApi32e.dll' (GetLastError=126)
LogWindows: File 'VtuneApi32e.dll' does not exist
LogInit: Display: Running engine for game: Inv_Farm
LogPlatformFile: Not using cached read wrapper
LogInit: Display: RandInit(1328338496) SRandInit(1328338497).
LogInit: Read version file with build ID '3709383'
LogInit: Overriding engine version to CL 3832480, compatible CL 3709383
LogInit: Registered custom module enumerator with build ID '3709383'
LogTaskGraph: Started task graph with 5 named threads and 8 total threads with 3 sets of task threads.
LogStats: Stats thread started at 5.785039
LogD3D11RHI: Aftermath initialized
LogModuleManager: Display: Found up-to-date module file ../../../Engine/Plugins/2D/Paper2D/Binaries/Win64/UE4Editor-Paper2D.dll (API version 3709383).
LogModuleManager: Display: Found up-to-date module file ../../../Engine/Plugins/2D/Paper2D/Binaries/Win64/UE4Editor-Paper2DEditor.dll (API version 3709383).
LogModuleManager: Display: Found up-to-date module file ../../../Engine/Plugins/2D/Paper2D/Binaries/Win64/UE4Editor-PaperSpriteSheetImporter.dll (API version 3709383).
LogModuleManager: Display: Found up-to-date module file ../../../Engine/Plugins/2D/Paper2D/Binaries/Win64/UE4Editor-PaperTiledImporter.dll (API version 3709383).
LogModuleManager: Display: Found up-to-date module file ../../../Engine/Plugins/2D/Paper2D/Binaries/Win64/UE4Editor-SmartSnapping.dll (API version 3709383).
LogModuleManager: Display: Found up-to-date module file ../../../Engine/Plugins/Blendables/LightPropagationVolume/Binaries/Win64/UE4Editor-LightPropagationVolumeRuntime.dll (API version 3709383).
LogModuleManager: Display: Found up-to-date module file ../../../Engine/Plugins/Blendables/LightPropagationVolume/Binaries/Win64/UE4Editor-LightPropagationVolumeEditor.dll (API version 3709383).
LogModuleManager: Display: Found up-to-date module file ../../../Engine/Plugins/Developer/GitSourceControl/Binaries/Win64/UE4Editor-GitSourceControl.dll (API version 3709383).
LogModuleManager: Display: Found up-to-date module file ../../../Engine/Plugins/Developer/PerforceSourceControl/Binaries/Win64/UE4Editor-PerforceSourceControl.dll (API version 3709383).
LogModuleManager: Display: Found up-to-date module file ../../../Engine/Plugins/Developer/SubversionSourceControl/Binaries/Win64/UE4Editor-SubversionSourceControl.dll (API version 3709383).
LogModuleManager: Display: Found up-to-date module file ../../../Engine/Plugins/Developer/UObjectPlugin/Binaries/Win64/UE4Editor-UObjectPlugin.dll (API version 3709383).
LogModuleManager: Display: Found up-to-date module file ../../../Engine/Plugins/Developer/VisualStudioCodeSourceCodeAccess/Binaries/Win64/UE4Editor-VisualStudioCodeSourceCodeAccess.dll (API version 3709383).
LogModuleManager: Display: Found up-to-date module file ../../../Engine/Plugins/Developer/VisualStudioSourceCodeAccess/Binaries/Win64/UE4Editor-VisualStudioSourceCodeAccess.dll (API version 3709383).
LogModuleManager: Display: Found up-to-date module file ../../../Engine/Plugins/Editor/AssetManagerEditor/Binaries/Win64/UE4Editor-AssetManagerEditor.dll (API version 3709383).
LogModuleManager: Display: Found up-to-date module file ../../../Engine/Plugins/Editor/AudioCapture/Binaries/Win64/UE4Editor-AudioCapture.dll (API version 3709383).
LogModuleManager: Display: Found up-to-date module file ../../../Engine/Plugins/Editor/FacialAnimation/Binaries/Win64/UE4Editor-FacialAnimation.dll (API version 3709383).
LogModuleManager: Display: Found up-to-date module file ../../../Engine/Plugins/Editor/FacialAnimation/Binaries/Win64/UE4Editor-FacialAnimationEditor.dll (API version 3709383).
LogModuleManager: Display: Found up-to-date module file ../../../Engine/Plugins/Editor/GameplayTagsEditor/Binaries/Win64/UE4Editor-GameplayTagsEditor.dll (API version 3709383).
LogModuleManager: Display: Found up-to-date module file ../../../Engine/Plugins/Editor/MobileLauncherProfileWizard/Binaries/Win64/UE4Editor-MobileLauncherProfileWizard.dll (API version 3709383).
LogModuleManager: Display: Found up-to-date module file ../../../Engine/Plugins/Editor/PluginBrowser/Binaries/Win64/UE4Editor-PluginBrowser.dll (API version 3709383).
LogModuleManager: Display: Found up-to-date module file ../../../Engine/Plugins/Editor/SpeedTreeImporter/Binaries/Win64/UE4Editor-SpeedTreeImporter.dll (API version 3709383).
LogModuleManager: Display: Found up-to-date module file ../../../Engine/Plugins/Experimental/AlembicImporter/Binaries/Win64/UE4Editor-AlembicImporter.dll (API version 3709383).
LogModuleManager: Display: Found up-to-date module file ../../../Engine/Plugins/Experimental/AlembicImporter/Binaries/Win64/UE4Editor-AlembicLibrary.dll (API version 3709383).
LogModuleManager: Display: Found up-to-date module file ../../../Engine/Plugins/Experimental/CharacterAI/Binaries/Win64/UE4Editor-CharacterAI.dll (API version 3709383).
LogModuleManager: Display: Found up-to-date module file ../../../Engine/Plugins/Experimental/HTML5Networking/Binaries/Win64/UE4Editor-HTML5Networking.dll (API version 3709383).
LogModuleManager: Display: Found up-to-date module file ../../../Engine/Plugins/Media/AndroidMedia/Binaries/Win64/UE4Editor-AndroidMediaEditor.dll (API version 3709383).
LogModuleManager: Display: Found up-to-date module file ../../../Engine/Plugins/Media/AndroidMedia/Binaries/Win64/UE4Editor-AndroidMediaFactory.dll (API version 3709383).
LogModuleManager: Display: Found up-to-date module file ../../../Engine/Plugins/Media/AvfMedia/Binaries/Win64/UE4Editor-AvfMediaEditor.dll (API version 3709383).
LogModuleManager: Display: Found up-to-date module file ../../../Engine/Plugins/Media/AvfMedia/Binaries/Win64/UE4Editor-AvfMediaFactory.dll (API version 3709383).
LogModuleManager: Display: Found up-to-date module file ../../../Engine/Plugins/Media/AvfMedia/Binaries/Win64/UE4Editor-AvfMediaFactory.dll (API version 3709383).
LogModuleManager: Display: Found up-to-date module file ../../../Engine/Plugins/Media/ImgMedia/Binaries/Win64/UE4Editor-ImgMedia.dll (API version 3709383).
LogModuleManager: Display: Found up-to-date module file ../../../Engine/Plugins/Media/ImgMedia/Binaries/Win64/UE4Editor-ImgMediaEditor.dll (API version 3709383).
LogModuleManager: Display: Found up-to-date module file ../../../Engine/Plugins/Media/ImgMedia/Binaries/Win64/UE4Editor-ImgMediaFactory.dll (API version 3709383).
LogModuleManager: Display: Found up-to-date module file ../../../Engine/Plugins/Media/ImgMedia/Binaries/Win64/UE4Editor-ImgMediaFactory.dll (API version 3709383).
LogModuleManager: Display: Found up-to-date module file ../../../Engine/Plugins/Media/ImgMedia/Binaries/Win64/UE4Editor-OpenExrWrapper.dll (API version 3709383).
LogModuleManager: Display: Found up-to-date module file ../../../Engine/Plugins/Media/MediaCompositing/Binaries/Win64/UE4Editor-MediaCompositing.dll (API version 3709383).
LogModuleManager: Display: Found up-to-date module file ../../../Engine/Plugins/Media/MediaCompositing/Binaries/Win64/UE4Editor-MediaCompositingEditor.dll (API version 3709383).
LogModuleManager: Display: Found up-to-date module file ../../../Engine/Plugins/Media/MediaPlayerEditor/Binaries/Win64/UE4Editor-MediaPlayerEditor.dll (API version 3709383).
LogModuleManager: Display: Found up-to-date module file ../../../Engine/Plugins/Media/WmfMedia/Binaries/Win64/UE4Editor-WmfMedia.dll (API version 3709383).
LogModuleManager: Display: Found up-to-date module file ../../../Engine/Plugins/Media/WmfMedia/Binaries/Win64/UE4Editor-WmfMediaEditor.dll (API version 3709383).
LogModuleManager: Display: Found up-to-date module file ../../../Engine/Plugins/Media/WmfMedia/Binaries/Win64/UE4Editor-WmfMediaFactory.dll (API version 3709383).
LogModuleManager: Display: Found up-to-date module file ../../../Engine/Plugins/Media/WmfMedia/Binaries/Win64/UE4Editor-WmfMediaFactory.dll (API version 3709383).
LogModuleManager: Display: Found up-to-date module file ../../../Engine/Plugins/Messaging/TcpMessaging/Binaries/Win64/UE4Editor-TcpMessaging.dll (API version 3709383).
LogModuleManager: Display: Found up-to-date module file ../../../Engine/Plugins/Messaging/UdpMessaging/Binaries/Win64/UE4Editor-UdpMessaging.dll (API version 3709383).
LogModuleManager: Display: Found up-to-date module file ../../../Engine/Plugins/MovieScene/ActorSequence/Binaries/Win64/UE4Editor-ActorSequence.dll (API version 3709383).
LogModuleManager: Display: Found up-to-date module file ../../../Engine/Plugins/MovieScene/LevelSequenceEditor/Binaries/Win64/UE4Editor-LevelSequenceEditor.dll (API version 3709383).
LogModuleManager: Display: Found up-to-date module file ../../../Engine/Plugins/MovieScene/MatineeToLevelSequence/Binaries/Win64/UE4Editor-MatineeToLevelSequence.dll (API version 3709383).
LogModuleManager: Display: Found up-to-date module file ../../../Engine/Plugins/Online/OnlineSubsystem/Binaries/Win64/UE4Editor-OnlineSubsystem.dll (API version 3709383).
LogModuleManager: Display: Found up-to-date module file ../../../Engine/Plugins/Runtime/AndroidPermission/Binaries/Win64/UE4Editor-AndroidPermission.dll (API version 3709383).
LogModuleManager: Display: Found up-to-date module file ../../../Engine/Plugins/Online/OnlineSubsystemNull/Binaries/Win64/UE4Editor-OnlineSubsystemNull.dll (API version 3709383).
LogModuleManager: Display: Found up-to-date module file ../../../Engine/Plugins/Online/OnlineSubsystemUtils/Binaries/Win64/UE4Editor-OnlineSubsystemUtils.dll (API version 3709383).
LogModuleManager: Display: Found up-to-date module file ../../../Engine/Plugins/Online/OnlineSubsystemUtils/Binaries/Win64/UE4Editor-OnlineBlueprintSupport.dll (API version 3709383).
LogModuleManager: Display: Found up-to-date module file ../../../Engine/Plugins/Runtime/AndroidDeviceProfileSelector/Binaries/Win64/UE4Editor-AndroidDeviceProfileSelector.dll (API version 3709383).
LogModuleManager: Display: Found up-to-date module file ../../../Engine/Plugins/Runtime/AppleARKit/Binaries/Win64/UE4Editor-AppleARKit.dll (API version 3709383).
LogModuleManager: Display: Found up-to-date module file ../../../Engine/Plugins/Runtime/ArchVisCharacter/Binaries/Win64/UE4Editor-ArchVisCharacter.dll (API version 3709383).
LogModuleManager: Display: Found up-to-date module file ../../../Engine/Plugins/Runtime/CableComponent/Binaries/Win64/UE4Editor-CableComponent.dll (API version 3709383).
LogModuleManager: Display: Found up-to-date module file ../../../Engine/Plugins/Runtime/CustomMeshComponent/Binaries/Win64/UE4Editor-CustomMeshComponent.dll (API version 3709383).
LogModuleManager: Display: Found up-to-date module file ../../../Engine/Plugins/Runtime/ExampleDeviceProfileSelector/Binaries/Win64/UE4Editor-ExampleDeviceProfileSelector.dll (API version 3709383).
LogModuleManager: Display: Found up-to-date module file ../../../Engine/Plugins/Runtime/ImmediatePhysics/Binaries/Win64/UE4Editor-ImmediatePhysics.dll (API version 3709383).
LogModuleManager: Display: Found up-to-date module file ../../../Engine/Plugins/Runtime/ImmediatePhysics/Binaries/Win64/UE4Editor-ImmediatePhysicsEditor.dll (API version 3709383).
LogModuleManager: Display: Found up-to-date module file ../../../Engine/Plugins/Runtime/LocationServicesBPLibrary/Binaries/Win64/UE4Editor-LocationServicesBPLibrary.dll (API version 3709383).
LogModuleManager: Display: Found up-to-date module file ../../../Engine/Plugins/Runtime/MobilePatchingUtils/Binaries/Win64/UE4Editor-MobilePatchingUtils.dll (API version 3709383).
LogModuleManager: Display: Found up-to-date module file ../../../Engine/Plugins/Runtime/Oculus/OculusVR/Binaries/Win64/UE4Editor-OculusHMD.dll (API version 3709383).
LogModuleManager: Display: Found up-to-date module file ../../../Engine/Plugins/Runtime/Oculus/OculusVR/Binaries/Win64/UE4Editor-OculusInput.dll (API version 3709383).
LogModuleManager: Display: Found up-to-date module file ../../../Engine/Plugins/Runtime/Oculus/OculusVR/Binaries/Win64/UE4Editor-OculusEditor.dll (API version 3709383).
LogModuleManager: Display: Found up-to-date module file ../../../Engine/Plugins/Runtime/PhysXVehicles/Binaries/Win64/UE4Editor-PhysXVehicles.dll (API version 3709383).
LogModuleManager: Display: Found up-to-date module file ../../../Engine/Plugins/Runtime/PhysXVehicles/Binaries/Win64/UE4Editor-PhysXVehiclesEditor.dll (API version 3709383).
LogModuleManager: Display: Found up-to-date module file ../../../Engine/Plugins/Runtime/ProceduralMeshComponent/Binaries/Win64/UE4Editor-ProceduralMeshComponent.dll (API version 3709383).
LogModuleManager: Display: Found up-to-date module file ../../../Engine/Plugins/Runtime/ProceduralMeshComponent/Binaries/Win64/UE4Editor-ProceduralMeshComponentEditor.dll (API version 3709383).
LogModuleManager: Display: Found up-to-date module file ../../../Engine/Plugins/Runtime/RuntimePhysXCooking/Binaries/Win64/UE4Editor-RuntimePhysXCooking.dll (API version 3709383).
LogModuleManager: Display: Found up-to-date module file ../../../Engine/Plugins/Runtime/Steam/SteamVR/Binaries/Win64/UE4Editor-SteamVR.dll (API version 3709383).
LogModuleManager: Display: Found up-to-date module file ../../../Engine/Plugins/Runtime/Steam/SteamVR/Binaries/Win64/UE4Editor-SteamVRController.dll (API version 3709383).
LogModuleManager: Display: Found up-to-date module file ../../../Engine/Plugins/Runtime/WindowsMoviePlayer/Binaries/Win64/UE4Editor-WindowsMoviePlayer.dll (API version 3709383).
LogPluginManager: Mounting plugin Paper2D
LogPluginManager: Mounting plugin LightPropagationVolume
LogPluginManager: Mounting plugin CodeLiteSourceCodeAccess
LogPluginManager: Mounting plugin GitSourceControl
LogPluginManager: Mounting plugin KDevelopSourceCodeAccess
LogPluginManager: Mounting plugin NullSourceCodeAccess
LogPluginManager: Mounting plugin PerforceSourceControl
LogPluginManager: Mounting plugin SubversionSourceControl
LogPluginManager: Mounting plugin UObjectPlugin
LogPluginManager: Mounting plugin VisualStudioCodeSourceCodeAccess
LogPluginManager: Mounting plugin VisualStudioSourceCodeAccess
LogPluginManager: Mounting plugin XCodeSourceCodeAccess
LogPluginManager: Mounting plugin AssetManagerEditor
LogPluginManager: Mounting plugin AudioCapture
LogPluginManager: Mounting plugin FacialAnimation
LogPluginManager: Mounting plugin GameplayTagsEditor
LogPluginManager: Mounting plugin MobileLauncherProfileWizard
LogPluginManager: Mounting plugin PluginBrowser
LogPluginManager: Mounting plugin SpeedTreeImporter
LogPluginManager: Mounting plugin AlembicImporter
LogPluginManager: Mounting plugin CharacterAI
LogPluginManager: Mounting plugin HTML5Networking
LogPluginManager: Mounting plugin AndroidMedia
LogPluginManager: Mounting plugin AvfMedia
LogPluginManager: Mounting plugin ImgMedia
LogPluginManager: Mounting plugin MediaCompositing
LogPluginManager: Mounting plugin MediaPlayerEditor
LogPluginManager: Mounting plugin WmfMedia
LogPluginManager: Mounting plugin TcpMessaging
LogPluginManager: Mounting plugin UdpMessaging
LogPluginManager: Mounting plugin ActorSequence
LogPluginManager: Mounting plugin LevelSequenceEditor
LogPluginManager: Mounting plugin MatineeToLevelSequence
LogPluginManager: Mounting plugin OnlineSubsystemGooglePlay
LogPluginManager: Mounting plugin OnlineSubsystemIOS
LogPluginManager: Mounting plugin OnlineSubsystem
LogPluginManager: Mounting plugin OnlineSubsystemNull
LogPluginManager: Mounting plugin OnlineSubsystemUtils
LogPluginManager: Mounting plugin AndroidDeviceProfileSelector
LogPluginManager: Mounting plugin AndroidMoviePlayer
LogPluginManager: Mounting plugin AndroidPermission
LogPluginManager: Mounting plugin AppleARKit
LogPluginManager: Mounting plugin AppleMoviePlayer
LogPluginManager: Mounting plugin ArchVisCharacter
LogPluginManager: Mounting plugin CableComponent
LogPluginManager: Mounting plugin CustomMeshComponent
LogPluginManager: Mounting plugin ExampleDeviceProfileSelector
LogPluginManager: Mounting plugin GoogleCloudMessaging
LogPluginManager: Mounting plugin ImmediatePhysics
LogPluginManager: Mounting plugin IOSDeviceProfileSelector
LogPluginManager: Mounting plugin LinuxDeviceProfileSelector
LogPluginManager: Mounting plugin LocationServicesBPLibrary
LogPluginManager: Mounting plugin MobilePatchingUtils
LogPluginManager: Mounting plugin OculusVR
LogPluginManager: Plugin shader directory ../../../Engine/Plugins/Runtime/Oculus/OculusVR/Shaders found
LogPluginManager: Mapping shader source directory ../../../Engine/Plugins/Runtime/Oculus/OculusVR/Shaders to virtual directory /Plugin/OculusVR
LogPluginManager: Mounting plugin PhysXVehicles
LogPluginManager: Mounting plugin ProceduralMeshComponent
LogPluginManager: Mounting plugin RuntimePhysXCooking
LogPluginManager: Mounting plugin SteamVR
LogPluginManager: Mounting plugin WindowsMoviePlayer
LogInit: Using libcurl 7.47.1
LogInit:  - built for x86_64-pc-win32
LogInit:  - supports SSL with OpenSSL/1.0.2g
LogInit:  - supports HTTP deflate (compression) using libz 1.2.8
LogInit:  - other features:
LogInit:      CURL_VERSION_SSL
LogInit:      CURL_VERSION_LIBZ
LogInit:      CURL_VERSION_IPV6
LogInit:      CURL_VERSION_ASYNCHDNS
LogInit:      CURL_VERSION_LARGEFILE
LogInit:      CURL_VERSION_IDN
LogInit:  CurlRequestOptions (configurable via config and command line):
LogInit:  - bVerifyPeer = false  - Libcurl will NOT verify peer certificate
LogInit:  - bUseHttpProxy = false  - Libcurl will NOT use HTTP proxy
LogInit:  - bDontReuseConnections = false  - Libcurl will reuse connections
LogInit:  - CertBundlePath = nullptr  - Libcurl will use whatever was configured at build time.
LogInit: Build: ++UE4+Release-4.18-CL-3832480
LogInit: Engine Version: 4.18.3-3832480+++UE4+Release-4.18
LogInit: Compatible Engine Version: 4.18.0-3709383+++UE4+Release-4.18
LogInit: Net CL: 3709383
LogDevObjectVersion: Number of dev versions registered: 16
LogDevObjectVersion:   Dev-Blueprints (B0D832E4-1F89-4F0D-ACCF-7EB736FD4AA2): 10
LogDevObjectVersion:   Dev-Build (E1C64328-A22C-4D53-A36C-8E866417BD8C): 0
LogDevObjectVersion:   Dev-Core (375EC13C-06E4-48FB-B500-84F0262A717E): 2
LogDevObjectVersion:   Dev-Editor (E4B068ED-F494-42E9-A231-DA0B2E46BB41): 20
LogDevObjectVersion:   Dev-Framework (CFFC743F-43B0-4480-9391-14DF171D2073): 30
LogDevObjectVersion:   Dev-Mobile (B02B49B5-BB20-44E9-A304-32B752E40360): 0
LogDevObjectVersion:   Dev-Networking (A4E4105C-59A1-49B5-A7C5-40C4547EDFEE): 0
LogDevObjectVersion:   Dev-Online (39C831C9-5AE6-47DC-9A44-9C173E1C8E7C): 0
LogDevObjectVersion:   Dev-Physics (78F01B33-EBEA-4F98-B9B4-84EACCB95AA2): 0
LogDevObjectVersion:   Dev-Platform (6631380F-2D4D-43E0-8009-CF276956A95A): 0
LogDevObjectVersion:   Dev-Rendering (12F88B9F-8875-4AFC-A67C-D90C383ABD29): 20
LogDevObjectVersion:   Dev-Sequencer (7B5AE74C-D270-4C10-A958-57980B212A5A): 4
LogDevObjectVersion:   Dev-VR (D7296918-1DD6-4BDD-9DE2-64A83CC13884): 0
LogDevObjectVersion:   Dev-LoadTimes (C2A15278-BFE7-4AFE-6C17-90FF531DF755): 1
LogDevObjectVersion:   Private-Geometry (6EACA3D4-40EC-4CC1-B786-8BED09428FC5): 1
LogDevObjectVersion:   Dev-AnimPhys (29E575DD-E0A3-4627-9D10-D276232CDCEA): 12
LogInit: Compiled (64-bit): Jan 12 2018 02:04:55
LogInit: Compiled with Visual C++: 19.00.24215.01
LogInit: Build Configuration: Development
LogInit: Branch Name: ++UE4+Release-4.18
LogInit: Command line:  
LogInit: Base directory: E:/GameDev/Unreal/Engine/UE_4.18/Engine/Binaries/Win64/
LogInit: Installed Engine Build: 1
LogInit: Presizing for max 8388607 objects, including 0 objects not considered by GC, pre-allocating 0 bytes for permanent pool.
LogInit: Object subsystem initialized
[2020.11.30-04.23.42:570][  0]LogInit: Selected Device Profile: [Windows]
[2020.11.30-04.23.42:570][  0]LogInit: Applying CVar settings loaded from the selected device profile: [Windows]
[2020.11.30-04.23.42:803][  0]LogInit: Computer: ISHRAQ-PC
[2020.11.30-04.23.42:803][  0]LogInit: User: farha
[2020.11.30-04.23.42:803][  0]LogInit: CPU Page size=4096, Cores=2
[2020.11.30-04.23.42:803][  0]LogInit: High frequency timer resolution =10.000000 MHz
[2020.11.30-04.23.42:804][  0]LogMemory: Memory total: Physical=3.9GB (4GB approx)
[2020.11.30-04.23.42:805][  0]LogMemory: Platform Memory Stats for Windows
[2020.11.30-04.23.42:805][  0]LogMemory: Process Physical Memory: 272.66 MB used, 272.66 MB peak
[2020.11.30-04.23.42:805][  0]LogMemory: Process Virtual Memory: 265.37 MB used, 265.37 MB peak
[2020.11.30-04.23.42:805][  0]LogMemory: Physical Memory: 3122.61 MB used,  854.41 MB free, 3977.01 MB total
[2020.11.30-04.23.42:805][  0]LogMemory: Virtual Memory: 4755.71 MB used,  854.41 MB free, 134217728.00 MB total
[2020.11.30-04.23.45:635][  0]LogInit: Using OS detected language (en-US).
[2020.11.30-04.23.45:635][  0]LogInit: Using OS detected locale (en-US).
[2020.11.30-04.23.46:037][  0]LogTextLocalizationManager: No specific localization for 'en-US' exists, so the 'en' localization will be used.
[2020.11.30-04.23.48:112][  0]LogInit: Setting process to per monitor DPI aware
[2020.11.30-04.24.00:847][  0]LogD3D11RHI: D3D11 adapters:
[2020.11.30-04.24.00:885][  0]LogD3D11RHI:    0. 'Intel(R) HD Graphics 3000' (Feature Level 10_0)
[2020.11.30-04.24.00:885][  0]LogD3D11RHI:       32/0/1632 MB DedicatedVideo/DedicatedSystem/SharedSystem, Outputs:1, VendorId:0x8086
[2020.11.30-04.24.00:934][  0]LogD3D11RHI:    1. 'Microsoft Basic Render Driver' (Feature Level 11_0)
[2020.11.30-04.24.00:934][  0]LogD3D11RHI:       0/0/1988 MB DedicatedVideo/DedicatedSystem/SharedSystem, Outputs:0, VendorId:0x1414
[2020.11.30-04.24.00:934][  0]LogD3D11RHI: Chosen D3D11 Adapter: 0
[2020.11.30-04.24.00:959][  0]LogD3D11RHI: Creating new Direct3DDevice
[2020.11.30-04.24.00:960][  0]LogD3D11RHI:     GPU DeviceId: 0x126 (for the marketing name, search the web for "GPU Device Id")
[2020.11.30-04.24.00:960][  0]LogWindows: EnumDisplayDevices:
[2020.11.30-04.24.00:960][  0]LogWindows:    0. 'Intel(R) HD Graphics 3000' (P:1 D:1)
[2020.11.30-04.24.01:102][  0]LogWindows:    1. 'Intel(R) HD Graphics 3000' (P:0 D:0)
[2020.11.30-04.24.01:102][  0]LogWindows: DebugString: GetVideoDriverDetailsInvalid PrimaryIsNotTheChoosenAdapter GetVideoDriverDetailsInvalid PrimaryIsNotTheChoosenAdapter FoundDriverCount:0 
[2020.11.30-04.24.01:102][  0]LogD3D11RHI:     Adapter Name: Intel(R) HD Graphics 3000
[2020.11.30-04.24.01:102][  0]LogD3D11RHI:   Driver Version: Unknown (internal:Unknown, unified:Unknown)
[2020.11.30-04.24.01:102][  0]LogD3D11RHI:      Driver Date: Unknown
[2020.11.30-04.24.01:102][  0]LogRHI: Texture pool is 593 MB (70% of 848 MB)
[2020.11.30-04.24.01:122][  0]LogD3D11RHI: Async texture creation enabled
[2020.11.30-04.24.01:753][  0]LogD3D11RHI: GPU Timing Frequency: 12.500000 (Debug: 2 1)
[2020.11.30-04.24.01:941][  0]LogShaderCompilers: Guid format shader working directory is -2 characters bigger than the processId version (../../../../../Projects/Client_Projects/Inv_Farm/Intermediate/Shaders/WorkingDirectory/5584/).
[2020.11.30-04.24.01:941][  0]LogShaderCompilers: Cleaned the shader compiler working directory 'C:/Users/farha/AppData/Local/Temp/UnrealShaderWorkingDir/A2C8512E402D5775FCE314BF8E54174D/'.
[2020.11.30-04.24.01:955][  0]LogShaderCompilers: Display: Using Local Shader Compiler.
[2020.11.30-04.24.34:231][  0]LogTemp: Display: Loaded TP AllDesktopTargetPlatform
[2020.11.30-04.24.34:326][  0]LogTemp: Display: Loaded TP MacClientTargetPlatform
[2020.11.30-04.24.34:411][  0]LogTemp: Display: Loaded TP MacNoEditorTargetPlatform
[2020.11.30-04.24.34:537][  0]LogTemp: Display: Loaded TP MacServerTargetPlatform
[2020.11.30-04.24.34:828][  0]LogTemp: Display: Loaded TP MacTargetPlatform
[2020.11.30-04.24.35:084][  0]LogTemp: Display: Loaded TP WindowsClientTargetPlatform
[2020.11.30-04.24.35:179][  0]LogTemp: Display: Loaded TP WindowsNoEditorTargetPlatform
[2020.11.30-04.24.35:279][  0]LogTemp: Display: Loaded TP WindowsServerTargetPlatform
[2020.11.30-04.24.35:674][  0]LogTemp: Display: Loaded TP WindowsTargetPlatform
[2020.11.30-04.24.36:569][  0]LogTemp: Display: Loaded TP Android_ASTCTargetPlatform
[2020.11.30-04.24.37:002][  0]LogTemp: Display: Loaded TP Android_ATCTargetPlatform
[2020.11.30-04.24.37:162][  0]LogTemp: Display: Loaded TP Android_DXTTargetPlatform
[2020.11.30-04.24.37:237][  0]LogTemp: Display: Loaded TP Android_ETC1TargetPlatform
[2020.11.30-04.24.37:344][  0]LogTemp: Display: Loaded TP Android_ETC2TargetPlatform
[2020.11.30-04.24.37:641][  0]LogTemp: Display: Loaded TP Android_MultiTargetPlatform
[2020.11.30-04.24.37:648][  0]LogTemp: Display: Loaded TP Android_PVRTCTargetPlatform
[2020.11.30-04.24.37:840][  0]LogTemp: Display: Loaded TP AndroidTargetPlatform
[2020.11.30-04.24.37:966][  0]LogTemp: Display: Loaded TP HTML5TargetPlatform
[2020.11.30-04.24.39:188][  0]LogTemp: Display: Loaded TP IOSTargetPlatform
[2020.11.30-04.24.39:985][  0]LogTemp: Display: Loaded TP TVOSTargetPlatform
[2020.11.30-04.24.40:088][  0]LogTemp: Display: Loaded TP LinuxClientTargetPlatform
[2020.11.30-04.24.40:520][  0]LogTemp: Display: Loaded TP LinuxNoEditorTargetPlatform
[2020.11.30-04.24.40:760][  0]LogTemp: Display: Loaded TP LinuxServerTargetPlatform
[2020.11.30-04.24.40:880][  0]LogTemp: Display: Loaded TP LinuxTargetPlatform
[2020.11.30-04.24.40:913][  0]LogTargetPlatformManager: Display: Building Assets For Windows
[2020.11.30-04.24.57:523][  0]LogDerivedDataCache: Display: Max Cache Size: 512 MB
[2020.11.30-04.25.18:745][  0]LogDerivedDataCache: Loaded boot cache 21.20s 75MB C:/Users/farha/AppData/Local/UnrealEngine/4.18/DerivedDataCache/Boot.ddc.
[2020.11.30-04.25.18:819][  0]LogDerivedDataCache: Display: Loaded Boot cache: C:/Users/farha/AppData/Local/UnrealEngine/4.18/DerivedDataCache/Boot.ddc
[2020.11.30-04.25.18:819][  0]LogDerivedDataCache: FDerivedDataBackendGraph:  Pak pak cache file ../../../../../Projects/Client_Projects/Inv_Farm/DerivedDataCache/DDC.ddp not found, will not use a pak cache.
[2020.11.30-04.25.18:819][  0]LogDerivedDataCache: Unable to find inner node Pak for hierarchical cache Hierarchy.
[2020.11.30-04.25.18:819][  0]LogDerivedDataCache: FDerivedDataBackendGraph:  CompressedPak pak cache file ../../../../../Projects/Client_Projects/Inv_Farm/DerivedDataCache/Compressed.ddp not found, will not use a pak cache.
[2020.11.30-04.25.18:819][  0]LogDerivedDataCache: Unable to find inner node CompressedPak for hierarchical cache Hierarchy.
[2020.11.30-04.25.19:650][  0]LogDerivedDataCache: Display: Pak cache opened for reading ../../../Engine/DerivedDataCache/Compressed.ddp.
[2020.11.30-04.25.19:678][  0]LogDerivedDataCache: Using Local data cache path C:/Users/farha/AppData/Local/UnrealEngine/Common/DerivedDataCache: Writable
[2020.11.30-04.25.20:089][  0]LogMaterial: Verifying Global Shaders for PCD3D_SM4
[2020.11.30-04.25.20:458][  0]LogSlate: Using Freetype 2.6.0
[2020.11.30-04.25.20:681][  0]LogSlate: SlateFontCache - WITH_FREETYPE: 1, WITH_HARFBUZZ: 1
[2020.11.30-04.25.20:704][  0]LogSlate: SlateFontCache - WITH_FREETYPE: 1, WITH_HARFBUZZ: 1
[2020.11.30-04.26.12:519][  0]LogInit: Selected Device Profile: [Windows]
[2020.11.30-04.26.19:461][  0]LogSimplygon: Simplygon DLL not present - disabling.
[2020.11.30-04.26.19:580][  0]LogMeshReduction: Using SimplygonSwarm for distributed automatic mesh merging
[2020.11.30-04.26.19:585][  0]LogMeshReduction: Using QuadricMeshReduction for automatic static mesh reduction
[2020.11.30-04.26.19:585][  0]LogMeshReduction: No automatic skeletal mesh reduction module available
[2020.11.30-04.26.19:585][  0]LogMeshReduction: No automatic mesh merging module available
[2020.11.30-04.26.19:585][  0]LogMeshMerging: No automatic mesh merging module available
[2020.11.30-04.26.20:951][  0]LogNetVersion: Inv_Farm , NetCL: 3709383, EngineNetVer: 2, GameNetVer: 0 (Checksum: 4224015312)
[2020.11.30-04.26.25:285][  0]LogAssetRegistry: FAssetRegistry took 0.0463 seconds to start up
[2020.11.30-04.26.37:634][  0]LogPackageLocalizationCache: Processed 7 localized package path(s) for 2 prioritized culture(s) in 0.627557 seconds
[2020.11.30-04.26.37:693][  0]LogUObjectArray: 35870 objects as part of root set at end of initial load.
[2020.11.30-04.26.37:696][  0]LogUObjectAllocator: 7363696 out of 0 bytes used by permanent object pool.
[2020.11.30-04.26.37:696][  0]LogUObjectArray: CloseDisregardForGC: 0/0 objects in disregard for GC pool
[2020.11.30-04.26.38:325][  0]LogInit: WinSock: version 1.1 (2.2), MaxSocks=32767, MaxUdp=65467
[2020.11.30-04.27.43:776][  0]LogTcpMessaging: Initializing TcpMessaging bridge
[2020.11.30-04.27.43:924][  0]LogUdpMessaging: Initializing bridge on interface 0.0.0.0:0 to multicast group 230.0.0.1:6666.
[2020.11.30-04.27.50:435][  0]LogMaterial: Uniform references updated for custom material expression Custom.
[2020.11.30-04.28.06:784][  0]SourceControl: Source control is disabled
[2020.11.30-04.28.06:811][  0]SourceControl: Source control is disabled
[2020.11.30-04.28.07:044][  0]SourceControl: Source control is disabled
[2020.11.30-04.28.07:227][  0]SourceControl: Source control is disabled
[2020.11.30-04.28.13:628][  0]LogAndroidPermission: UAndroidPermissionCallbackProxy::GetInstance
[2020.11.30-04.28.14:706][  0]LogOcInput: OculusInput pre-init called
[2020.11.30-04.28.17:475][  0]LogEngine: Initializing Engine...
[2020.11.30-04.28.17:615][  0]LogHMD: Failed to initialize OpenVR with code 110
[2020.11.30-04.28.23:409][  0]LogStats: UGameplayTagsManager::ConstructGameplayTagTree: Construct from data asset -  0.000 s
[2020.11.30-04.28.23:411][  0]LogStats: UGameplayTagsManager::ConstructGameplayTagTree: GameplayTagTreeChangedEvent.Broadcast -  0.000 s
[2020.11.30-04.28.31:971][  0]LogAIModule: Creating AISystem for world Untitled
[2020.11.30-04.28.32:700][  0]LogInit: XAudio2 using 'Speakers (2- High Definition Audio Device)' : 2 channels at 48 kHz using 16 bits per sample (channel mask 0x3)
[2020.11.30-04.28.32:883][  0]LogInit: FAudioDevice initialized.
[2020.11.30-04.28.34:393][  0]LogDerivedDataCache: Saved boot cache 1.39s 75MB C:/Users/farha/AppData/Local/UnrealEngine/4.18/DerivedDataCache/Boot.ddc.
[2020.11.30-04.28.34:633][  0]LogInit: Texture streaming: Enabled
[2020.11.30-04.28.35:290][  0]LogEngineSessionManager: EngineSessionManager initialized
[2020.11.30-04.28.38:936][  0]LogInit: Transaction tracking system initialized
[2020.11.30-04.28.41:606][  0]BlueprintLog: New page: Editor Load
[2020.11.30-04.28.49:940][  0]LocalizationService: Localization service is disabled
[2020.11.30-04.29.02:421][  0]LogConsoleResponse: Display: 
[2020.11.30-04.29.12:497][  0]LogCook: Display: Max memory allowance for cook 16384mb min free memory 0mb
[2020.11.30-04.29.12:537][  0]LogCook: Display: Mobile HDR setting 1
[2020.11.30-04.29.12:583][  0]LogFileCache: Scanning file cache for directory 'E:/GameDev/Unreal/Projects/Client_Projects/Inv_Farm/Content/' took 0.25s
[2020.11.30-04.29.12:583][  0]LogGameplayTags: Display: UGameplayTagsManager::DoneAddingNativeTags. DelegateIsBound: 0
[2020.11.30-04.29.23:678][  0]SourceControl: Source control is disabled
[2020.11.30-04.29.23:897][  0]Cmd: MAP LOAD FILE="../../../../../Projects/Client_Projects/Inv_Farm/Content/Maps/ThirdPersonExampleMap.umap" TEMPLATE=0 SHOWPROGRESS=1 FEATURELEVEL=2
[2020.11.30-04.29.24:045][  0]LightingResults: New page: Lighting Build
[2020.11.30-04.29.24:590][  0]MapCheck: New page: Map Check
[2020.11.30-04.29.24:590][  0]LightingResults: New page: Lighting Build
[2020.11.30-04.29.51:397][  0]LogAIModule: Creating AISystem for world ThirdPersonExampleMap
[2020.11.30-04.30.03:254][  0]LogEditorServer: Finished looking for orphan Actors (0.000 secs)
[2020.11.30-04.30.04:695][  0]Cmd: MAP CHECKDEP NOCLEARLOG
[2020.11.30-04.30.04:940][  0]MapCheck: Map check complete: 0 Error(s), 0 Warning(s), took 218.968ms to complete.
[2020.11.30-04.30.04:940][  0]LogFileHelpers: Loading map 'ThirdPersonExampleMap' took 41.108
[2020.11.30-04.30.21:487][  0]LogCollectionManager: Loaded 0 collections in 0.001812 seconds
[2020.11.30-04.30.22:097][  0]LogFileCache: Scanning file cache for directory 'E:/GameDev/Unreal/Projects/Client_Projects/Inv_Farm/Saved/Collections/' took 0.01s
[2020.11.30-04.30.22:097][  0]LogFileCache: Scanning file cache for directory 'E:/GameDev/Unreal/Projects/Client_Projects/Inv_Farm/Content/Developers/farha/Collections/' took 0.01s
[2020.11.30-04.30.22:097][  0]LogFileCache: Scanning file cache for directory 'E:/GameDev/Unreal/Projects/Client_Projects/Inv_Farm/Content/Collections/' took 0.01s
[2020.11.30-04.30.22:097][  0]LogCollectionManager: Rebuilt the GUID cache for 0 collections in 0.000001 seconds
[2020.11.30-04.30.22:763][  0]LogContentBrowser: Native class hierarchy populated in 0.6380 seconds. Added 2364 classes and 521 folders.
[2020.11.30-04.30.23:808][  0]LogContentBrowser: Native class hierarchy updated for 'WidgetCarousel' in 0.0004 seconds. Added 0 classes and 0 folders.
[2020.11.30-04.30.27:711][  0]LogContentBrowser: Native class hierarchy updated for 'AddContentDialog' in 0.0004 seconds. Added 0 classes and 0 folders.
[2020.11.30-04.30.28:922][  0]LogSlate: Took 0.037535 seconds to synchronously load lazily loaded font '../../../Engine/Content/Slate/Fonts/Roboto-Regular.ttf' (155K)
[2020.11.30-04.30.29:486][  0]LogSlate: Took 0.066890 seconds to synchronously load lazily loaded font '../../../Engine/Content/Slate/Fonts/Roboto-Bold.ttf' (160K)
[2020.11.30-04.30.32:908][  0]LogRenderer: Reallocating scene render targets to support 1016x656 Format 9 NumSamples 1 (Frame:1).
[2020.11.30-04.30.40:678][  0]LogContentBrowser: Native class hierarchy updated for 'HierarchicalLODOutliner' in 0.0006 seconds. Added 1 classes and 2 folders.
[2020.11.30-04.30.40:678][  0]LogLoad: (Engine Initialization) Total time: 457.73 seconds
[2020.11.30-04.30.40:678][  0]LogLoad: (Engine Initialization) Total Blueprint compile time: 0.00 seconds
[2020.11.30-04.30.40:737][  0]LogExternalProfiler: No external profilers were discovered.  External profiling features will not be available.
[2020.11.30-04.30.42:269][  0]LogContentStreaming: Texture pool size now 400 MB
[2020.11.30-04.30.45:951][  5]LogAssetRegistry: Asset discovery search completed in 260.6903 seconds
[2020.11.30-04.30.46:051][  5]LogCollectionManager: Rebuilt the object cache for 0 collections in 0.000001 seconds (found 0 objects)
[2020.11.30-04.30.46:053][  5]LogCollectionManager: Fixed up redirectors for 0 collections in 0.008831 seconds (updated 0 objects)
[2020.11.30-06.43.20:843][945]LogEditorViewport: Clicking on Actor (context menu): StaticMeshActor (Ramp_StaticMesh)
[2020.11.30-06.43.25:725][945]LogEditorViewport: Clicking on Actor (context menu): StaticMeshActor (Wall7)
[2020.11.30-06.43.26:264][945]LogSlate: Took 0.052912 seconds to synchronously load lazily loaded font '../../../Engine/Content/Editor/Slate/Fonts/FontAwesome.ttf' (139K)
[2020.11.30-06.43.30:464][949]LogEditorViewport: Clicking on Actor (context menu): StaticMeshActor (Ramp_StaticMesh)
[2020.11.30-06.43.41:440][385]LogEditorViewport: Clicking on Actor (LMB): ThirdPersonCharacter_C (ThirdPersonCharacter)
[2020.11.30-06.44.07:154][636]LogTemp: Repeating last play command: Selected Viewport
[2020.11.30-06.44.09:012][636]LogBlueprintUserMessages: Early PlayInEditor Detection: Level '/Game/Maps/ThirdPersonExampleMap.ThirdPersonExampleMap:PersistentLevel' has LevelScriptBlueprint '/Game/Maps/ThirdPersonExampleMap.ThirdPersonExampleMap:PersistentLevel.ThirdPersonExampleMap' with GeneratedClass '/Game/Maps/ThirdPersonExampleMap.ThirdPersonExampleMap_C' with ClassGeneratedBy '/Game/Maps/ThirdPersonExampleMap.ThirdPersonExampleMap:PersistentLevel.ThirdPersonExampleMap'
[2020.11.30-06.44.09:058][636]LogPlayLevel: PlayLevel: No blueprints needed recompiling
[2020.11.30-06.44.09:519][636]PIE: New page: PIE session: ThirdPersonExampleMap (Nov 30, 2020, 6:44:09 PM)
[2020.11.30-06.44.09:554][636]LogPlayLevel: Creating play world package: /Game/Maps/UEDPIE_0_ThirdPersonExampleMap
[2020.11.30-06.44.10:686][636]LogPlayLevel: PIE: StaticDuplicateObject took: (1.122063s)
[2020.11.30-06.44.11:127][636]LogAIModule: Creating AISystem for world ThirdPersonExampleMap
[2020.11.30-06.44.11:204][636]LogPlayLevel: PIE: World Init took: (0.492903s)
[2020.11.30-06.44.11:238][636]LogPlayLevel: PIE: Created PIE world by copying editor world from /Game/Maps/ThirdPersonExampleMap.ThirdPersonExampleMap to /Game/Maps/UEDPIE_0_ThirdPersonExampleMap.ThirdPersonExampleMap (1.703348s)
[2020.11.30-06.44.12:568][636]LogInit: XAudio2 using 'Speakers (2- High Definition Audio Device)' : 2 channels at 48 kHz using 16 bits per sample (channel mask 0x3)
[2020.11.30-06.44.12:690][636]LogInit: FAudioDevice initialized.
[2020.11.30-06.44.12:996][636]LogLoad: Game class is 'GameModeBase'
[2020.11.30-06.44.13:524][636]LogWorld: Bringing World /Game/Maps/UEDPIE_0_ThirdPersonExampleMap.ThirdPersonExampleMap up for play (max tick rate 0) at 2020.11.30-12.44.13
[2020.11.30-06.44.13:661][636]LogWorld: Bringing up level for play took: 0.461413
[2020.11.30-06.44.16:499][636]LogContentBrowser: Native class hierarchy updated for 'MovieSceneCapture' in 0.1209 seconds. Added 11 classes and 0 folders.
[2020.11.30-06.44.17:047][636]PIE: Play in editor start time for /Game/Maps/UEDPIE_0_ThirdPersonExampleMap 8.896
[2020.11.30-06.44.17:060][636]LogBlueprintUserMessages: Late PlayInEditor Detection: Level '/Game/Maps/ThirdPersonExampleMap.ThirdPersonExampleMap:PersistentLevel' has LevelScriptBlueprint '/Game/Maps/ThirdPersonExampleMap.ThirdPersonExampleMap:PersistentLevel.ThirdPersonExampleMap' with GeneratedClass '/Game/Maps/ThirdPersonExampleMap.ThirdPersonExampleMap_C' with ClassGeneratedBy '/Game/Maps/ThirdPersonExampleMap.ThirdPersonExampleMap:PersistentLevel.ThirdPersonExampleMap'
[2020.11.30-06.44.20:702][680]LogBlueprintUserMessages: Early EndPlayMap Detection: Level '/Game/Maps/ThirdPersonExampleMap.ThirdPersonExampleMap:PersistentLevel' has LevelScriptBlueprint '/Game/Maps/ThirdPersonExampleMap.ThirdPersonExampleMap:PersistentLevel.ThirdPersonExampleMap' with GeneratedClass '/Game/Maps/ThirdPersonExampleMap.ThirdPersonExampleMap_C' with ClassGeneratedBy '/Game/Maps/ThirdPersonExampleMap.ThirdPersonExampleMap:PersistentLevel.ThirdPersonExampleMap'
[2020.11.30-06.44.21:275][680]LogBlueprintUserMessages: Late EndPlayMap Detection: Level '/Game/Maps/ThirdPersonExampleMap.ThirdPersonExampleMap:PersistentLevel' has LevelScriptBlueprint '/Game/Maps/ThirdPersonExampleMap.ThirdPersonExampleMap:PersistentLevel.ThirdPersonExampleMap' with GeneratedClass '/Game/Maps/ThirdPersonExampleMap.ThirdPersonExampleMap_C' with ClassGeneratedBy '/Game/Maps/ThirdPersonExampleMap.ThirdPersonExampleMap:PersistentLevel.ThirdPersonExampleMap'
[2020.11.30-06.44.33:938][752]LogSlate: Took 0.049686 seconds to synchronously load lazily loaded font '../../../Engine/Content/Slate/Fonts/Roboto-Light.ttf' (159K)
[2020.11.30-06.45.02:423][518]LogSlate: Took 0.000303 seconds to synchronously load lazily loaded font '../../../Engine/Content/Slate/Fonts/Roboto-Light.ttf' (159K)
[2020.11.30-06.45.02:725][518]LogSlate: Took 0.029775 seconds to synchronously load lazily loaded font '../../../Engine/Content/Slate/Fonts/Roboto-Regular.ttf' (155K)
[2020.11.30-06.45.05:536][518]LogContentBrowser: Native class hierarchy updated for 'BlueprintGraph' in 0.0730 seconds. Added 116 classes and 0 folders.
[2020.11.30-06.45.14:457][518]LogSlate: Took 0.028901 seconds to synchronously load lazily loaded font '../../../Engine/Content/Editor/Slate/Fonts/Roboto-BoldCondensed.ttf' (158K)
[2020.11.30-06.45.51:633][680]BlueprintLog: New page: Compile PlayerHUD
[2020.11.30-06.45.53:988][728]LogSavePackage: Save=158.41ms
[2020.11.30-06.45.53:988][728]LogSavePackage: Moving '../../../../../Projects/Client_Projects/Inv_Farm/Saved/PlayerHUDAB0AF6E041B18504C394ADB3BEEB76E8.tmp' to '../../../../../Projects/Client_Projects/Inv_Farm/Content/ThirdPerson/ThirdPersonBP/Blueprints/PlayerHUD.uasset'
[2020.11.30-06.45.54:051][728]LogSavePackage: Display: Finished SavePackage ../../../../../Projects/Client_Projects/Inv_Farm/Content/ThirdPerson/ThirdPersonBP/Blueprints/PlayerHUD.uasset
[2020.11.30-06.46.00:827][996]LogSlate: Took 0.038092 seconds to synchronously load lazily loaded font '../../../Engine/Content/Editor/Slate/Fonts/Roboto-Italic.ttf' (157K)
[2020.11.30-06.46.44:827][860]BlueprintLog: New page: Compile ThirdPersonCharacter
[2020.11.30-06.46.46:716][889]LogSavePackage: Save=251.21ms
[2020.11.30-06.46.46:716][889]LogSavePackage: Moving '../../../../../Projects/Client_Projects/Inv_Farm/Saved/ThirdPersonCharacter6AC1BF934D6837B8789646A597A1015A.tmp' to '../../../../../Projects/Client_Projects/Inv_Farm/Content/ThirdPerson/ThirdPersonBP/Blueprints/ThirdPersonCharacter.uasset'
[2020.11.30-06.46.46:731][889]LogSavePackage: Display: Finished SavePackage ../../../../../Projects/Client_Projects/Inv_Farm/Content/ThirdPerson/ThirdPersonBP/Blueprints/ThirdPersonCharacter.uasset
[2020.11.30-06.46.50:204][196]Cmd: OBJ SAVEPACKAGE PACKAGE="/Game/Maps/ThirdPersonExampleMap" FILE="../../../../../Projects/Client_Projects/Inv_Farm/Content/Maps/ThirdPersonExampleMap.umap" SILENT=true AUTOSAVING=false KEEPDIRTY=false
[2020.11.30-06.46.50:884][196]LogSavePackage: Save=467.81ms
[2020.11.30-06.46.50:885][196]LogSavePackage: Moving '../../../../../Projects/Client_Projects/Inv_Farm/Saved/ThirdPersonExampleMap61FCD8054A26E00C608030B34DDE7560.tmp' to '../../../../../Projects/Client_Projects/Inv_Farm/Content/Maps/ThirdPersonExampleMap.umap'
[2020.11.30-06.46.50:896][196]LogSavePackage: Display: Finished SavePackage ../../../../../Projects/Client_Projects/Inv_Farm/Content/Maps/ThirdPersonExampleMap.umap
[2020.11.30-06.46.51:014][196]Cmd: OBJ SAVEPACKAGE PACKAGE="/Game/Maps/ThirdPersonExampleMap_BuiltData" FILE="../../../../../Projects/Client_Projects/Inv_Farm/Content/Maps/ThirdPersonExampleMap_BuiltData.uasset" SILENT=true
[2020.11.30-06.46.51:815][196]LogSavePackage: Save=612.15ms
[2020.11.30-06.46.51:815][196]LogSavePackage: Moving '../../../../../Projects/Client_Projects/Inv_Farm/Saved/ThirdPersonExampleMap_BuiltDataA39117664D6478EA3081D68C7034FF30.tmp' to '../../../../../Projects/Client_Projects/Inv_Farm/Content/Maps/ThirdPersonExampleMap_BuiltData.uasset'
[2020.11.30-06.46.51:828][196]LogSavePackage: Display: Finished SavePackage ../../../../../Projects/Client_Projects/Inv_Farm/Content/Maps/ThirdPersonExampleMap_BuiltData.uasset
[2020.11.30-06.47.02:613][940]BlueprintLog: New page: Compile PlayerInventory
[2020.11.30-06.47.03:870][940]LogActorComponent: RegisterComponentWithWorld: (/Game/Maps/ThirdPersonExampleMap.ThirdPersonExampleMap:PersistentLevel.DESTROYED_PlayerInventory_C_CHILDACTOR_3.DefaultSceneRoot) Trying to register component with IsPendingKill() == true. Aborting.
[2020.11.30-06.47.03:871][940]LogActorComponent: RegisterComponentWithWorld: (/Engine/Transient.World_3:PersistentLevel.DESTROYED_PlayerInventory_C_CHILDACTOR_18.DefaultSceneRoot) Trying to register component with IsPendingKill() == true. Aborting.
[2020.11.30-06.47.04:282][959]Cmd: OBJ SAVEPACKAGE PACKAGE="/Game/GameBlueprints/Inventory/PlayerInventory" FILE="../../../../../Projects/Client_Projects/Inv_Farm/Content/GameBlueprints/Inventory/PlayerInventory.uasset" SILENT=true
[2020.11.30-06.47.04:825][959]LogSavePackage: Save=479.11ms
[2020.11.30-06.47.04:825][959]LogSavePackage: Moving '../../../../../Projects/Client_Projects/Inv_Farm/Saved/PlayerInventory1317E6D14E5A6D7B09D6C6A88DEF5D03.tmp' to '../../../../../Projects/Client_Projects/Inv_Farm/Content/GameBlueprints/Inventory/PlayerInventory.uasset'
[2020.11.30-06.47.04:829][959]LogSavePackage: Display: Finished SavePackage ../../../../../Projects/Client_Projects/Inv_Farm/Content/GameBlueprints/Inventory/PlayerInventory.uasset
[2020.11.30-06.47.06:645][111]Cmd: OBJ SAVEPACKAGE PACKAGE="/Game/Maps/ThirdPersonExampleMap" FILE="../../../../../Projects/Client_Projects/Inv_Farm/Content/Maps/ThirdPersonExampleMap.umap" SILENT=true AUTOSAVING=false KEEPDIRTY=false
[2020.11.30-06.47.06:994][111]LogSavePackage: Save=305.64ms
[2020.11.30-06.47.06:994][111]LogSavePackage: Moving '../../../../../Projects/Client_Projects/Inv_Farm/Saved/ThirdPersonExampleMapA3F4BBF44A2CB407A598E5B95C45A827.tmp' to '../../../../../Projects/Client_Projects/Inv_Farm/Content/Maps/ThirdPersonExampleMap.umap'
[2020.11.30-06.47.06:999][111]LogSavePackage: Display: Finished SavePackage ../../../../../Projects/Client_Projects/Inv_Farm/Content/Maps/ThirdPersonExampleMap.umap
[2020.11.30-06.47.07:046][111]Cmd: OBJ SAVEPACKAGE PACKAGE="/Game/Maps/ThirdPersonExampleMap_BuiltData" FILE="../../../../../Projects/Client_Projects/Inv_Farm/Content/Maps/ThirdPersonExampleMap_BuiltData.uasset" SILENT=true
[2020.11.30-06.47.07:575][111]LogSavePackage: Save=523.60ms
[2020.11.30-06.47.07:575][111]LogSavePackage: Moving '../../../../../Projects/Client_Projects/Inv_Farm/Saved/ThirdPersonExampleMap_BuiltData1AE13958415152CFCFA3EFB9DEEFC81B.tmp' to '../../../../../Projects/Client_Projects/Inv_Farm/Content/Maps/ThirdPersonExampleMap_BuiltData.uasset'
[2020.11.30-06.47.07:577][111]LogSavePackage: Display: Finished SavePackage ../../../../../Projects/Client_Projects/Inv_Farm/Content/Maps/ThirdPersonExampleMap_BuiltData.uasset
[2020.11.30-06.47.07:960][153]LogTemp: Repeating last play command: Selected Viewport
[2020.11.30-06.47.08:257][153]LogBlueprintUserMessages: Early PlayInEditor Detection: Level '/Game/Maps/ThirdPersonExampleMap.ThirdPersonExampleMap:PersistentLevel' has LevelScriptBlueprint '/Game/Maps/ThirdPersonExampleMap.ThirdPersonExampleMap:PersistentLevel.ThirdPersonExampleMap' with GeneratedClass '/Game/Maps/ThirdPersonExampleMap.ThirdPersonExampleMap_C' with ClassGeneratedBy '/Game/Maps/ThirdPersonExampleMap.ThirdPersonExampleMap:PersistentLevel.ThirdPersonExampleMap'
[2020.11.30-06.47.08:257][153]LogPlayLevel: PlayLevel: No blueprints needed recompiling
[2020.11.30-06.47.08:257][153]PIE: New page: PIE session: ThirdPersonExampleMap (Nov 30, 2020, 6:47:08 PM)
[2020.11.30-06.47.08:258][153]LogPlayLevel: Creating play world package: /Game/Maps/UEDPIE_0_ThirdPersonExampleMap
[2020.11.30-06.47.08:297][153]LogPlayLevel: PIE: StaticDuplicateObject took: (0.039355s)
[2020.11.30-06.47.08:299][153]LogAIModule: Creating AISystem for world ThirdPersonExampleMap
[2020.11.30-06.47.08:300][153]LogPlayLevel: PIE: World Init took: (0.002537s)
[2020.11.30-06.47.08:300][153]LogPlayLevel: PIE: Created PIE world by copying editor world from /Game/Maps/ThirdPersonExampleMap.ThirdPersonExampleMap to /Game/Maps/UEDPIE_0_ThirdPersonExampleMap.ThirdPersonExampleMap (0.042308s)
[2020.11.30-06.47.08:346][153]LogInit: XAudio2 using 'Speakers (2- High Definition Audio Device)' : 2 channels at 48 kHz using 16 bits per sample (channel mask 0x3)
[2020.11.30-06.47.08:365][153]LogInit: FAudioDevice initialized.
[2020.11.30-06.47.08:449][153]LogLoad: Game class is 'GameModeBase'
[2020.11.30-06.47.08:452][153]LogWorld: Bringing World /Game/Maps/UEDPIE_0_ThirdPersonExampleMap.ThirdPersonExampleMap up for play (max tick rate 0) at 2020.11.30-12.47.08
[2020.11.30-06.47.08:453][153]LogWorld: Bringing up level for play took: 0.003661
[2020.11.30-06.47.08:486][153]PIE: Play in editor start time for /Game/Maps/UEDPIE_0_ThirdPersonExampleMap 0.358
[2020.11.30-06.47.08:487][153]LogBlueprintUserMessages: Late PlayInEditor Detection: Level '/Game/Maps/ThirdPersonExampleMap.ThirdPersonExampleMap:PersistentLevel' has LevelScriptBlueprint '/Game/Maps/ThirdPersonExampleMap.ThirdPersonExampleMap:PersistentLevel.ThirdPersonExampleMap' with GeneratedClass '/Game/Maps/ThirdPersonExampleMap.ThirdPersonExampleMap_C' with ClassGeneratedBy '/Game/Maps/ThirdPersonExampleMap.ThirdPersonExampleMap:PersistentLevel.ThirdPersonExampleMap'
[2020.11.30-06.47.21:257][639]LogBlueprintUserMessages: Early EndPlayMap Detection: Level '/Game/Maps/ThirdPersonExampleMap.ThirdPersonExampleMap:PersistentLevel' has LevelScriptBlueprint '/Game/Maps/ThirdPersonExampleMap.ThirdPersonExampleMap:PersistentLevel.ThirdPersonExampleMap' with GeneratedClass '/Game/Maps/ThirdPersonExampleMap.ThirdPersonExampleMap_C' with ClassGeneratedBy '/Game/Maps/ThirdPersonExampleMap.ThirdPersonExampleMap:PersistentLevel.ThirdPersonExampleMap'
[2020.11.30-06.47.21:333][639]LogBlueprintUserMessages: Late EndPlayMap Detection: Level '/Game/Maps/ThirdPersonExampleMap.ThirdPersonExampleMap:PersistentLevel' has LevelScriptBlueprint '/Game/Maps/ThirdPersonExampleMap.ThirdPersonExampleMap:PersistentLevel.ThirdPersonExampleMap' with GeneratedClass '/Game/Maps/ThirdPersonExampleMap.ThirdPersonExampleMap_C' with ClassGeneratedBy '/Game/Maps/ThirdPersonExampleMap.ThirdPersonExampleMap:PersistentLevel.ThirdPersonExampleMap'
[2020.11.30-06.47.30:511][142]LogRenderer: Reallocating scene render targets to support 1360x740 Format 9 NumSamples 1 (Frame:203).
[2020.11.30-06.47.30:996][143]LogRenderer: Reallocating scene render targets to support 1368x740 Format 9 NumSamples 1 (Frame:204).
[2020.11.30-06.47.32:815][317]LogTemp: Repeating last play command: Selected Viewport
[2020.11.30-06.47.32:860][317]LogBlueprintUserMessages: Early PlayInEditor Detection: Level '/Game/Maps/ThirdPersonExampleMap.ThirdPersonExampleMap:PersistentLevel' has LevelScriptBlueprint '/Game/Maps/ThirdPersonExampleMap.ThirdPersonExampleMap:PersistentLevel.ThirdPersonExampleMap' with GeneratedClass '/Game/Maps/ThirdPersonExampleMap.ThirdPersonExampleMap_C' with ClassGeneratedBy '/Game/Maps/ThirdPersonExampleMap.ThirdPersonExampleMap:PersistentLevel.ThirdPersonExampleMap'
[2020.11.30-06.47.32:860][317]LogPlayLevel: PlayLevel: No blueprints needed recompiling
[2020.11.30-06.47.32:861][317]PIE: New page: PIE session: ThirdPersonExampleMap (Nov 30, 2020, 6:47:32 PM)
[2020.11.30-06.47.32:861][317]LogPlayLevel: Creating play world package: /Game/Maps/UEDPIE_0_ThirdPersonExampleMap
[2020.11.30-06.47.32:924][317]LogPlayLevel: PIE: StaticDuplicateObject took: (0.062728s)
[2020.11.30-06.47.32:926][317]LogAIModule: Creating AISystem for world ThirdPersonExampleMap
[2020.11.30-06.47.32:926][317]LogPlayLevel: PIE: World Init took: (0.002530s)
[2020.11.30-06.47.32:927][317]LogPlayLevel: PIE: Created PIE world by copying editor world from /Game/Maps/ThirdPersonExampleMap.ThirdPersonExampleMap to /Game/Maps/UEDPIE_0_ThirdPersonExampleMap.ThirdPersonExampleMap (0.065900s)
[2020.11.30-06.47.33:009][317]LogInit: XAudio2 using 'Speakers (2- High Definition Audio Device)' : 2 channels at 48 kHz using 16 bits per sample (channel mask 0x3)
[2020.11.30-06.47.33:090][317]LogInit: FAudioDevice initialized.
[2020.11.30-06.47.33:146][317]LogLoad: Game class is 'GameModeBase'
[2020.11.30-06.47.33:172][317]LogWorld: Bringing World /Game/Maps/UEDPIE_0_ThirdPersonExampleMap.ThirdPersonExampleMap up for play (max tick rate 0) at 2020.11.30-12.47.33
[2020.11.30-06.47.33:174][317]LogWorld: Bringing up level for play took: 0.026478
[2020.11.30-06.47.33:186][317]PIE: Play in editor start time for /Game/Maps/UEDPIE_0_ThirdPersonExampleMap 1.059
[2020.11.30-06.47.33:187][317]LogBlueprintUserMessages: Late PlayInEditor Detection: Level '/Game/Maps/ThirdPersonExampleMap.ThirdPersonExampleMap:PersistentLevel' has LevelScriptBlueprint '/Game/Maps/ThirdPersonExampleMap.ThirdPersonExampleMap:PersistentLevel.ThirdPersonExampleMap' with GeneratedClass '/Game/Maps/ThirdPersonExampleMap.ThirdPersonExampleMap_C' with ClassGeneratedBy '/Game/Maps/ThirdPersonExampleMap.ThirdPersonExampleMap:PersistentLevel.ThirdPersonExampleMap'
[2020.11.30-06.47.53:230][874]LogBlueprintUserMessages: [GroundSlots_C_22] Hello
[2020.11.30-06.47.54:280][903]LogBlueprintUserMessages: [GroundSlots_C_21] Hello
[2020.11.30-06.47.54:876][919]LogBlueprintUserMessages: [GroundSlots_C_20] Hello
[2020.11.30-06.47.55:720][943]LogBlueprintUserMessages: [GroundSlots_C_21] Hello
[2020.11.30-06.47.56:391][962]LogBlueprintUserMessages: [GroundSlots_C_22] Hello
[2020.11.30-06.48.05:310][212]LogBlueprintUserMessages: [GroundSlots_C_23] Hello
[2020.11.30-06.48.06:434][242]LogBlueprintUserMessages: [GroundSlots_C_24] Hello
[2020.11.30-06.48.07:590][274]LogBlueprintUserMessages: [GroundSlots_C_23] Hello
[2020.11.30-06.48.08:896][311]LogBlueprintUserMessages: [GroundSlots_C_24] Hello
[2020.11.30-06.48.09:512][328]LogBlueprintUserMessages: [GroundSlots_C_23] Hello
[2020.11.30-06.48.11:499][383]LogBlueprintUserMessages: [GroundSlots_C_24] Hello
[2020.11.30-06.48.14:031][451]LogBlueprintUserMessages: [GroundSlots_C_25] Hello
[2020.11.30-06.48.15:511][493]LogBlueprintUserMessages: [GroundSlots_C_25] Hello
[2020.11.30-06.48.32:664][963]LogBlueprintUserMessages: [GroundSlots_C_28] Hello
[2020.11.30-06.48.32:884][969]LogBlueprintUserMessages: [GroundSlots_C_28] Hello
[2020.11.30-06.48.39:789][160]LogBlueprintUserMessages: [GroundSlots_C_31] Hello
[2020.11.30-06.48.42:265][228]LogBlueprintUserMessages: [GroundSlots_C_31] Hello
[2020.11.30-06.48.56:320][619]LogBlueprintUserMessages: [GroundSlots_C_35] Hello
[2020.11.30-06.48.57:242][644]LogBlueprintUserMessages: [GroundSlots_C_36] Hello
[2020.11.30-06.48.57:286][645]LogBlueprintUserMessages: [GroundSlots_C_36] Hello
[2020.11.30-06.49.03:366][809]LogBlueprintUserMessages: Early EndPlayMap Detection: Level '/Game/Maps/ThirdPersonExampleMap.ThirdPersonExampleMap:PersistentLevel' has LevelScriptBlueprint '/Game/Maps/ThirdPersonExampleMap.ThirdPersonExampleMap:PersistentLevel.ThirdPersonExampleMap' with GeneratedClass '/Game/Maps/ThirdPersonExampleMap.ThirdPersonExampleMap_C' with ClassGeneratedBy '/Game/Maps/ThirdPersonExampleMap.ThirdPersonExampleMap:PersistentLevel.ThirdPersonExampleMap'
[2020.11.30-06.49.03:453][809]LogBlueprintUserMessages: Late EndPlayMap Detection: Level '/Game/Maps/ThirdPersonExampleMap.ThirdPersonExampleMap:PersistentLevel' has LevelScriptBlueprint '/Game/Maps/ThirdPersonExampleMap.ThirdPersonExampleMap:PersistentLevel.ThirdPersonExampleMap' with GeneratedClass '/Game/Maps/ThirdPersonExampleMap.ThirdPersonExampleMap_C' with ClassGeneratedBy '/Game/Maps/ThirdPersonExampleMap.ThirdPersonExampleMap:PersistentLevel.ThirdPersonExampleMap'
[2020.11.30-08.23.44:152][574]LogWindowsTextInputMethodSystem: Display: IME system now deactivated.
[2020.11.30-08.23.46:870][575]Cmd: QUIT_EDITOR
[2020.11.30-08.23.49:494][575]LogExit: Preparing to exit.
[2020.11.30-08.23.56:868][575]LogDirectoryWatcher: A directory notification for 'E:/GameDev/Unreal/Projects/Client_Projects/Inv_Farm/Content/' was aborted.
[2020.11.30-08.24.05:333][575]LogExit: Editor shut down
[2020.11.30-08.24.06:847][575]LogExit: Transaction tracking system shut down
[2020.11.30-08.24.13:783][575]LogDirectoryWatcher: A directory notification for '../../../Engine/Content/' was aborted.
[2020.11.30-08.24.13:783][575]LogDirectoryWatcher: A directory notification for '../../../../../Projects/Client_Projects/Inv_Farm/Content/' was aborted.
[2020.11.30-08.24.13:783][575]LogDirectoryWatcher: A directory notification for '../../../Engine/Plugins/2D/Paper2D/Content/' was aborted.
[2020.11.30-08.24.13:783][575]LogDirectoryWatcher: A directory notification for '../../../Engine/Plugins/Media/MediaCompositing/Content/' was aborted.
[2020.11.30-08.24.13:784][575]LogDirectoryWatcher: A directory notification for '../../../Engine/Plugins/Runtime/AppleARKit/Content/' was aborted.
[2020.11.30-08.24.13:784][575]LogDirectoryWatcher: A directory notification for '../../../Engine/Plugins/Runtime/Oculus/OculusVR/Content/' was aborted.
[2020.11.30-08.24.13:784][575]LogDirectoryWatcher: A directory notification for '../../../Engine/Plugins/Runtime/Steam/SteamVR/Content/' was aborted.
[2020.11.30-08.24.24:392][575]LogExit: Object subsystem successfully closed.
[2020.11.30-08.24.25:621][575]LogD3D11RHI: Shutdown
[2020.11.30-08.24.25:622][575]LogD3D11RHI: CleanupD3DDevice
[2020.11.30-08.24.26:395][575]LogD3D11RHI: ~FD3D11DynamicRHI
[2020.11.30-08.24.28:959][575]LogModuleManager: Shutting down and abandoning module SequencerWidgets (554)
[2020.11.30-08.24.28:959][575]LogModuleManager: Shutting down and abandoning module BlueprintGraph (552)
[2020.11.30-08.24.28:959][575]LogModuleManager: Shutting down and abandoning module MovieSceneCapture (550)
[2020.11.30-08.24.28:978][575]LogModuleManager: Shutting down and abandoning module HierarchicalLODOutliner (548)
[2020.11.30-08.24.28:978][575]LogModuleManager: Shutting down and abandoning module AddContentDialog (546)
[2020.11.30-08.24.29:130][575]LogDirectoryWatcher: A directory notification for 'E:/GameDev/Unreal/Engine/UE_4.18/FeaturePacks/' was aborted.
[2020.11.30-08.24.29:566][575]LogModuleManager: Shutting down and abandoning module WidgetCarousel (545)
[2020.11.30-08.24.29:566][575]LogModuleManager: Shutting down and abandoning module EditorWidgets (542)
[2020.11.30-08.24.29:566][575]LogModuleManager: Shutting down and abandoning module CollectionManager (540)
[2020.11.30-08.24.29:582][575]LogDirectoryWatcher: A directory notification for 'E:/GameDev/Unreal/Projects/Client_Projects/Inv_Farm/Content/Collections/' was aborted.
[2020.11.30-08.24.29:582][575]LogDirectoryWatcher: A directory notification for 'E:/GameDev/Unreal/Projects/Client_Projects/Inv_Farm/Content/Developers/farha/Collections/' was aborted.
[2020.11.30-08.24.29:582][575]LogDirectoryWatcher: A directory notification for 'E:/GameDev/Unreal/Projects/Client_Projects/Inv_Farm/Saved/Collections/' was aborted.
[2020.11.30-08.24.29:582][575]LogModuleManager: Shutting down and abandoning module SceneOutliner (538)
[2020.11.30-08.24.29:609][575]LogModuleManager: Shutting down and abandoning module StatsViewer (536)
[2020.11.30-08.24.29:629][575]LogModuleManager: Shutting down and abandoning module FoliageEdit (534)
[2020.11.30-08.24.29:629][575]LogModuleManager: Shutting down and abandoning module LandscapeEditor (532)
[2020.11.30-08.24.29:700][575]LogModuleManager: Shutting down and abandoning module MeshPaintMode (530)
[2020.11.30-08.24.29:720][575]LogModuleManager: Shutting down and abandoning module SceneDepthPickerMode (528)
[2020.11.30-08.24.29:720][575]LogModuleManager: Shutting down and abandoning module ActorPickerMode (526)
[2020.11.30-08.24.29:720][575]LogModuleManager: Shutting down and abandoning module GeometryMode (524)
[2020.11.30-08.24.29:720][575]LogModuleManager: Shutting down and abandoning module TextureAlignMode (522)
[2020.11.30-08.24.29:720][575]LogModuleManager: Shutting down and abandoning module BspMode (520)
[2020.11.30-08.24.29:735][575]LogModuleManager: Shutting down and abandoning module PIEPreviewDeviceProfileSelector (518)
[2020.11.30-08.24.29:735][575]LogModuleManager: Shutting down and abandoning module HardwareSurvey (516)
[2020.11.30-08.24.29:736][575]LogModuleManager: Shutting down and abandoning module SequenceRecorderSections (514)
[2020.11.30-08.24.29:748][575]LogModuleManager: Shutting down and abandoning module AutomationWorker (512)
[2020.11.30-08.24.29:762][575]LogModuleManager: Shutting down and abandoning module MatineeToLevelSequence (510)
[2020.11.30-08.24.29:777][575]LogModuleManager: Shutting down and abandoning module LevelSequenceEditor (508)
[2020.11.30-08.24.29:841][575]LogModuleManager: Shutting down and abandoning module PlacementMode (507)
[2020.11.30-08.24.29:841][575]LogModuleManager: Shutting down and abandoning module WmfMediaFactory (504)
[2020.11.30-08.24.29:841][575]LogModuleManager: Shutting down and abandoning module WmfMediaEditor (502)
[2020.11.30-08.24.29:841][575]LogModuleManager: Shutting down and abandoning module OpenExrWrapper (500)
[2020.11.30-08.24.29:841][575]LogModuleManager: Shutting down and abandoning module ImgMediaFactory (498)
[2020.11.30-08.24.29:841][575]LogModuleManager: Shutting down and abandoning module ImgMediaEditor (496)
[2020.11.30-08.24.29:841][575]LogModuleManager: Shutting down and abandoning module AvfMediaFactory (494)
[2020.11.30-08.24.29:841][575]LogModuleManager: Shutting down and abandoning module AvfMediaEditor (492)
[2020.11.30-08.24.29:841][575]LogModuleManager: Shutting down and abandoning module AndroidMediaFactory (490)
[2020.11.30-08.24.29:841][575]LogModuleManager: Shutting down and abandoning module AndroidMediaEditor (488)
[2020.11.30-08.24.29:841][575]LogModuleManager: Shutting down and abandoning module CharacterAI (486)
[2020.11.30-08.24.29:841][575]LogModuleManager: Shutting down and abandoning module AudioCapture (484)
[2020.11.30-08.24.29:868][575]LogModuleManager: Shutting down and abandoning module SequenceRecorder (483)
[2020.11.30-08.24.29:874][575]LogModuleManager: Shutting down and abandoning module SmartSnapping (480)
[2020.11.30-08.24.29:874][575]LogModuleManager: Shutting down and abandoning module SessionServices (478)
[2020.11.30-08.24.29:874][575]LogModuleManager: Shutting down and abandoning module ViewportSnapping (476)
[2020.11.30-08.24.29:874][575]LogModuleManager: Shutting down and abandoning module ViewportInteraction (474)
[2020.11.30-08.24.29:874][575]LogModuleManager: Shutting down and abandoning module ClothPainter (472)
[2020.11.30-08.24.29:905][575]LogModuleManager: Shutting down and abandoning module SkeletalMeshEditor (471)
[2020.11.30-08.24.29:922][575]LogModuleManager: Shutting down and abandoning module LogVisualizer (468)
[2020.11.30-08.24.29:957][575]LogModuleManager: Shutting down and abandoning module IntroTutorials (466)
[2020.11.30-08.24.30:004][575]LogModuleManager: Shutting down and abandoning module GameProjectGeneration (465)
[2020.11.30-08.24.30:049][575]LogModuleManager: Shutting down and abandoning module IOSPlatformEditor (462)
[2020.11.30-08.24.30:049][575]LogModuleManager: Shutting down and abandoning module HTML5PlatformEditor (460)
[2020.11.30-08.24.30:049][575]LogModuleManager: Shutting down and abandoning module AndroidPlatformEditor (458)
[2020.11.30-08.24.30:049][575]LogModuleManager: Shutting down and abandoning module AndroidDeviceDetection (457)
[2020.11.30-08.24.31:001][575]LogModuleManager: Shutting down and abandoning module WindowsPlatformEditor (454)
[2020.11.30-08.24.31:002][575]LogModuleManager: Shutting down and abandoning module IOSRuntimeSettings (452)
[2020.11.30-08.24.31:002][575]LogModuleManager: Shutting down and abandoning module AndroidRuntimeSettings (450)
[2020.11.30-08.24.31:002][575]LogModuleManager: Shutting down and abandoning module InputBindingEditor (448)
[2020.11.30-08.24.31:009][575]LogModuleManager: Shutting down and abandoning module MergeActors (446)
[2020.11.30-08.24.31:026][575]LogModuleManager: Shutting down and abandoning module SizeMap (444)
[2020.11.30-08.24.31:034][575]LogModuleManager: Shutting down and abandoning module TreeMap (442)
[2020.11.30-08.24.31:057][575]LogModuleManager: Shutting down and abandoning module ReferenceViewer (440)
[2020.11.30-08.24.31:069][575]LogModuleManager: Shutting down and abandoning module LocalizationDashboard (438)
[2020.11.30-08.24.31:097][575]LogModuleManager: Shutting down and abandoning module LocalizationService (437)
[2020.11.30-08.24.31:108][575]LogModuleManager: Shutting down and abandoning module HardwareTargeting (434)
[2020.11.30-08.24.31:108][575]LogModuleManager: Shutting down and abandoning module DeviceProfileEditor (432)
[2020.11.30-08.24.31:120][575]LogModuleManager: Shutting down and abandoning module UndoHistory (430)
[2020.11.30-08.24.31:121][575]LogModuleManager: Shutting down and abandoning module XmlParser (428)
[2020.11.30-08.24.31:142][575]LogModuleManager: Shutting down and abandoning module Blutility (426)
[2020.11.30-08.24.31:160][575]LogModuleManager: Shutting down and abandoning module ProjectSettingsViewer (424)
[2020.11.30-08.24.31:160][575]LogModuleManager: Shutting down and abandoning module ProjectTargetPlatformEditor (423)
[2020.11.30-08.24.31:177][575]LogModuleManager: Shutting down and abandoning module EditorSettingsViewer (420)
[2020.11.30-08.24.31:193][575]LogModuleManager: Shutting down and abandoning module SettingsEditor (418)
[2020.11.30-08.24.31:204][575]LogModuleManager: Shutting down and abandoning module ProjectLauncher (416)
[2020.11.30-08.24.31:217][575]LogModuleManager: Shutting down and abandoning module SessionFrontend (414)
[2020.11.30-08.24.31:231][575]LogModuleManager: Shutting down and abandoning module ProfilerClient (412)
[2020.11.30-08.24.31:237][575]LogModuleManager: Shutting down and abandoning module DeviceManager (410)
[2020.11.30-08.24.31:248][575]LogModuleManager: Shutting down and abandoning module TargetDeviceServices (409)
[2020.11.30-08.24.31:340][575]LogModuleManager: Shutting down and abandoning module AutomationController (406)
[2020.11.30-08.24.31:362][575]LogModuleManager: Shutting down and abandoning module AutomationWindow (404)
[2020.11.30-08.24.31:397][575]LogModuleManager: Shutting down and abandoning module Layers (402)
[2020.11.30-08.24.31:428][575]LogModuleManager: Shutting down and abandoning module ComponentVisualizers (400)
[2020.11.30-08.24.31:435][575]LogModuleManager: Shutting down and abandoning module DetailCustomizations (398)
[2020.11.30-08.24.31:449][575]LogModuleManager: Shutting down and abandoning module PackagesDialog (396)
[2020.11.30-08.24.31:570][575]LogModuleManager: Shutting down and abandoning module Persona (394)
[2020.11.30-08.24.31:631][575]LogModuleManager: Shutting down and abandoning module AdvancedPreviewScene (393)
[2020.11.30-08.24.31:631][575]LogModuleManager: Shutting down and abandoning module AnimGraph (391)
[2020.11.30-08.24.31:671][575]LogModuleManager: Shutting down and abandoning module Kismet (388)
[2020.11.30-08.24.31:949][575]LogModuleManager: Shutting down and abandoning module ClassViewer (386)
[2020.11.30-08.24.32:004][575]LogModuleManager: Shutting down and abandoning module Toolbox (384)
[2020.11.30-08.24.32:009][575]LogModuleManager: Shutting down and abandoning module ModuleUI (382)
[2020.11.30-08.24.32:024][575]LogModuleManager: Shutting down and abandoning module MovieSceneTools (380)
[2020.11.30-08.24.32:063][575]LogModuleManager: Shutting down and abandoning module OutputLog (378)
[2020.11.30-08.24.32:074][575]LogModuleManager: Shutting down and abandoning module GammaUI (376)
[2020.11.30-08.24.32:085][575]LogModuleManager: Shutting down and abandoning module Documentation (374)
[2020.11.30-08.24.32:130][575]LogModuleManager: Shutting down and abandoning module MovieSceneTracks (372)
[2020.11.30-08.24.32:152][575]LogModuleManager: Shutting down and abandoning module MovieScene (370)
[2020.11.30-08.24.32:152][575]LogModuleManager: Shutting down and abandoning module StreamingPauseRendering (368)
[2020.11.30-08.24.32:179][575]LogModuleManager: Shutting down and abandoning module LauncherPlatform (366)
[2020.11.30-08.24.32:179][575]LogModuleManager: Shutting down and abandoning module AnalyticsET (364)
[2020.11.30-08.24.32:179][575]LogModuleManager: Shutting down and abandoning module PortalServices (362)
[2020.11.30-08.24.32:179][575]LogModuleManager: Shutting down and abandoning module PortalRpc (360)
[2020.11.30-08.24.32:179][575]LogModuleManager: Shutting down and abandoning module MessagingRpc (358)
[2020.11.30-08.24.32:179][575]LogModuleManager: Shutting down and abandoning module AIModule (356)
[2020.11.30-08.24.32:218][575]LogModuleManager: Shutting down and abandoning module GameplayDebugger (355)
[2020.11.30-08.24.32:218][575]LogModuleManager: Shutting down and abandoning module AITestSuite (353)
[2020.11.30-08.24.32:230][575]LogModuleManager: Shutting down and abandoning module DesktopPlatform (350)
[2020.11.30-08.24.32:240][575]LogModuleManager: Shutting down and abandoning module ProfilerService (348)
[2020.11.30-08.24.32:377][575]LogModuleManager: Shutting down and abandoning module TaskGraph (346)
[2020.11.30-08.24.32:404][575]LogModuleManager: Shutting down and abandoning module SteamVRController (344)
[2020.11.30-08.24.32:404][575]LogModuleManager: Shutting down and abandoning module ProceduralMeshComponentEditor (342)
[2020.11.30-08.24.32:430][575]LogModuleManager: Shutting down and abandoning module ProceduralMeshComponent (340)
[2020.11.30-08.24.32:446][575]LogModuleManager: Shutting down and abandoning module OculusInput (338)
[2020.11.30-08.24.32:457][575]LogModuleManager: Shutting down and abandoning module MobilePatchingUtils (336)
[2020.11.30-08.24.32:457][575]LogModuleManager: Shutting down and abandoning module CustomMeshComponent (334)
[2020.11.30-08.24.32:457][575]LogModuleManager: Shutting down and abandoning module CableComponent (332)
[2020.11.30-08.24.32:464][575]LogModuleManager: Shutting down and abandoning module ArchVisCharacter (330)
[2020.11.30-08.24.32:464][575]LogModuleManager: Shutting down and abandoning module AndroidPermission (328)
[2020.11.30-08.24.32:464][575]LogModuleManager: Shutting down and abandoning module ActorSequence (324)
[2020.11.30-08.24.32:464][575]LogModuleManager: Shutting down and abandoning module MediaPlayerEditor (322)
[2020.11.30-08.24.32:496][575]LogModuleManager: Shutting down and abandoning module MediaCompositingEditor (320)
[2020.11.30-08.24.32:511][575]LogModuleManager: Shutting down and abandoning module MediaCompositing (318)
[2020.11.30-08.24.32:511][575]LogModuleManager: Shutting down and abandoning module HTML5Networking (316)
[2020.11.30-08.24.32:511][575]LogModuleManager: Shutting down and abandoning module AlembicImporter (314)
[2020.11.30-08.24.32:565][575]LogModuleManager: Shutting down and abandoning module AlembicLibrary (313)
[2020.11.30-08.24.32:616][575]LogModuleManager: Shutting down and abandoning module GeometryCache (312)
[2020.11.30-08.24.32:625][575]LogModuleManager: Shutting down and abandoning module GeometryCacheEd (311)
[2020.11.30-08.24.32:625][575]LogModuleManager: Shutting down and abandoning module SpeedTreeImporter (306)
[2020.11.30-08.24.32:639][575]LogModuleManager: Shutting down and abandoning module PluginBrowser (304)
[2020.11.30-08.24.32:783][575]LogModuleManager: Shutting down and abandoning module MobileLauncherProfileWizard (302)
[2020.11.30-08.24.32:810][575]LogModuleManager: Shutting down and abandoning module VisualStudioSourceCodeAccess (300)
[2020.11.30-08.24.32:933][575]LogModuleManager: Shutting down and abandoning module VisualStudioCodeSourceCodeAccess (298)
[2020.11.30-08.24.32:976][575]LogModuleManager: Shutting down and abandoning module UObjectPlugin (296)
[2020.11.30-08.24.32:976][575]LogModuleManager: Shutting down and abandoning module SubversionSourceControl (294)
[2020.11.30-08.24.33:064][575]LogModuleManager: Shutting down and abandoning module PerforceSourceControl (292)
[2020.11.30-08.24.33:086][575]LogModuleManager: Shutting down and abandoning module GitSourceControl (290)
[2020.11.30-08.24.33:108][575]LogModuleManager: Shutting down and abandoning module SourceControl (289)
[2020.11.30-08.24.33:128][575]LogModuleManager: Shutting down and abandoning module LightPropagationVolumeEditor (286)
[2020.11.30-08.24.33:129][575]LogModuleManager: Shutting down and abandoning module PaperTiledImporter (284)
[2020.11.30-08.24.33:129][575]LogModuleManager: Shutting down and abandoning module PaperSpriteSheetImporter (282)
[2020.11.30-08.24.33:129][575]LogModuleManager: Shutting down and abandoning module Paper2DEditor (280)
[2020.11.30-08.24.33:156][575]LogModuleManager: Shutting down and abandoning module MeshPaint (279)
[2020.11.30-08.24.33:172][575]LogModuleManager: Shutting down and abandoning module LevelEditor (277)
[2020.11.30-08.24.33:238][575]LogModuleManager: Shutting down and abandoning module PixelInspectorModule (276)
[2020.11.30-08.24.33:266][575]LogModuleManager: Shutting down and abandoning module MainFrame (274)
[2020.11.30-08.24.33:266][575]LogModuleManager: Shutting down and abandoning module HotReload (273)
[2020.11.30-08.24.33:336][575]LogModuleManager: Shutting down and abandoning module RuntimePhysXCooking (268)
[2020.11.30-08.24.33:351][575]LogModuleManager: Shutting down and abandoning module PhysXVehiclesEditor (266)
[2020.11.30-08.24.33:351][575]LogModuleManager: Shutting down and abandoning module PhysXVehicles (264)
[2020.11.30-08.24.33:351][575]LogModuleManager: Shutting down and abandoning module OculusEditor (262)
[2020.11.30-08.24.33:363][575]LogModuleManager: Shutting down and abandoning module LocationServicesBPLibrary (260)
[2020.11.30-08.24.33:363][575]LogModuleManager: Shutting down and abandoning module ImmediatePhysicsEditor (258)
[2020.11.30-08.24.33:363][575]LogModuleManager: Shutting down and abandoning module ImmediatePhysics (256)
[2020.11.30-08.24.33:373][575]LogModuleManager: Shutting down and abandoning module UdpMessaging (254)
[2020.11.30-08.24.33:490][575]LogModuleManager: Shutting down and abandoning module TcpMessaging (252)
[2020.11.30-08.24.33:610][575]LogModuleManager: Shutting down and abandoning module GameplayTagsEditor (250)
[2020.11.30-08.24.33:656][575]LogModuleManager: Shutting down and abandoning module FacialAnimationEditor (248)
[2020.11.30-08.24.33:656][575]LogModuleManager: Shutting down and abandoning module FacialAnimation (246)
[2020.11.30-08.24.33:656][575]LogModuleManager: Shutting down and abandoning module AssetManagerEditor (244)
[2020.11.30-08.24.33:679][575]LogModuleManager: Shutting down and abandoning module GraphEditor (243)
[2020.11.30-08.24.33:681][575]LogModuleManager: Shutting down and abandoning module ContentBrowser (241)
[2020.11.30-08.24.33:698][575]LogModuleManager: Shutting down and abandoning module LightPropagationVolumeRuntime (238)
[2020.11.30-08.24.33:698][575]LogModuleManager: Shutting down and abandoning module Paper2D (236)
[2020.11.30-08.24.33:712][575]LogModuleManager: Shutting down and abandoning module WindowsMoviePlayer (234)
[2020.11.30-08.24.33:722][575]LogModuleManager: Shutting down and abandoning module WmfMedia (232)
[2020.11.30-08.24.33:777][575]LogModuleManager: Shutting down and abandoning module ImgMedia (230)
[2020.11.30-08.24.33:792][575]LogModuleManager: Shutting down and abandoning module PacketHandler (228)
[2020.11.30-08.24.33:792][575]LogModuleManager: Shutting down and abandoning module ClothingSystemEditor (226)
[2020.11.30-08.24.33:792][575]LogModuleManager: Shutting down and abandoning module ClothingSystemRuntime (224)
[2020.11.30-08.24.33:820][575]LogModuleManager: Shutting down and abandoning module MediaAssets (222)
[2020.11.30-08.24.33:820][575]LogModuleManager: Shutting down and abandoning module Media (221)
[2020.11.30-08.24.33:827][575]LogModuleManager: Shutting down and abandoning module Overlay (218)
[2020.11.30-08.24.33:827][575]LogModuleManager: Shutting down and abandoning module OverlayEditor (217)
[2020.11.30-08.24.33:827][575]LogModuleManager: Shutting down and abandoning module VREditor (214)
[2020.11.30-08.24.33:846][575]LogModuleManager: Shutting down and abandoning module StringTableEditor (212)
[2020.11.30-08.24.33:857][575]LogModuleManager: Shutting down and abandoning module GameplayTasksEditor (210)
[2020.11.30-08.24.33:857][575]LogModuleManager: Shutting down and abandoning module BehaviorTreeEditor (208)
[2020.11.30-08.24.33:906][575]LogModuleManager: Shutting down and abandoning module FunctionalTesting (206)
[2020.11.30-08.24.33:915][575]LogModuleManager: Shutting down and abandoning module CollisionAnalyzer (204)
[2020.11.30-08.24.33:966][575]LogModuleManager: Shutting down and abandoning module WorkspaceMenuStructure (203)
[2020.11.30-08.24.34:012][575]LogModuleManager: Shutting down and abandoning module UMG (200)
[2020.11.30-08.24.34:012][575]LogModuleManager: Shutting down and abandoning module UMGEditor (199)
[2020.11.30-08.24.34:012][575]LogModuleManager: Shutting down and abandoning module Sequencer (198)
[2020.11.30-08.24.34:013][575]LogModuleManager: Shutting down and abandoning module MessageLog (195)
[2020.11.30-08.24.34:026][575]LogModuleManager: Shutting down and abandoning module SlateReflector (190)
[2020.11.30-08.24.34:065][575]LogModuleManager: Shutting down and abandoning module Slate (188)
[2020.11.30-08.24.34:065][575]LogModuleManager: Shutting down and abandoning module EditorStyle (186)
[2020.11.30-08.24.34:173][575]LogModuleManager: Shutting down and abandoning module MRMesh (184)
[2020.11.30-08.24.34:173][575]LogModuleManager: Shutting down and abandoning module SourceCodeAccess (182)
[2020.11.30-08.24.34:194][575]LogModuleManager: Shutting down and abandoning module HeadMountedDisplay (180)
[2020.11.30-08.24.34:201][575]LogModuleManager: Shutting down and abandoning module XAudio2 (178)
[2020.11.30-08.24.34:201][575]LogModuleManager: Shutting down and abandoning module Networking (176)
[2020.11.30-08.24.34:201][575]LogModuleManager: Shutting down and abandoning module Core (172)
[2020.11.30-08.24.34:201][575]LogModuleManager: Shutting down and abandoning module LevelSequence (168)
[2020.11.30-08.24.34:201][575]LogModuleManager: Shutting down and abandoning module DirectoryWatcher (166)
[2020.11.30-08.24.34:241][575]LogModuleManager: Shutting down and abandoning module KismetCompiler (164)
[2020.11.30-08.24.34:253][575]LogModuleManager: Shutting down and abandoning module MeshUtilities (162)
[2020.11.30-08.24.34:322][575]LogModuleManager: Shutting down and abandoning module MeshMergeUtilities (161)
[2020.11.30-08.24.34:411][575]LogModuleManager: Shutting down and abandoning module MeshReductionInterface (160)
[2020.11.30-08.24.34:443][575]LogModuleManager: Shutting down and abandoning module SimplygonSwarm (159)
[2020.11.30-08.24.34:472][575]LogModuleManager: Shutting down and abandoning module SimplygonMeshReduction (157)
[2020.11.30-08.24.34:476][575]LogModuleManager: Shutting down and abandoning module QuadricMeshReduction (155)
[2020.11.30-08.24.34:498][575]LogModuleManager: Shutting down and abandoning module MaterialBaking (151)
[2020.11.30-08.24.34:522][575]LogModuleManager: Shutting down and abandoning module DerivedDataCache (148)
[2020.11.30-08.24.34:677][575]LogDerivedDataCache: Shutdown
[2020.11.30-08.24.34:677][575]LogModuleManager: Shutting down and abandoning module TargetPlatform (146)
[2020.11.30-08.24.34:719][575]LogModuleManager: Shutting down and abandoning module VulkanShaderFormat (145)
[2020.11.30-08.24.34:735][575]LogModuleManager: Shutting down and abandoning module ShaderFormatVectorVM (143)
[2020.11.30-08.24.34:749][575]LogModuleManager: Shutting down and abandoning module ShaderFormatOpenGL (141)
[2020.11.30-08.24.34:761][575]LogModuleManager: Shutting down and abandoning module ShaderFormatD3D (139)
[2020.11.30-08.24.34:767][575]LogModuleManager: Shutting down and abandoning module MetalShaderFormat (137)
[2020.11.30-08.24.34:794][575]LogModuleManager: Shutting down and abandoning module TextureFormatUncompressed (135)
[2020.11.30-08.24.34:819][575]LogModuleManager: Shutting down and abandoning module TextureFormatPVR (133)
[2020.11.30-08.24.34:826][575]LogModuleManager: Shutting down and abandoning module TextureFormatDXT (131)
[2020.11.30-08.24.34:850][575]LogModuleManager: Shutting down and abandoning module TextureFormatIntelISPCTexComp (129)
[2020.11.30-08.24.34:886][575]LogModuleManager: Shutting down and abandoning module TextureFormatASTC (127)
[2020.11.30-08.24.34:887][575]LogModuleManager: Shutting down and abandoning module ImageWrapper (126)
[2020.11.30-08.24.34:887][575]LogModuleManager: Shutting down and abandoning module TextureFormatAndroid (123)
[2020.11.30-08.24.34:889][575]LogModuleManager: Shutting down and abandoning module AudioFormatOpus (121)
[2020.11.30-08.24.34:899][575]LogModuleManager: Shutting down and abandoning module AudioFormatOgg (119)
[2020.11.30-08.24.34:908][575]LogModuleManager: Shutting down and abandoning module AudioFormatADPCM (117)
[2020.11.30-08.24.34:915][575]LogModuleManager: Shutting down and abandoning module LinuxTargetPlatform (115)
[2020.11.30-08.24.34:940][575]LogModuleManager: Shutting down and abandoning module LinuxServerTargetPlatform (113)
[2020.11.30-08.24.34:953][575]LogModuleManager: Shutting down and abandoning module LinuxNoEditorTargetPlatform (111)
[2020.11.30-08.24.34:969][575]LogModuleManager: Shutting down and abandoning module LinuxClientTargetPlatform (109)
[2020.11.30-08.24.34:975][575]LogModuleManager: Shutting down and abandoning module TVOSTargetPlatform (107)
[2020.11.30-08.24.34:975][575]LogModuleManager: Shutting down and abandoning module Messaging (105)
[2020.11.30-08.24.34:988][575]LogModuleManager: Shutting down and abandoning module IOSTargetPlatform (103)
[2020.11.30-08.24.34:988][575]LogModuleManager: Shutting down and abandoning module HTML5TargetPlatform (101)
[2020.11.30-08.24.35:009][575]LogModuleManager: Shutting down and abandoning module AndroidTargetPlatform (99)
[2020.11.30-08.24.35:010][575]LogModuleManager: Shutting down and abandoning module Android_PVRTCTargetPlatform (97)
[2020.11.30-08.24.35:052][575]LogModuleManager: Shutting down and abandoning module Android_MultiTargetPlatform (95)
[2020.11.30-08.24.35:052][575]LogModuleManager: Shutting down and abandoning module Android_ETC2TargetPlatform (93)
[2020.11.30-08.24.35:052][575]LogModuleManager: Shutting down and abandoning module Android_ETC1TargetPlatform (91)
[2020.11.30-08.24.35:052][575]LogModuleManager: Shutting down and abandoning module Android_DXTTargetPlatform (89)
[2020.11.30-08.24.35:052][575]LogModuleManager: Shutting down and abandoning module Android_ATCTargetPlatform (87)
[2020.11.30-08.24.35:052][575]LogModuleManager: Shutting down and abandoning module Android_ASTCTargetPlatform (85)
[2020.11.30-08.24.35:052][575]LogModuleManager: Shutting down and abandoning module WindowsTargetPlatform (83)
[2020.11.30-08.24.35:060][575]LogModuleManager: Shutting down and abandoning module WindowsServerTargetPlatform (81)
[2020.11.30-08.24.35:070][575]LogModuleManager: Shutting down and abandoning module WindowsNoEditorTargetPlatform (79)
[2020.11.30-08.24.35:077][575]LogModuleManager: Shutting down and abandoning module WindowsClientTargetPlatform (77)
[2020.11.30-08.24.35:078][575]LogModuleManager: Shutting down and abandoning module MacTargetPlatform (75)
[2020.11.30-08.24.35:078][575]LogModuleManager: Shutting down and abandoning module MacServerTargetPlatform (73)
[2020.11.30-08.24.35:078][575]LogModuleManager: Shutting down and abandoning module MacNoEditorTargetPlatform (71)
[2020.11.30-08.24.35:078][575]LogModuleManager: Shutting down and abandoning module MacClientTargetPlatform (69)
[2020.11.30-08.24.35:079][575]LogModuleManager: Shutting down and abandoning module AllDesktopTargetPlatform (67)
[2020.11.30-08.24.35:079][575]LogModuleManager: Shutting down and abandoning module InputCore (64)
[2020.11.30-08.24.35:079][575]LogModuleManager: Shutting down and abandoning module Settings (62)
[2020.11.30-08.24.35:090][575]LogModuleManager: Shutting down and abandoning module PhysXCooking (60)
[2020.11.30-08.24.35:090][575]LogModuleManager: Shutting down and abandoning module SteamVR (58)
[2020.11.30-08.24.35:111][575]LogModuleManager: Shutting down and abandoning module OculusHMD (56)
[2020.11.30-08.24.35:125][575]LogModuleManager: Shutting down and abandoning module ExampleDeviceProfileSelector (54)
[2020.11.30-08.24.35:139][575]LogModuleManager: Shutting down and abandoning module AppleARKit (52)
[2020.11.30-08.24.35:139][575]LogModuleManager: Shutting down and abandoning module AugmentedReality (51)
[2020.11.30-08.24.35:139][575]LogModuleManager: Shutting down and abandoning module OnlineBlueprintSupport (48)
[2020.11.30-08.24.35:139][575]LogModuleManager: Shutting down and abandoning module OnlineSubsystem (44)
[2020.11.30-08.24.35:202][575]LogModuleManager: Shutting down and abandoning module XMPP (43)
[2020.11.30-08.24.35:263][575]LogModuleManager: Shutting down and abandoning module HTTP (41)
[2020.11.30-08.24.35:263][575]LogHttp: Display: Http module shutting down, but needs to wait on 1 outstanding Http requests:
[2020.11.30-08.24.35:271][575]LogHttp: Display: 	verb=[POST] url=[https://datarouter.ol.epicgames.com/datarouter/api/v1/public/data?SessionID=%7BBF652A46-45B5-1C87-D65E-59990C0176BD%7D&AppID=UEEditor.Rocket.Release&AppVersion=4.18.3-3832480%2B%2B%2BUE4%2BRelease-4.18&UserID=dab985eb449ee4f1b342389e404cab9f%7C845779d9bd904572b61cf91381b7a44e%7C4e718ad1-99cd-4dc7-9063-d4e2b6f3fd7d&AppEnvironment=datacollector-binary&UploadType=eteventstream] status=Processing
[2020.11.30-08.24.35:386][575]LogModuleManager: Shutting down and abandoning module SSL (40)
[2020.11.30-08.24.35:468][575]LogModuleManager: Shutting down and abandoning module AnimationModifiers (36)
[2020.11.30-08.24.35:492][575]LogModuleManager: Shutting down and abandoning module PropertyEditor (35)
[2020.11.30-08.24.35:529][575]LogModuleManager: Shutting down and abandoning module AudioEditor (32)
[2020.11.30-08.24.35:553][575]LogModuleManager: Shutting down and abandoning module TextureCompressor (30)
[2020.11.30-08.24.35:658][575]LogModuleManager: Shutting down and abandoning module ShaderCore (28)
[2020.11.30-08.24.35:658][575]LogModuleManager: Shutting down and abandoning module Landscape (26)
[2020.11.30-08.24.35:658][575]LogModuleManager: Shutting down and abandoning module SlateRHIRenderer (24)
[2020.11.30-08.24.35:982][575]LogModuleManager: Shutting down and abandoning module OpenGLDrv (22)
[2020.11.30-08.24.36:015][575]LogModuleManager: Shutting down and abandoning module D3D11RHI (20)
[2020.11.30-08.24.36:015][575]LogModuleManager: Shutting down and abandoning module AnimGraphRuntime (18)
[2020.11.30-08.24.36:033][575]LogModuleManager: Shutting down and abandoning module Renderer (16)
[2020.11.30-08.24.36:033][575]LogModuleManager: Shutting down and abandoning module Engine (14)
[2020.11.30-08.24.36:033][575]LogModuleManager: Shutting down and abandoning module CoreUObject (12)
[2020.11.30-08.24.36:033][575]LogModuleManager: Shutting down and abandoning module NetworkFile (10)
[2020.11.30-08.24.36:048][575]LogModuleManager: Shutting down and abandoning module CookedIterativeFile (8)
[2020.11.30-08.24.36:061][575]LogModuleManager: Shutting down and abandoning module StreamingFile (6)
[2020.11.30-08.24.36:071][575]LogModuleManager: Shutting down and abandoning module SandboxFile (4)
[2020.11.30-08.24.36:080][575]LogModuleManager: Shutting down and abandoning module PakFile (2)
[2020.11.30-08.24.36:198][575]LogExit: Exiting.
[2020.11.30-08.24.36:448][575]Log file closed, 11/30/20 14:24:36
