Log file open, 11/26/20 00:48:18
LogWindows: Failed to load 'aqProf.dll' (GetLastError=126)
LogWindows: File 'aqProf.dll' does not exist
LogWindows: Failed to load 'VSPerf140.dll' (GetLastError=126)
LogWindows: File 'VSPerf140.dll' does not exist
LogWindows: Failed to load 'VtuneApi.dll' (GetLastError=126)
LogWindows: File 'VtuneApi.dll' does not exist
LogWindows: Failed to load 'VtuneApi32e.dll' (GetLastError=126)
LogWindows: File 'VtuneApi32e.dll' does not exist
LogInit: Display: Running engine for game: Inv_Farm
LogPlatformFile: Not using cached read wrapper
LogInit: Display: RandInit(-58248164) SRandInit(-58248164).
LogInit: Read version file with build ID '3709383'
LogInit: Overriding engine version to CL 3832480, compatible CL 3709383
LogInit: Registered custom module enumerator with build ID '3709383'
LogTaskGraph: Started task graph with 5 named threads and 8 total threads with 3 sets of task threads.
LogStats: Stats thread started at 4.397469
LogD3D11RHI: Aftermath initialized
LogModuleManager: Display: Found up-to-date module file ../../../Engine/Plugins/2D/Paper2D/Binaries/Win64/UE4Editor-Paper2D.dll (API version 3709383).
LogModuleManager: Display: Found up-to-date module file ../../../Engine/Plugins/2D/Paper2D/Binaries/Win64/UE4Editor-Paper2DEditor.dll (API version 3709383).
LogModuleManager: Display: Found up-to-date module file ../../../Engine/Plugins/2D/Paper2D/Binaries/Win64/UE4Editor-PaperSpriteSheetImporter.dll (API version 3709383).
LogModuleManager: Display: Found up-to-date module file ../../../Engine/Plugins/2D/Paper2D/Binaries/Win64/UE4Editor-PaperTiledImporter.dll (API version 3709383).
LogModuleManager: Display: Found up-to-date module file ../../../Engine/Plugins/2D/Paper2D/Binaries/Win64/UE4Editor-SmartSnapping.dll (API version 3709383).
LogModuleManager: Display: Found up-to-date module file ../../../Engine/Plugins/Blendables/LightPropagationVolume/Binaries/Win64/UE4Editor-LightPropagationVolumeRuntime.dll (API version 3709383).
LogModuleManager: Display: Found up-to-date module file ../../../Engine/Plugins/Blendables/LightPropagationVolume/Binaries/Win64/UE4Editor-LightPropagationVolumeEditor.dll (API version 3709383).
LogModuleManager: Display: Found up-to-date module file ../../../Engine/Plugins/Developer/GitSourceControl/Binaries/Win64/UE4Editor-GitSourceControl.dll (API version 3709383).
LogModuleManager: Display: Found up-to-date module file ../../../Engine/Plugins/Developer/PerforceSourceControl/Binaries/Win64/UE4Editor-PerforceSourceControl.dll (API version 3709383).
LogModuleManager: Display: Found up-to-date module file ../../../Engine/Plugins/Developer/SubversionSourceControl/Binaries/Win64/UE4Editor-SubversionSourceControl.dll (API version 3709383).
LogModuleManager: Display: Found up-to-date module file ../../../Engine/Plugins/Developer/UObjectPlugin/Binaries/Win64/UE4Editor-UObjectPlugin.dll (API version 3709383).
LogModuleManager: Display: Found up-to-date module file ../../../Engine/Plugins/Developer/VisualStudioCodeSourceCodeAccess/Binaries/Win64/UE4Editor-VisualStudioCodeSourceCodeAccess.dll (API version 3709383).
LogModuleManager: Display: Found up-to-date module file ../../../Engine/Plugins/Developer/VisualStudioSourceCodeAccess/Binaries/Win64/UE4Editor-VisualStudioSourceCodeAccess.dll (API version 3709383).
LogModuleManager: Display: Found up-to-date module file ../../../Engine/Plugins/Editor/AssetManagerEditor/Binaries/Win64/UE4Editor-AssetManagerEditor.dll (API version 3709383).
LogModuleManager: Display: Found up-to-date module file ../../../Engine/Plugins/Editor/AudioCapture/Binaries/Win64/UE4Editor-AudioCapture.dll (API version 3709383).
LogModuleManager: Display: Found up-to-date module file ../../../Engine/Plugins/Editor/FacialAnimation/Binaries/Win64/UE4Editor-FacialAnimation.dll (API version 3709383).
LogModuleManager: Display: Found up-to-date module file ../../../Engine/Plugins/Editor/FacialAnimation/Binaries/Win64/UE4Editor-FacialAnimationEditor.dll (API version 3709383).
LogModuleManager: Display: Found up-to-date module file ../../../Engine/Plugins/Editor/GameplayTagsEditor/Binaries/Win64/UE4Editor-GameplayTagsEditor.dll (API version 3709383).
LogModuleManager: Display: Found up-to-date module file ../../../Engine/Plugins/Editor/MobileLauncherProfileWizard/Binaries/Win64/UE4Editor-MobileLauncherProfileWizard.dll (API version 3709383).
LogModuleManager: Display: Found up-to-date module file ../../../Engine/Plugins/Editor/PluginBrowser/Binaries/Win64/UE4Editor-PluginBrowser.dll (API version 3709383).
LogModuleManager: Display: Found up-to-date module file ../../../Engine/Plugins/Editor/SpeedTreeImporter/Binaries/Win64/UE4Editor-SpeedTreeImporter.dll (API version 3709383).
LogModuleManager: Display: Found up-to-date module file ../../../Engine/Plugins/Experimental/AlembicImporter/Binaries/Win64/UE4Editor-AlembicImporter.dll (API version 3709383).
LogModuleManager: Display: Found up-to-date module file ../../../Engine/Plugins/Experimental/AlembicImporter/Binaries/Win64/UE4Editor-AlembicLibrary.dll (API version 3709383).
LogModuleManager: Display: Found up-to-date module file ../../../Engine/Plugins/Experimental/CharacterAI/Binaries/Win64/UE4Editor-CharacterAI.dll (API version 3709383).
LogModuleManager: Display: Found up-to-date module file ../../../Engine/Plugins/Experimental/HTML5Networking/Binaries/Win64/UE4Editor-HTML5Networking.dll (API version 3709383).
LogModuleManager: Display: Found up-to-date module file ../../../Engine/Plugins/Media/AndroidMedia/Binaries/Win64/UE4Editor-AndroidMediaEditor.dll (API version 3709383).
LogModuleManager: Display: Found up-to-date module file ../../../Engine/Plugins/Media/AndroidMedia/Binaries/Win64/UE4Editor-AndroidMediaFactory.dll (API version 3709383).
LogModuleManager: Display: Found up-to-date module file ../../../Engine/Plugins/Media/AvfMedia/Binaries/Win64/UE4Editor-AvfMediaEditor.dll (API version 3709383).
LogModuleManager: Display: Found up-to-date module file ../../../Engine/Plugins/Media/AvfMedia/Binaries/Win64/UE4Editor-AvfMediaFactory.dll (API version 3709383).
LogModuleManager: Display: Found up-to-date module file ../../../Engine/Plugins/Media/AvfMedia/Binaries/Win64/UE4Editor-AvfMediaFactory.dll (API version 3709383).
LogModuleManager: Display: Found up-to-date module file ../../../Engine/Plugins/Media/ImgMedia/Binaries/Win64/UE4Editor-ImgMedia.dll (API version 3709383).
LogModuleManager: Display: Found up-to-date module file ../../../Engine/Plugins/Media/ImgMedia/Binaries/Win64/UE4Editor-ImgMediaEditor.dll (API version 3709383).
LogModuleManager: Display: Found up-to-date module file ../../../Engine/Plugins/Media/ImgMedia/Binaries/Win64/UE4Editor-ImgMediaFactory.dll (API version 3709383).
LogModuleManager: Display: Found up-to-date module file ../../../Engine/Plugins/Media/ImgMedia/Binaries/Win64/UE4Editor-ImgMediaFactory.dll (API version 3709383).
LogModuleManager: Display: Found up-to-date module file ../../../Engine/Plugins/Media/ImgMedia/Binaries/Win64/UE4Editor-OpenExrWrapper.dll (API version 3709383).
LogModuleManager: Display: Found up-to-date module file ../../../Engine/Plugins/Media/MediaCompositing/Binaries/Win64/UE4Editor-MediaCompositing.dll (API version 3709383).
LogModuleManager: Display: Found up-to-date module file ../../../Engine/Plugins/Media/MediaCompositing/Binaries/Win64/UE4Editor-MediaCompositingEditor.dll (API version 3709383).
LogModuleManager: Display: Found up-to-date module file ../../../Engine/Plugins/Media/MediaPlayerEditor/Binaries/Win64/UE4Editor-MediaPlayerEditor.dll (API version 3709383).
LogModuleManager: Display: Found up-to-date module file ../../../Engine/Plugins/Media/WmfMedia/Binaries/Win64/UE4Editor-WmfMedia.dll (API version 3709383).
LogModuleManager: Display: Found up-to-date module file ../../../Engine/Plugins/Media/WmfMedia/Binaries/Win64/UE4Editor-WmfMediaEditor.dll (API version 3709383).
LogModuleManager: Display: Found up-to-date module file ../../../Engine/Plugins/Media/WmfMedia/Binaries/Win64/UE4Editor-WmfMediaFactory.dll (API version 3709383).
LogModuleManager: Display: Found up-to-date module file ../../../Engine/Plugins/Media/WmfMedia/Binaries/Win64/UE4Editor-WmfMediaFactory.dll (API version 3709383).
LogModuleManager: Display: Found up-to-date module file ../../../Engine/Plugins/Messaging/TcpMessaging/Binaries/Win64/UE4Editor-TcpMessaging.dll (API version 3709383).
LogModuleManager: Display: Found up-to-date module file ../../../Engine/Plugins/Messaging/UdpMessaging/Binaries/Win64/UE4Editor-UdpMessaging.dll (API version 3709383).
LogModuleManager: Display: Found up-to-date module file ../../../Engine/Plugins/MovieScene/ActorSequence/Binaries/Win64/UE4Editor-ActorSequence.dll (API version 3709383).
LogModuleManager: Display: Found up-to-date module file ../../../Engine/Plugins/MovieScene/LevelSequenceEditor/Binaries/Win64/UE4Editor-LevelSequenceEditor.dll (API version 3709383).
LogModuleManager: Display: Found up-to-date module file ../../../Engine/Plugins/MovieScene/MatineeToLevelSequence/Binaries/Win64/UE4Editor-MatineeToLevelSequence.dll (API version 3709383).
LogModuleManager: Display: Found up-to-date module file ../../../Engine/Plugins/Online/OnlineSubsystem/Binaries/Win64/UE4Editor-OnlineSubsystem.dll (API version 3709383).
LogModuleManager: Display: Found up-to-date module file ../../../Engine/Plugins/Runtime/AndroidPermission/Binaries/Win64/UE4Editor-AndroidPermission.dll (API version 3709383).
LogModuleManager: Display: Found up-to-date module file ../../../Engine/Plugins/Online/OnlineSubsystemNull/Binaries/Win64/UE4Editor-OnlineSubsystemNull.dll (API version 3709383).
LogModuleManager: Display: Found up-to-date module file ../../../Engine/Plugins/Online/OnlineSubsystemUtils/Binaries/Win64/UE4Editor-OnlineSubsystemUtils.dll (API version 3709383).
LogModuleManager: Display: Found up-to-date module file ../../../Engine/Plugins/Online/OnlineSubsystemUtils/Binaries/Win64/UE4Editor-OnlineBlueprintSupport.dll (API version 3709383).
LogModuleManager: Display: Found up-to-date module file ../../../Engine/Plugins/Runtime/AndroidDeviceProfileSelector/Binaries/Win64/UE4Editor-AndroidDeviceProfileSelector.dll (API version 3709383).
LogModuleManager: Display: Found up-to-date module file ../../../Engine/Plugins/Runtime/AppleARKit/Binaries/Win64/UE4Editor-AppleARKit.dll (API version 3709383).
LogModuleManager: Display: Found up-to-date module file ../../../Engine/Plugins/Runtime/ArchVisCharacter/Binaries/Win64/UE4Editor-ArchVisCharacter.dll (API version 3709383).
LogModuleManager: Display: Found up-to-date module file ../../../Engine/Plugins/Runtime/CableComponent/Binaries/Win64/UE4Editor-CableComponent.dll (API version 3709383).
LogModuleManager: Display: Found up-to-date module file ../../../Engine/Plugins/Runtime/CustomMeshComponent/Binaries/Win64/UE4Editor-CustomMeshComponent.dll (API version 3709383).
LogModuleManager: Display: Found up-to-date module file ../../../Engine/Plugins/Runtime/ExampleDeviceProfileSelector/Binaries/Win64/UE4Editor-ExampleDeviceProfileSelector.dll (API version 3709383).
LogModuleManager: Display: Found up-to-date module file ../../../Engine/Plugins/Runtime/ImmediatePhysics/Binaries/Win64/UE4Editor-ImmediatePhysics.dll (API version 3709383).
LogModuleManager: Display: Found up-to-date module file ../../../Engine/Plugins/Runtime/ImmediatePhysics/Binaries/Win64/UE4Editor-ImmediatePhysicsEditor.dll (API version 3709383).
LogModuleManager: Display: Found up-to-date module file ../../../Engine/Plugins/Runtime/LocationServicesBPLibrary/Binaries/Win64/UE4Editor-LocationServicesBPLibrary.dll (API version 3709383).
LogModuleManager: Display: Found up-to-date module file ../../../Engine/Plugins/Runtime/MobilePatchingUtils/Binaries/Win64/UE4Editor-MobilePatchingUtils.dll (API version 3709383).
LogModuleManager: Display: Found up-to-date module file ../../../Engine/Plugins/Runtime/Oculus/OculusVR/Binaries/Win64/UE4Editor-OculusHMD.dll (API version 3709383).
LogModuleManager: Display: Found up-to-date module file ../../../Engine/Plugins/Runtime/Oculus/OculusVR/Binaries/Win64/UE4Editor-OculusInput.dll (API version 3709383).
LogModuleManager: Display: Found up-to-date module file ../../../Engine/Plugins/Runtime/Oculus/OculusVR/Binaries/Win64/UE4Editor-OculusEditor.dll (API version 3709383).
LogModuleManager: Display: Found up-to-date module file ../../../Engine/Plugins/Runtime/PhysXVehicles/Binaries/Win64/UE4Editor-PhysXVehicles.dll (API version 3709383).
LogModuleManager: Display: Found up-to-date module file ../../../Engine/Plugins/Runtime/PhysXVehicles/Binaries/Win64/UE4Editor-PhysXVehiclesEditor.dll (API version 3709383).
LogModuleManager: Display: Found up-to-date module file ../../../Engine/Plugins/Runtime/ProceduralMeshComponent/Binaries/Win64/UE4Editor-ProceduralMeshComponent.dll (API version 3709383).
LogModuleManager: Display: Found up-to-date module file ../../../Engine/Plugins/Runtime/ProceduralMeshComponent/Binaries/Win64/UE4Editor-ProceduralMeshComponentEditor.dll (API version 3709383).
LogModuleManager: Display: Found up-to-date module file ../../../Engine/Plugins/Runtime/RuntimePhysXCooking/Binaries/Win64/UE4Editor-RuntimePhysXCooking.dll (API version 3709383).
LogModuleManager: Display: Found up-to-date module file ../../../Engine/Plugins/Runtime/Steam/SteamVR/Binaries/Win64/UE4Editor-SteamVR.dll (API version 3709383).
LogModuleManager: Display: Found up-to-date module file ../../../Engine/Plugins/Runtime/Steam/SteamVR/Binaries/Win64/UE4Editor-SteamVRController.dll (API version 3709383).
LogModuleManager: Display: Found up-to-date module file ../../../Engine/Plugins/Runtime/WindowsMoviePlayer/Binaries/Win64/UE4Editor-WindowsMoviePlayer.dll (API version 3709383).
LogPluginManager: Mounting plugin Paper2D
LogPluginManager: Mounting plugin LightPropagationVolume
LogPluginManager: Mounting plugin CodeLiteSourceCodeAccess
LogPluginManager: Mounting plugin GitSourceControl
LogPluginManager: Mounting plugin KDevelopSourceCodeAccess
LogPluginManager: Mounting plugin NullSourceCodeAccess
LogPluginManager: Mounting plugin PerforceSourceControl
LogPluginManager: Mounting plugin SubversionSourceControl
LogPluginManager: Mounting plugin UObjectPlugin
LogPluginManager: Mounting plugin VisualStudioCodeSourceCodeAccess
LogPluginManager: Mounting plugin VisualStudioSourceCodeAccess
LogPluginManager: Mounting plugin XCodeSourceCodeAccess
LogPluginManager: Mounting plugin AssetManagerEditor
LogPluginManager: Mounting plugin AudioCapture
LogPluginManager: Mounting plugin FacialAnimation
LogPluginManager: Mounting plugin GameplayTagsEditor
LogPluginManager: Mounting plugin MobileLauncherProfileWizard
LogPluginManager: Mounting plugin PluginBrowser
LogPluginManager: Mounting plugin SpeedTreeImporter
LogPluginManager: Mounting plugin AlembicImporter
LogPluginManager: Mounting plugin CharacterAI
LogPluginManager: Mounting plugin HTML5Networking
LogPluginManager: Mounting plugin AndroidMedia
LogPluginManager: Mounting plugin AvfMedia
LogPluginManager: Mounting plugin ImgMedia
LogPluginManager: Mounting plugin MediaCompositing
LogPluginManager: Mounting plugin MediaPlayerEditor
LogPluginManager: Mounting plugin WmfMedia
LogPluginManager: Mounting plugin TcpMessaging
LogPluginManager: Mounting plugin UdpMessaging
LogPluginManager: Mounting plugin ActorSequence
LogPluginManager: Mounting plugin LevelSequenceEditor
LogPluginManager: Mounting plugin MatineeToLevelSequence
LogPluginManager: Mounting plugin OnlineSubsystemGooglePlay
LogPluginManager: Mounting plugin OnlineSubsystemIOS
LogPluginManager: Mounting plugin OnlineSubsystem
LogPluginManager: Mounting plugin OnlineSubsystemNull
LogPluginManager: Mounting plugin OnlineSubsystemUtils
LogPluginManager: Mounting plugin AndroidDeviceProfileSelector
LogPluginManager: Mounting plugin AndroidMoviePlayer
LogPluginManager: Mounting plugin AndroidPermission
LogPluginManager: Mounting plugin AppleARKit
LogPluginManager: Mounting plugin AppleMoviePlayer
LogPluginManager: Mounting plugin ArchVisCharacter
LogPluginManager: Mounting plugin CableComponent
LogPluginManager: Mounting plugin CustomMeshComponent
LogPluginManager: Mounting plugin ExampleDeviceProfileSelector
LogPluginManager: Mounting plugin GoogleCloudMessaging
LogPluginManager: Mounting plugin ImmediatePhysics
LogPluginManager: Mounting plugin IOSDeviceProfileSelector
LogPluginManager: Mounting plugin LinuxDeviceProfileSelector
LogPluginManager: Mounting plugin LocationServicesBPLibrary
LogPluginManager: Mounting plugin MobilePatchingUtils
LogPluginManager: Mounting plugin OculusVR
LogPluginManager: Plugin shader directory ../../../Engine/Plugins/Runtime/Oculus/OculusVR/Shaders found
LogPluginManager: Mapping shader source directory ../../../Engine/Plugins/Runtime/Oculus/OculusVR/Shaders to virtual directory /Plugin/OculusVR
LogPluginManager: Mounting plugin PhysXVehicles
LogPluginManager: Mounting plugin ProceduralMeshComponent
LogPluginManager: Mounting plugin RuntimePhysXCooking
LogPluginManager: Mounting plugin SteamVR
LogPluginManager: Mounting plugin WindowsMoviePlayer
LogInit: Using libcurl 7.47.1
LogInit:  - built for x86_64-pc-win32
LogInit:  - supports SSL with OpenSSL/1.0.2g
LogInit:  - supports HTTP deflate (compression) using libz 1.2.8
LogInit:  - other features:
LogInit:      CURL_VERSION_SSL
LogInit:      CURL_VERSION_LIBZ
LogInit:      CURL_VERSION_IPV6
LogInit:      CURL_VERSION_ASYNCHDNS
LogInit:      CURL_VERSION_LARGEFILE
LogInit:      CURL_VERSION_IDN
LogInit:  CurlRequestOptions (configurable via config and command line):
LogInit:  - bVerifyPeer = false  - Libcurl will NOT verify peer certificate
LogInit:  - bUseHttpProxy = false  - Libcurl will NOT use HTTP proxy
LogInit:  - bDontReuseConnections = false  - Libcurl will reuse connections
LogInit:  - CertBundlePath = nullptr  - Libcurl will use whatever was configured at build time.
LogInit: Build: ++UE4+Release-4.18-CL-3832480
LogInit: Engine Version: 4.18.3-3832480+++UE4+Release-4.18
LogInit: Compatible Engine Version: 4.18.0-3709383+++UE4+Release-4.18
LogInit: Net CL: 3709383
LogDevObjectVersion: Number of dev versions registered: 16
LogDevObjectVersion:   Dev-Blueprints (B0D832E4-1F89-4F0D-ACCF-7EB736FD4AA2): 10
LogDevObjectVersion:   Dev-Build (E1C64328-A22C-4D53-A36C-8E866417BD8C): 0
LogDevObjectVersion:   Dev-Core (375EC13C-06E4-48FB-B500-84F0262A717E): 2
LogDevObjectVersion:   Dev-Editor (E4B068ED-F494-42E9-A231-DA0B2E46BB41): 20
LogDevObjectVersion:   Dev-Framework (CFFC743F-43B0-4480-9391-14DF171D2073): 30
LogDevObjectVersion:   Dev-Mobile (B02B49B5-BB20-44E9-A304-32B752E40360): 0
LogDevObjectVersion:   Dev-Networking (A4E4105C-59A1-49B5-A7C5-40C4547EDFEE): 0
LogDevObjectVersion:   Dev-Online (39C831C9-5AE6-47DC-9A44-9C173E1C8E7C): 0
LogDevObjectVersion:   Dev-Physics (78F01B33-EBEA-4F98-B9B4-84EACCB95AA2): 0
LogDevObjectVersion:   Dev-Platform (6631380F-2D4D-43E0-8009-CF276956A95A): 0
LogDevObjectVersion:   Dev-Rendering (12F88B9F-8875-4AFC-A67C-D90C383ABD29): 20
LogDevObjectVersion:   Dev-Sequencer (7B5AE74C-D270-4C10-A958-57980B212A5A): 4
LogDevObjectVersion:   Dev-VR (D7296918-1DD6-4BDD-9DE2-64A83CC13884): 0
LogDevObjectVersion:   Dev-LoadTimes (C2A15278-BFE7-4AFE-6C17-90FF531DF755): 1
LogDevObjectVersion:   Private-Geometry (6EACA3D4-40EC-4CC1-B786-8BED09428FC5): 1
LogDevObjectVersion:   Dev-AnimPhys (29E575DD-E0A3-4627-9D10-D276232CDCEA): 12
LogInit: Compiled (64-bit): Jan 12 2018 02:04:55
LogInit: Compiled with Visual C++: 19.00.24215.01
LogInit: Build Configuration: Development
LogInit: Branch Name: ++UE4+Release-4.18
LogInit: Command line:  
LogInit: Base directory: E:/GameDev/Unreal/Engine/UE_4.18/Engine/Binaries/Win64/
LogInit: Installed Engine Build: 1
LogInit: Presizing for max 8388607 objects, including 0 objects not considered by GC, pre-allocating 0 bytes for permanent pool.
LogInit: Object subsystem initialized
[2020.11.25-18.48.32:171][  0]LogInit: Selected Device Profile: [Windows]
[2020.11.25-18.48.32:171][  0]LogInit: Applying CVar settings loaded from the selected device profile: [Windows]
[2020.11.25-18.48.32:415][  0]LogInit: Computer: ISHRAQ-PC
[2020.11.25-18.48.32:415][  0]LogInit: User: farha
[2020.11.25-18.48.32:415][  0]LogInit: CPU Page size=4096, Cores=2
[2020.11.25-18.48.32:415][  0]LogInit: High frequency timer resolution =10.000000 MHz
[2020.11.25-18.48.32:432][  0]LogMemory: Memory total: Physical=3.9GB (4GB approx)
[2020.11.25-18.48.32:432][  0]LogMemory: Platform Memory Stats for Windows
[2020.11.25-18.48.32:432][  0]LogMemory: Process Physical Memory: 276.31 MB used, 276.31 MB peak
[2020.11.25-18.48.32:432][  0]LogMemory: Process Virtual Memory: 271.60 MB used, 271.60 MB peak
[2020.11.25-18.48.32:433][  0]LogMemory: Physical Memory: 3278.80 MB used,  698.21 MB free, 3977.01 MB total
[2020.11.25-18.48.32:433][  0]LogMemory: Virtual Memory: 4762.27 MB used,  698.21 MB free, 134217728.00 MB total
[2020.11.25-18.48.34:517][  0]LogInit: Using OS detected language (en-US).
[2020.11.25-18.48.34:517][  0]LogInit: Using OS detected locale (en-US).
[2020.11.25-18.48.34:671][  0]LogTextLocalizationManager: No specific localization for 'en-US' exists, so the 'en' localization will be used.
[2020.11.25-18.48.35:712][  0]LogInit: Setting process to per monitor DPI aware
[2020.11.25-18.48.41:016][  0]LogD3D11RHI: D3D11 adapters:
[2020.11.25-18.48.41:126][  0]LogD3D11RHI:    0. 'Intel(R) HD Graphics 3000' (Feature Level 10_0)
[2020.11.25-18.48.41:126][  0]LogD3D11RHI:       32/0/1632 MB DedicatedVideo/DedicatedSystem/SharedSystem, Outputs:1, VendorId:0x8086
[2020.11.25-18.48.41:383][  0]LogD3D11RHI:    1. 'Microsoft Basic Render Driver' (Feature Level 11_0)
[2020.11.25-18.48.41:384][  0]LogD3D11RHI:       0/0/1988 MB DedicatedVideo/DedicatedSystem/SharedSystem, Outputs:0, VendorId:0x1414
[2020.11.25-18.48.41:384][  0]LogD3D11RHI: Chosen D3D11 Adapter: 0
[2020.11.25-18.48.41:564][  0]LogD3D11RHI: Creating new Direct3DDevice
[2020.11.25-18.48.41:565][  0]LogD3D11RHI:     GPU DeviceId: 0x126 (for the marketing name, search the web for "GPU Device Id")
[2020.11.25-18.48.41:565][  0]LogWindows: EnumDisplayDevices:
[2020.11.25-18.48.41:565][  0]LogWindows:    0. 'Intel(R) HD Graphics 3000' (P:1 D:1)
[2020.11.25-18.48.41:591][  0]LogWindows:    1. 'Intel(R) HD Graphics 3000' (P:0 D:0)
[2020.11.25-18.48.41:592][  0]LogWindows: DebugString: GetVideoDriverDetailsInvalid PrimaryIsNotTheChoosenAdapter GetVideoDriverDetailsInvalid PrimaryIsNotTheChoosenAdapter FoundDriverCount:0 
[2020.11.25-18.48.41:592][  0]LogD3D11RHI:     Adapter Name: Intel(R) HD Graphics 3000
[2020.11.25-18.48.41:592][  0]LogD3D11RHI:   Driver Version: Unknown (internal:Unknown, unified:Unknown)
[2020.11.25-18.48.41:592][  0]LogD3D11RHI:      Driver Date: Unknown
[2020.11.25-18.48.41:592][  0]LogRHI: Texture pool is 593 MB (70% of 848 MB)
[2020.11.25-18.48.41:622][  0]LogD3D11RHI: Async texture creation enabled
[2020.11.25-18.48.42:570][  0]LogD3D11RHI: GPU Timing Frequency: 12.500000 (Debug: 2 1)
[2020.11.25-18.48.42:813][  0]LogShaderCompilers: Guid format shader working directory is -2 characters bigger than the processId version (../../../../../Projects/Client_Projects/Inv_Farm/Intermediate/Shaders/WorkingDirectory/4612/).
[2020.11.25-18.48.42:814][  0]LogShaderCompilers: Cleaned the shader compiler working directory 'C:/Users/farha/AppData/Local/Temp/UnrealShaderWorkingDir/77EC568542B455EAC8B45099DEBFEB9E/'.
[2020.11.25-18.48.42:835][  0]LogShaderCompilers: Display: Using Local Shader Compiler.
[2020.11.25-18.48.54:744][  0]LogTemp: Display: Loaded TP AllDesktopTargetPlatform
[2020.11.25-18.48.54:874][  0]LogTemp: Display: Loaded TP MacClientTargetPlatform
[2020.11.25-18.48.54:969][  0]LogTemp: Display: Loaded TP MacNoEditorTargetPlatform
[2020.11.25-18.48.55:112][  0]LogTemp: Display: Loaded TP MacServerTargetPlatform
[2020.11.25-18.48.55:248][  0]LogTemp: Display: Loaded TP MacTargetPlatform
[2020.11.25-18.48.55:473][  0]LogTemp: Display: Loaded TP WindowsClientTargetPlatform
[2020.11.25-18.48.55:551][  0]LogTemp: Display: Loaded TP WindowsNoEditorTargetPlatform
[2020.11.25-18.48.55:624][  0]LogTemp: Display: Loaded TP WindowsServerTargetPlatform
[2020.11.25-18.48.55:731][  0]LogTemp: Display: Loaded TP WindowsTargetPlatform
[2020.11.25-18.48.55:841][  0]LogTemp: Display: Loaded TP Android_ASTCTargetPlatform
[2020.11.25-18.48.55:956][  0]LogTemp: Display: Loaded TP Android_ATCTargetPlatform
[2020.11.25-18.48.56:051][  0]LogTemp: Display: Loaded TP Android_DXTTargetPlatform
[2020.11.25-18.48.56:129][  0]LogTemp: Display: Loaded TP Android_ETC1TargetPlatform
[2020.11.25-18.48.56:229][  0]LogTemp: Display: Loaded TP Android_ETC2TargetPlatform
[2020.11.25-18.48.56:435][  0]LogTemp: Display: Loaded TP Android_MultiTargetPlatform
[2020.11.25-18.48.56:435][  0]LogTemp: Display: Loaded TP Android_PVRTCTargetPlatform
[2020.11.25-18.48.56:752][  0]LogTemp: Display: Loaded TP AndroidTargetPlatform
[2020.11.25-18.48.56:906][  0]LogTemp: Display: Loaded TP HTML5TargetPlatform
[2020.11.25-18.48.57:221][  0]LogTemp: Display: Loaded TP IOSTargetPlatform
[2020.11.25-18.48.57:303][  0]LogTemp: Display: Loaded TP TVOSTargetPlatform
[2020.11.25-18.48.57:448][  0]LogTemp: Display: Loaded TP LinuxClientTargetPlatform
[2020.11.25-18.48.57:661][  0]LogTemp: Display: Loaded TP LinuxNoEditorTargetPlatform
[2020.11.25-18.48.57:791][  0]LogTemp: Display: Loaded TP LinuxServerTargetPlatform
[2020.11.25-18.48.57:909][  0]LogTemp: Display: Loaded TP LinuxTargetPlatform
[2020.11.25-18.48.57:909][  0]LogTargetPlatformManager: Display: Building Assets For Windows
[2020.11.25-18.49.01:708][  0]LogDerivedDataCache: Display: Max Cache Size: 512 MB
[2020.11.25-18.49.04:037][  0]LogDerivedDataCache: Loaded boot cache 2.29s 75MB C:/Users/farha/AppData/Local/UnrealEngine/4.18/DerivedDataCache/Boot.ddc.
[2020.11.25-18.49.04:037][  0]LogDerivedDataCache: Display: Loaded Boot cache: C:/Users/farha/AppData/Local/UnrealEngine/4.18/DerivedDataCache/Boot.ddc
[2020.11.25-18.49.04:038][  0]LogDerivedDataCache: FDerivedDataBackendGraph:  Pak pak cache file ../../../../../Projects/Client_Projects/Inv_Farm/DerivedDataCache/DDC.ddp not found, will not use a pak cache.
[2020.11.25-18.49.04:038][  0]LogDerivedDataCache: Unable to find inner node Pak for hierarchical cache Hierarchy.
[2020.11.25-18.49.04:038][  0]LogDerivedDataCache: FDerivedDataBackendGraph:  CompressedPak pak cache file ../../../../../Projects/Client_Projects/Inv_Farm/DerivedDataCache/Compressed.ddp not found, will not use a pak cache.
[2020.11.25-18.49.04:038][  0]LogDerivedDataCache: Unable to find inner node CompressedPak for hierarchical cache Hierarchy.
[2020.11.25-18.49.04:175][  0]LogDerivedDataCache: Display: Pak cache opened for reading ../../../Engine/DerivedDataCache/Compressed.ddp.
[2020.11.25-18.49.04:219][  0]LogDerivedDataCache: Using Local data cache path C:/Users/farha/AppData/Local/UnrealEngine/Common/DerivedDataCache: Writable
[2020.11.25-18.49.04:384][  0]LogMaterial: Verifying Global Shaders for PCD3D_SM4
[2020.11.25-18.49.04:492][  0]LogSlate: Using Freetype 2.6.0
[2020.11.25-18.49.04:696][  0]LogSlate: SlateFontCache - WITH_FREETYPE: 1, WITH_HARFBUZZ: 1
[2020.11.25-18.49.04:704][  0]LogSlate: SlateFontCache - WITH_FREETYPE: 1, WITH_HARFBUZZ: 1
[2020.11.25-18.49.19:296][  0]LogInit: Selected Device Profile: [Windows]
[2020.11.25-18.49.27:553][  0]LogSimplygon: Simplygon DLL not present - disabling.
[2020.11.25-18.49.27:839][  0]LogMeshReduction: Using SimplygonSwarm for distributed automatic mesh merging
[2020.11.25-18.49.27:840][  0]LogMeshReduction: Using QuadricMeshReduction for automatic static mesh reduction
[2020.11.25-18.49.27:840][  0]LogMeshReduction: No automatic skeletal mesh reduction module available
[2020.11.25-18.49.27:840][  0]LogMeshReduction: No automatic mesh merging module available
[2020.11.25-18.49.27:840][  0]LogMeshMerging: No automatic mesh merging module available
[2020.11.25-18.49.29:071][  0]LogNetVersion: Inv_Farm , NetCL: 3709383, EngineNetVer: 2, GameNetVer: 0 (Checksum: 4224015312)
[2020.11.25-18.49.31:971][  0]LogAssetRegistry: FAssetRegistry took 0.0739 seconds to start up
[2020.11.25-18.49.41:919][  0]LogPackageLocalizationCache: Processed 7 localized package path(s) for 2 prioritized culture(s) in 0.520343 seconds
[2020.11.25-18.49.41:996][  0]LogUObjectArray: 35870 objects as part of root set at end of initial load.
[2020.11.25-18.49.41:997][  0]LogUObjectAllocator: 7363696 out of 0 bytes used by permanent object pool.
[2020.11.25-18.49.41:997][  0]LogUObjectArray: CloseDisregardForGC: 0/0 objects in disregard for GC pool
[2020.11.25-18.49.42:397][  0]LogInit: WinSock: version 1.1 (2.2), MaxSocks=32767, MaxUdp=65467
[2020.11.25-18.50.07:623][  0]LogTcpMessaging: Initializing TcpMessaging bridge
[2020.11.25-18.50.07:835][  0]LogUdpMessaging: Initializing bridge on interface 0.0.0.0:0 to multicast group 230.0.0.1:6666.
[2020.11.25-18.50.14:416][  0]LogMaterial: Uniform references updated for custom material expression Custom.
[2020.11.25-18.50.17:383][  0]SourceControl: Source control is disabled
[2020.11.25-18.50.17:394][  0]SourceControl: Source control is disabled
[2020.11.25-18.50.17:962][  0]SourceControl: Source control is disabled
[2020.11.25-18.50.18:365][  0]SourceControl: Source control is disabled
[2020.11.25-18.50.25:785][  0]LogAndroidPermission: UAndroidPermissionCallbackProxy::GetInstance
[2020.11.25-18.50.28:516][  0]LogOcInput: OculusInput pre-init called
[2020.11.25-18.50.31:995][  0]LogEngine: Initializing Engine...
[2020.11.25-18.50.32:295][  0]LogHMD: Failed to initialize OpenVR with code 110
[2020.11.25-18.50.34:833][  0]LogStats: UGameplayTagsManager::ConstructGameplayTagTree: Construct from data asset -  0.000 s
[2020.11.25-18.50.34:836][  0]LogStats: UGameplayTagsManager::ConstructGameplayTagTree: GameplayTagTreeChangedEvent.Broadcast -  0.002 s
[2020.11.25-18.50.42:573][  0]LogAIModule: Creating AISystem for world Untitled
[2020.11.25-18.50.43:091][  0]LogInit: XAudio2 using 'Speakers (2- High Definition Audio Device)' : 2 channels at 48 kHz using 16 bits per sample (channel mask 0x3)
[2020.11.25-18.50.43:356][  0]LogInit: FAudioDevice initialized.
[2020.11.25-18.50.45:659][  0]LogDerivedDataCache: Saved boot cache 2.18s 75MB C:/Users/farha/AppData/Local/UnrealEngine/4.18/DerivedDataCache/Boot.ddc.
[2020.11.25-18.50.46:323][  0]LogInit: Texture streaming: Enabled
[2020.11.25-18.50.49:020][  0]LogEngineSessionManager: EngineSessionManager initialized
[2020.11.25-18.50.50:422][  0]LogInit: Transaction tracking system initialized
[2020.11.25-18.50.51:928][  0]BlueprintLog: New page: Editor Load
[2020.11.25-18.50.58:078][  0]LocalizationService: Localization service is disabled
[2020.11.25-18.51.06:105][  0]LogConsoleResponse: Display: 
[2020.11.25-18.51.12:227][  0]LogFileCache: Scanning file cache for directory 'E:/GameDev/Unreal/Projects/Client_Projects/Inv_Farm/Content/' took 0.14s
[2020.11.25-18.51.12:227][  0]LogCook: Display: Max memory allowance for cook 16384mb min free memory 0mb
[2020.11.25-18.51.12:229][  0]LogCook: Display: Mobile HDR setting 1
[2020.11.25-18.51.12:249][  0]LogGameplayTags: Display: UGameplayTagsManager::DoneAddingNativeTags. DelegateIsBound: 0
[2020.11.25-18.51.19:799][  0]SourceControl: Source control is disabled
[2020.11.25-18.51.19:887][  0]Cmd: MAP LOAD FILE="../../../../../Projects/Client_Projects/Inv_Farm/Content/Maps/ThirdPersonExampleMap.umap" TEMPLATE=0 SHOWPROGRESS=1 FEATURELEVEL=2
[2020.11.25-18.51.19:937][  0]LightingResults: New page: Lighting Build
[2020.11.25-18.51.20:660][  0]MapCheck: New page: Map Check
[2020.11.25-18.51.20:661][  0]LightingResults: New page: Lighting Build
[2020.11.25-18.51.30:411][  0]LogAIModule: Creating AISystem for world ThirdPersonExampleMap
[2020.11.25-18.51.32:541][  0]LogEditorServer: Finished looking for orphan Actors (0.000 secs)
[2020.11.25-18.51.33:044][  0]Cmd: MAP CHECKDEP NOCLEARLOG
[2020.11.25-18.51.33:414][  0]MapCheck: Map check complete: 0 Error(s), 0 Warning(s), took 359.342ms to complete.
[2020.11.25-18.51.33:414][  0]LogFileHelpers: Loading map 'ThirdPersonExampleMap' took 13.562
[2020.11.25-18.51.42:788][  0]LogCollectionManager: Loaded 0 collections in 0.001944 seconds
[2020.11.25-18.51.43:302][  0]LogFileCache: Scanning file cache for directory 'E:/GameDev/Unreal/Projects/Client_Projects/Inv_Farm/Saved/Collections/' took 0.01s
[2020.11.25-18.51.43:302][  0]LogFileCache: Scanning file cache for directory 'E:/GameDev/Unreal/Projects/Client_Projects/Inv_Farm/Content/Developers/farha/Collections/' took 0.01s
[2020.11.25-18.51.43:302][  0]LogFileCache: Scanning file cache for directory 'E:/GameDev/Unreal/Projects/Client_Projects/Inv_Farm/Content/Collections/' took 0.02s
[2020.11.25-18.51.43:302][  0]LogCollectionManager: Rebuilt the GUID cache for 0 collections in 0.000000 seconds
[2020.11.25-18.51.43:683][  0]LogContentBrowser: Native class hierarchy populated in 0.3772 seconds. Added 2364 classes and 521 folders.
[2020.11.25-18.51.44:346][  0]LogContentBrowser: Native class hierarchy updated for 'WidgetCarousel' in 0.0149 seconds. Added 0 classes and 0 folders.
[2020.11.25-18.51.45:942][  0]LogContentBrowser: Native class hierarchy updated for 'AddContentDialog' in 0.0175 seconds. Added 0 classes and 0 folders.
[2020.11.25-18.51.46:954][  0]LogSlate: Took 0.023337 seconds to synchronously load lazily loaded font '../../../Engine/Content/Slate/Fonts/Roboto-Regular.ttf' (155K)
[2020.11.25-18.51.47:169][  0]LogSlate: Took 0.027789 seconds to synchronously load lazily loaded font '../../../Engine/Content/Slate/Fonts/Roboto-Bold.ttf' (160K)
[2020.11.25-18.51.48:938][  0]LogRenderer: Reallocating scene render targets to support 1016x656 Format 9 NumSamples 1 (Frame:1).
[2020.11.25-18.51.56:844][  0]LogContentBrowser: Native class hierarchy updated for 'HierarchicalLODOutliner' in 0.0006 seconds. Added 1 classes and 2 folders.
[2020.11.25-18.51.56:845][  0]LogLoad: (Engine Initialization) Total time: 238.70 seconds
[2020.11.25-18.51.56:845][  0]LogLoad: (Engine Initialization) Total Blueprint compile time: 0.00 seconds
[2020.11.25-18.51.56:900][  0]LogExternalProfiler: No external profilers were discovered.  External profiling features will not be available.
[2020.11.25-18.51.59:083][  0]LogContentStreaming: Texture pool size now 400 MB
[2020.11.25-18.52.05:947][  5]LogAssetRegistry: Asset discovery search completed in 154.0025 seconds
[2020.11.25-18.52.06:139][  5]LogCollectionManager: Rebuilt the object cache for 0 collections in 0.000001 seconds (found 0 objects)
[2020.11.25-18.52.06:140][  5]LogCollectionManager: Fixed up redirectors for 0 collections in 0.008560 seconds (updated 0 objects)
[2020.11.25-18.53.00:859][170]LogHttp: Warning: 000001E6074E4700: request has been successfully processed. URL: https://datarouter.ol.epicgames.com/datarouter/api/v1/public/data?SessionID=%7BB728B388-474E-02F0-0889-E4B77623D278%7D&AppID=UEEditor.Rocket.Release&AppVersion=4.18.3-3832480%2B%2B%2BUE4%2BRelease-4.18&UserID=dab985eb449ee4f1b342389e404cab9f%7C845779d9bd904572b61cf91381b7a44e%7C4e718ad1-99cd-4dc7-9063-d4e2b6f3fd7d&AppEnvironment=datacollector-binary&UploadType=eteventstream, HTTP code: 502, content length: 122, actual payload size: 122
[2020.11.25-18.53.00:859][170]LogHttp: Warning: 000001E6074E4700 Response Header Server: awselb/2.0
[2020.11.25-18.53.00:859][170]LogHttp: Warning: 000001E6074E4700 Response Header Date: Wed, 25 Nov 2020 18:52:59 GMT
[2020.11.25-18.53.00:859][170]LogHttp: Warning: 000001E6074E4700 Response Header Content-Type: text/html
[2020.11.25-18.53.00:859][170]LogHttp: Warning: 000001E6074E4700 Response Header Content-Length: 122
[2020.11.25-18.53.00:859][170]LogHttp: Warning: 000001E6074E4700 Response Header Connection: keep-alive
[2020.11.25-18.56.58:831][883]LogHttp: Warning: 000001E6074E5600: request has been successfully processed. URL: https://datarouter.ol.epicgames.com/datarouter/api/v1/public/data?SessionID=%7BB728B388-474E-02F0-0889-E4B77623D278%7D&AppID=UEEditor.Rocket.Release&AppVersion=4.18.3-3832480%2B%2B%2BUE4%2BRelease-4.18&UserID=dab985eb449ee4f1b342389e404cab9f%7C845779d9bd904572b61cf91381b7a44e%7C4e718ad1-99cd-4dc7-9063-d4e2b6f3fd7d&AppEnvironment=datacollector-binary&UploadType=eteventstream, HTTP code: 502, content length: 122, actual payload size: 122
[2020.11.25-18.56.58:831][883]LogHttp: Warning: 000001E6074E5600 Response Header Server: awselb/2.0
[2020.11.25-18.56.58:831][883]LogHttp: Warning: 000001E6074E5600 Response Header Date: Wed, 25 Nov 2020 18:56:57 GMT
[2020.11.25-18.56.58:831][883]LogHttp: Warning: 000001E6074E5600 Response Header Content-Type: text/html
[2020.11.25-18.56.58:831][883]LogHttp: Warning: 000001E6074E5600 Response Header Content-Length: 122
[2020.11.25-18.56.58:831][883]LogHttp: Warning: 000001E6074E5600 Response Header Connection: keep-alive
[2020.11.25-18.59.00:224][239]LogHttp: Warning: 000001E6074E4700: request has been successfully processed. URL: https://datarouter.ol.epicgames.com/datarouter/api/v1/public/data?SessionID=%7BB728B388-474E-02F0-0889-E4B77623D278%7D&AppID=UEEditor.Rocket.Release&AppVersion=4.18.3-3832480%2B%2B%2BUE4%2BRelease-4.18&UserID=dab985eb449ee4f1b342389e404cab9f%7C845779d9bd904572b61cf91381b7a44e%7C4e718ad1-99cd-4dc7-9063-d4e2b6f3fd7d&AppEnvironment=datacollector-binary&UploadType=eteventstream, HTTP code: 502, content length: 122, actual payload size: 122
[2020.11.25-18.59.00:224][239]LogHttp: Warning: 000001E6074E4700 Response Header Server: awselb/2.0
[2020.11.25-18.59.00:224][239]LogHttp: Warning: 000001E6074E4700 Response Header Date: Wed, 25 Nov 2020 18:58:59 GMT
[2020.11.25-18.59.00:224][239]LogHttp: Warning: 000001E6074E4700 Response Header Content-Type: text/html
[2020.11.25-18.59.00:224][239]LogHttp: Warning: 000001E6074E4700 Response Header Content-Length: 122
[2020.11.25-18.59.00:224][239]LogHttp: Warning: 000001E6074E4700 Response Header Connection: keep-alive
[2020.11.25-18.59.20:542][323]LogSlate: Took 0.656224 seconds to synchronously load lazily loaded font '../../../Engine/Content/Editor/Slate/Fonts/FontAwesome.ttf' (139K)
[2020.11.25-18.59.20:847][323]LogSlate: Took 0.093940 seconds to synchronously load lazily loaded font '../../../Engine/Content/Slate/Fonts/Roboto-Light.ttf' (159K)
[2020.11.25-18.59.50:690][706]LogSlate: Took 0.000296 seconds to synchronously load lazily loaded font '../../../Engine/Content/Slate/Fonts/Roboto-Light.ttf' (159K)
[2020.11.25-18.59.51:034][706]LogFactory: FactoryCreateFile: StaticMesh with FbxFactory (0 0 ../../../../../../GameAssets/ProjectFiles/King Gordie/Farming System/Plants/AppleTree.fbx)
[2020.11.25-18.59.51:346][706]LogFbx: ItemName: GlobalSettings, ItemCount : 1
[2020.11.25-18.59.51:346][706]LogFbx: ItemName: Geometry, ItemCount : 3
[2020.11.25-18.59.51:346][706]LogFbx: ItemName: Model, ItemCount : 1
[2020.11.25-18.59.51:346][706]LogFbx: ItemName: Deformer, ItemCount : 3
[2020.11.25-18.59.51:346][706]LogFbx: ItemName: Material, ItemCount : 3
[2020.11.25-18.59.51:368][706]LogFbx: Loading FBX Scene from ../../../../../../GameAssets/ProjectFiles/King Gordie/Farming System/Plants/AppleTree.fbx
[2020.11.25-18.59.51:767][706]LogFbx: FBX Scene Loaded Succesfully
[2020.11.25-18.59.57:661][706]LogFbx: Loading FBX Scene from ../../../../../../GameAssets/ProjectFiles/King Gordie/Farming System/Plants/AppleTree.fbx
[2020.11.25-18.59.58:014][706]LogFbx: FBX Scene Loaded Succesfully
[2020.11.25-18.59.58:144][706]LogFbx: =================================================
[2020.11.25-18.59.58:144][706]LogFbx: Dumping Node START [SM_apple_tree_02_LOD0] 
[2020.11.25-18.59.58:144][706]LogFbx: 	Total Deformer Count 253863456.
[2020.11.25-18.59.58:144][706]LogFbx: 		[Node 1] SM_apple_tree_02 (Type BlendShape).
[2020.11.25-18.59.58:144][706]LogFbx: =================================================
[2020.11.25-18.59.58:144][706]LogFbx: 	Attribute (SM_apple_tree_02) Type (4).
[2020.11.25-18.59.58:144][706]LogFbx: 		[Node Attribute Child 1] SM_apple_tree_02_LOD0 (Type Mesh).
[2020.11.25-18.59.58:144][706]LogFbx: Dumping Node END [SM_apple_tree_02_LOD0]
[2020.11.25-18.59.58:144][706]LogFbx: =================================================
[2020.11.25-18.59.58:144][706]LogFbx: Dumping Node START [SM_apple_tree_02_LOD0] 
[2020.11.25-18.59.58:144][706]LogFbx: 	Total Deformer Count 253863456.
[2020.11.25-18.59.58:144][706]LogFbx: 		[Node 1] SM_apple_tree_02 (Type BlendShape).
[2020.11.25-18.59.58:145][706]LogFbx: =================================================
[2020.11.25-18.59.58:145][706]LogFbx: 	Attribute (SM_apple_tree_02) Type (4).
[2020.11.25-18.59.58:145][706]LogFbx: 		[Node Attribute Child 1] SM_apple_tree_02_LOD0 (Type Mesh).
[2020.11.25-18.59.58:145][706]LogFbx: Dumping Node END [SM_apple_tree_02_LOD0]
[2020.11.25-18.59.58:167][706]LogFbx: Triangulating skeletal mesh SM_apple_tree_02_LOD0
[2020.11.25-18.59.59:194][706]LogFbx: Warning: Bones digested - 1  Depth of hierarchy - 1
[2020.11.25-18.59.59:983][706]LogSlate: Took 0.016148 seconds to synchronously load lazily loaded font '../../../Engine/Content/Slate/Fonts/Roboto-Regular.ttf' (155K)
[2020.11.25-19.00.00:028][706]LogSkeletalMesh: Section 0: 42768 vertices, 1 active bones
[2020.11.25-19.00.00:029][706]LogSkeletalMesh: Section 1: 9120 vertices, 1 active bones
[2020.11.25-19.00.00:033][706]LogSkeletalMesh: Section 2: 19440 vertices, 1 active bones
[2020.11.25-19.00.00:115][706]LogSkeletalMesh: Section 0: Material=0, 14256 triangles
[2020.11.25-19.00.00:115][706]LogSkeletalMesh: Section 1: Material=1, 3040 triangles
[2020.11.25-19.00.00:115][706]LogSkeletalMesh: Section 2: Material=2, 6480 triangles
[2020.11.25-19.00.00:200][706]LogLinker: Can't find file '/Game/GameContent/plants/AppleTree_Skeleton'
[2020.11.25-19.00.00:211][706]LogLinker: Can't find file '/Game/GameContent/plants/AppleTree_Skeleton'
